Case #1: 1 0
Case #2: 1 0
Case #3: 1 1
Case #4: 0 0
Case #5: 500 499
Case #6: 1 1
Case #7: 1 1
Case #8: 1 1
Case #9: 1 1
Case #10: 1 1
Case #11: 0 0
Case #12: 1 0
Case #13: 0 0
Case #14: 0 0
Case #15: 250 249
Case #16: 249 249
Case #17: 1 0
Case #18: 1 0
Case #19: 0 0
Case #20: 0 0
Case #21: 0 0
Case #22: 0 0
Case #23: 0 0
Case #24: 0 0
Case #25: 1 1
Case #26: 0 0
Case #27: 1 1
Case #28: 0 0
Case #29: 1 0
Case #30: 0 0
Case #31: 0 0
Case #32: 3 2
Case #33: 0 0
Case #34: 1 0
Case #35: 1 0
Case #36: 0 0
Case #37: 1 1
Case #38: 0 0
Case #39: 0 0
Case #40: 1 1
Case #41: 1 1
Case #42: 1 1
Case #43: 1 1
Case #44: 0 0
Case #45: 7 6
Case #46: 1 1
Case #47: 1 0
Case #48: 0 0
Case #49: 0 0
Case #50: 3 2
Case #51: 1 1
Case #52: 1 1
Case #53: 1 1
Case #54: 1 0
Case #55: 3 3
Case #56: 1 0
Case #57: 0 0
Case #58: 1 1
Case #59: 0 0
Case #60: 2 1
Case #61: 1 0
Case #62: 1 1
Case #63: 7 6
Case #64: 250 249
Case #65: 3 3
Case #66: 1 1
Case #67: 125 124
Case #68: 1 1
Case #69: 1 1
Case #70: 1 0
Case #71: 0 0
Case #72: 1 1
Case #73: 1 0
Case #74: 0 0
Case #75: 1 0
Case #76: 1 0
Case #77: 1 0
Case #78: 0 0
Case #79: 0 0
Case #80: 1 0
Case #81: 0 0
Case #82: 3 3
Case #83: 1 0
Case #84: 3 3
Case #85: 3 2
Case #86: 1 1
Case #87: 1 1
Case #88: 1 0
Case #89: 0 0
Case #90: 0 0
Case #91: 3 3
Case #92: 1 1
Case #93: 3 2
Case #94: 1 1
Case #95: 499 499
Case #96: 1 1
Case #97: 2 2
Case #98: 1 1
Case #99: 1 0
Case #100: 1 1
