Case #1: 3 3
x 1 1
+ 1 2
+ 2 2
Case #2: 2 0
Case #3: 5 5
x 1 1
+ 1 2
+ 1 3
+ 3 2
+ 3 3
Case #4: 56 54
+ 1 1
+ 1 2
+ 1 3
+ 1 4
+ 1 5
+ 1 6
+ 1 7
+ 1 8
+ 1 9
+ 1 10
+ 1 11
+ 1 12
+ 1 13
+ 1 14
+ 1 15
+ 1 16
+ 1 17
+ 1 18
+ 1 19
+ 1 20
+ 1 21
+ 1 22
+ 1 23
+ 1 24
+ 1 25
+ 1 26
+ 1 27
+ 1 28
+ 1 29
+ 1 30
+ 1 31
+ 1 32
+ 1 33
+ 1 34
+ 1 35
+ 1 37
+ 20 19
+ 21 19
+ 22 19
+ 23 19
+ 24 19
+ 25 19
+ 26 19
+ 27 19
+ 28 19
+ 29 19
+ 30 19
+ 31 19
+ 32 19
+ 33 19
+ 34 19
+ 35 19
+ 36 19
+ 37 19
Case #5: 127 124
+ 1 1
+ 1 2
+ 1 3
+ 1 4
+ 1 5
+ 1 6
+ 1 8
+ 1 9
+ 1 10
+ 1 11
+ 1 12
+ 1 13
+ 1 14
+ 1 15
+ 1 16
+ 1 17
+ 1 18
+ 1 19
+ 1 20
+ 1 21
+ 1 22
+ 1 23
+ 1 24
+ 1 25
+ 1 27
+ 1 28
+ 1 29
+ 1 30
+ 1 31
+ 1 32
+ 1 33
+ 1 34
+ 1 35
+ 1 36
+ 1 37
+ 1 38
+ 1 39
+ 1 40
+ 1 41
+ 1 42
+ 1 43
+ 1 44
+ 1 45
+ 1 46
+ 1 47
+ 1 48
+ 1 49
+ 1 50
+ 1 51
+ 1 52
+ 1 53
+ 1 54
+ 1 55
+ 1 56
+ 1 57
+ 1 58
+ 1 59
+ 1 60
+ 1 61
+ 1 62
+ 1 63
+ 1 64
+ 1 65
+ 1 66
+ 1 67
+ 1 68
+ 1 69
+ 1 70
+ 1 71
+ 1 73
+ 1 74
+ 1 75
+ 1 76
+ 1 77
+ 1 78
+ 1 79
+ 1 80
+ 1 81
+ 1 82
+ 1 83
x 2 7
x 3 72
+ 14 13
+ 30 55
+ 44 42
+ 45 42
+ 46 42
+ 47 42
+ 48 42
+ 49 42
+ 50 42
+ 51 42
+ 52 42
+ 53 42
+ 54 42
+ 55 42
+ 56 42
+ 57 42
+ 58 42
+ 59 42
+ 60 42
+ 61 42
+ 62 42
+ 63 42
+ 64 42
+ 65 42
+ 66 42
+ 67 42
+ 68 42
+ 69 42
+ 70 42
+ 71 42
+ 72 42
+ 73 42
+ 74 42
+ 75 42
+ 76 42
+ 77 42
+ 78 42
+ 79 42
+ 80 42
+ 81 42
+ 82 42
+ 83 42
Case #6: 153 150
x 1 2
+ 1 3
+ 1 4
+ 1 5
+ 1 6
+ 1 7
+ 1 9
+ 1 10
+ 1 11
+ 1 12
+ 1 13
+ 1 14
+ 1 15
+ 1 16
+ 1 17
+ 1 18
+ 1 19
+ 1 20
+ 1 21
+ 1 22
+ 1 23
+ 1 24
+ 1 25
+ 1 26
+ 1 27
+ 1 28
+ 1 29
+ 1 30
+ 1 31
+ 1 32
+ 1 33
+ 1 34
+ 1 35
+ 1 36
+ 1 37
+ 1 38
+ 1 39
+ 1 40
+ 1 41
+ 1 42
+ 1 43
+ 1 44
+ 1 45
+ 1 46
+ 1 47
+ 1 48
+ 1 49
+ 1 50
+ 1 51
+ 1 52
+ 1 53
+ 1 54
+ 1 55
+ 1 56
+ 1 57
+ 1 58
+ 1 59
+ 1 60
+ 1 61
+ 1 63
+ 1 64
+ 1 65
+ 1 66
+ 1 67
+ 1 68
+ 1 69
+ 1 70
+ 1 71
+ 1 72
+ 1 73
+ 1 74
+ 1 75
+ 1 76
+ 1 77
+ 1 78
+ 1 79
+ 1 80
+ 1 81
+ 1 82
+ 1 83
+ 1 84
+ 1 85
+ 1 86
+ 1 87
+ 1 88
+ 1 89
+ 1 90
+ 1 91
+ 1 92
+ 1 93
+ 1 94
+ 1 95
+ 1 96
+ 1 97
+ 1 98
+ 1 99
+ 1 100
x 2 1
x 3 8
x 4 62
+ 51 52
+ 52 50
+ 53 52
+ 54 50
+ 55 52
+ 56 50
+ 57 52
+ 58 50
+ 59 52
+ 60 50
+ 61 52
+ 62 50
+ 63 52
+ 64 50
+ 65 52
+ 66 50
+ 67 52
+ 68 50
+ 69 52
+ 70 50
+ 71 52
+ 72 50
+ 73 52
+ 74 50
+ 75 52
+ 76 50
+ 77 52
+ 78 50
+ 79 52
+ 80 50
+ 81 52
+ 82 50
+ 83 52
+ 84 50
+ 85 52
+ 86 50
+ 87 52
+ 88 50
+ 89 52
+ 90 50
+ 91 52
+ 92 50
+ 93 52
+ 94 50
+ 95 52
+ 96 50
+ 97 52
+ 98 50
+ 99 52
+ 100 50
Case #7: 250 150
o 1 1
x 2 2
x 3 3
x 4 4
x 5 5
x 6 6
x 7 7
x 8 8
x 9 9
x 10 10
x 11 11
x 12 12
x 13 13
x 14 14
x 15 15
x 16 16
x 17 17
x 18 18
x 19 19
x 20 20
x 21 21
x 22 22
x 23 23
x 24 24
x 25 25
x 26 26
x 27 27
x 28 28
x 29 29
x 30 30
x 31 31
x 32 32
x 33 33
x 34 34
x 35 35
x 36 36
x 37 37
x 38 38
x 39 39
x 40 40
x 41 41
x 42 42
x 43 43
x 44 44
x 45 45
x 46 46
x 47 47
x 48 48
x 49 49
x 50 50
x 51 51
+ 52 50
+ 52 51
x 52 52
x 53 53
+ 54 50
+ 54 51
x 54 54
x 55 55
+ 56 50
+ 56 51
x 56 56
x 57 57
+ 58 50
+ 58 51
x 58 58
x 59 59
+ 60 50
+ 60 51
x 60 60
x 61 61
+ 62 50
+ 62 51
x 62 62
x 63 63
+ 64 50
+ 64 51
x 64 64
x 65 65
+ 66 50
+ 66 51
x 66 66
x 67 67
+ 68 50
+ 68 51
x 68 68
x 69 69
+ 70 50
+ 70 51
x 70 70
x 71 71
+ 72 50
+ 72 51
x 72 72
x 73 73
+ 74 50
+ 74 51
x 74 74
x 75 75
+ 76 50
+ 76 51
x 76 76
x 77 77
+ 78 50
+ 78 51
x 78 78
x 79 79
+ 80 50
+ 80 51
x 80 80
x 81 81
+ 82 50
+ 82 51
x 82 82
x 83 83
+ 84 50
+ 84 51
x 84 84
x 85 85
+ 86 50
+ 86 51
x 86 86
x 87 87
+ 88 50
+ 88 51
x 88 88
x 89 89
+ 90 50
+ 90 51
x 90 90
x 91 91
+ 92 50
+ 92 51
x 92 92
x 93 93
+ 94 50
+ 94 51
x 94 94
x 95 95
+ 96 50
+ 96 51
x 96 96
x 97 97
+ 98 50
+ 98 51
x 98 98
x 99 99
+ 100 50
+ 100 51
x 100 100
Case #8: 151 150
+ 1 1
+ 1 2
+ 1 3
+ 1 4
+ 1 5
+ 1 6
+ 1 7
+ 1 8
+ 1 9
+ 1 10
+ 1 11
+ 1 12
+ 1 13
+ 1 14
+ 1 15
+ 1 16
+ 1 17
+ 1 18
+ 1 19
+ 1 20
+ 1 21
+ 1 22
+ 1 23
+ 1 24
+ 1 25
+ 1 26
+ 1 27
+ 1 28
+ 1 29
+ 1 30
+ 1 31
+ 1 32
+ 1 33
+ 1 34
+ 1 35
+ 1 36
+ 1 37
+ 1 38
+ 1 39
+ 1 40
+ 1 41
+ 1 42
+ 1 43
+ 1 44
+ 1 45
+ 1 46
+ 1 47
+ 1 48
+ 1 50
+ 1 51
+ 1 52
+ 1 53
+ 1 54
+ 1 55
+ 1 56
+ 1 57
+ 1 58
+ 1 59
+ 1 60
+ 1 61
+ 1 62
+ 1 63
+ 1 64
+ 1 65
+ 1 66
+ 1 67
+ 1 68
+ 1 69
+ 1 70
+ 1 71
+ 1 72
+ 1 73
+ 1 74
+ 1 75
+ 1 76
+ 1 77
+ 1 78
+ 1 79
+ 1 80
+ 1 81
+ 1 82
+ 1 83
+ 1 84
+ 1 85
+ 1 86
+ 1 87
+ 1 88
+ 1 89
+ 1 90
+ 1 91
+ 1 92
+ 1 93
+ 1 94
+ 1 95
+ 1 96
+ 1 97
+ 1 98
+ 1 99
+ 1 100
+ 26 24
+ 27 75
+ 52 51
+ 54 50
+ 54 51
+ 56 50
+ 56 51
+ 58 50
+ 58 51
+ 60 50
+ 60 51
+ 62 50
+ 62 51
+ 64 50
+ 64 51
+ 66 50
+ 66 51
+ 68 50
+ 68 51
+ 70 50
+ 70 51
+ 72 50
+ 72 51
+ 74 50
+ 74 51
+ 76 50
+ 76 51
+ 78 50
+ 78 51
+ 80 50
+ 80 51
+ 82 50
+ 82 51
+ 84 50
+ 84 51
+ 86 50
+ 86 51
+ 88 50
+ 88 51
+ 90 50
+ 90 51
+ 92 50
+ 92 51
+ 94 50
+ 94 51
+ 96 50
+ 96 51
+ 98 50
+ 98 51
+ 100 50
+ 100 51
Case #9: 155 150
x 1 2
+ 1 3
+ 1 4
+ 1 6
+ 1 7
+ 1 8
+ 1 9
+ 1 10
+ 1 11
+ 1 12
+ 1 13
+ 1 14
+ 1 15
+ 1 16
+ 1 17
+ 1 18
+ 1 19
+ 1 20
+ 1 21
+ 1 22
+ 1 23
+ 1 24
+ 1 25
+ 1 26
+ 1 28
+ 1 29
+ 1 30
+ 1 31
+ 1 32
+ 1 33
+ 1 34
+ 1 35
+ 1 36
+ 1 37
+ 1 38
+ 1 40
+ 1 41
+ 1 42
+ 1 43
+ 1 44
+ 1 45
+ 1 46
+ 1 47
+ 1 48
+ 1 49
+ 1 50
+ 1 51
+ 1 52
+ 1 53
+ 1 54
+ 1 55
+ 1 56
+ 1 57
+ 1 58
+ 1 59
+ 1 60
+ 1 61
+ 1 62
+ 1 63
+ 1 64
+ 1 65
+ 1 66
+ 1 67
+ 1 68
+ 1 69
+ 1 70
+ 1 71
+ 1 72
+ 1 73
+ 1 74
+ 1 75
+ 1 76
+ 1 77
+ 1 78
+ 1 79
+ 1 80
+ 1 81
+ 1 82
+ 1 83
+ 1 84
+ 1 85
+ 1 87
+ 1 88
+ 1 89
+ 1 90
+ 1 91
+ 1 92
+ 1 93
+ 1 94
+ 1 95
+ 1 96
+ 1 97
+ 1 98
+ 1 99
+ 1 100
x 2 1
x 3 5
x 4 27
x 5 39
x 6 86
+ 51 52
+ 52 50
+ 53 52
+ 54 50
+ 55 52
+ 56 50
+ 57 52
+ 58 50
+ 59 52
+ 60 50
+ 61 52
+ 62 50
+ 63 52
+ 64 50
+ 65 52
+ 66 50
+ 67 52
+ 68 50
+ 69 52
+ 70 50
+ 71 52
+ 72 50
+ 73 52
+ 74 50
+ 75 52
+ 76 50
+ 77 52
+ 78 50
+ 79 52
+ 80 50
+ 81 52
+ 82 50
+ 83 52
+ 84 50
+ 85 52
+ 86 50
+ 87 52
+ 88 50
+ 89 52
+ 90 50
+ 91 52
+ 92 50
+ 93 52
+ 94 50
+ 95 52
+ 96 50
+ 97 52
+ 98 50
+ 99 52
+ 100 50
Case #10: 32 29
+ 1 1
+ 1 2
+ 1 3
+ 1 5
+ 1 7
+ 1 8
+ 1 9
+ 1 10
+ 1 11
+ 1 12
+ 1 13
+ 1 14
+ 1 15
+ 1 16
+ 1 17
+ 1 18
x 2 6
+ 3 2
x 3 6
x 4 19
+ 9 12
+ 12 10
+ 13 10
+ 14 10
+ 15 10
+ 16 10
+ 17 10
+ 18 10
+ 19 10
Case #11: 132 129
+ 1 1
+ 1 2
+ 1 3
+ 1 5
+ 1 6
+ 1 7
+ 1 8
+ 1 9
+ 1 10
+ 1 11
+ 1 12
+ 1 13
+ 1 14
+ 1 15
+ 1 16
+ 1 17
+ 1 18
+ 1 19
+ 1 20
+ 1 21
+ 1 22
+ 1 23
+ 1 24
+ 1 25
+ 1 26
+ 1 27
+ 1 28
+ 1 29
+ 1 30
+ 1 31
+ 1 32
+ 1 33
+ 1 34
+ 1 35
+ 1 36
+ 1 37
+ 1 38
+ 1 39
+ 1 40
+ 1 41
+ 1 42
+ 1 43
+ 1 44
+ 1 45
+ 1 46
+ 1 47
+ 1 48
+ 1 49
+ 1 50
+ 1 51
+ 1 52
+ 1 53
+ 1 55
+ 1 56
+ 1 57
+ 1 58
+ 1 59
+ 1 60
+ 1 61
+ 1 62
+ 1 63
+ 1 64
+ 1 65
+ 1 66
+ 1 67
+ 1 68
+ 1 69
+ 1 70
+ 1 71
+ 1 72
+ 1 73
+ 1 74
+ 1 75
+ 1 76
+ 1 77
+ 1 78
+ 1 79
+ 1 80
+ 1 81
+ 1 82
+ 1 83
+ 1 84
+ 1 85
+ 1 86
+ 1 87
x 2 4
+ 45 44
+ 46 44
+ 47 44
+ 48 44
+ 49 44
+ 50 44
+ 51 44
+ 52 44
+ 53 44
+ 54 44
+ 55 44
+ 56 44
+ 57 44
+ 58 44
+ 59 44
+ 60 44
+ 61 44
+ 62 44
+ 63 44
+ 64 44
+ 65 44
+ 66 44
+ 67 44
+ 68 44
+ 69 44
+ 70 44
+ 71 44
+ 72 44
+ 73 44
+ 74 44
+ 75 44
+ 76 44
+ 77 44
+ 78 44
+ 79 44
+ 80 44
+ 81 44
+ 82 44
+ 83 44
+ 84 44
+ 85 44
+ 86 44
+ 87 44
Case #12: 250 150
o 1 1
x 2 2
x 3 3
x 4 4
x 5 5
x 6 6
x 7 7
x 8 8
x 9 9
x 10 10
x 11 11
x 12 12
x 13 13
x 14 14
x 15 15
x 16 16
x 17 17
x 18 18
x 19 19
x 20 20
x 21 21
x 22 22
x 23 23
x 24 24
x 25 25
x 26 26
x 27 27
x 28 28
x 29 29
x 30 30
x 31 31
x 32 32
x 33 33
x 34 34
x 35 35
x 36 36
x 37 37
x 38 38
x 39 39
x 40 40
x 41 41
x 42 42
x 43 43
x 44 44
x 45 45
x 46 46
x 47 47
x 48 48
x 49 49
x 50 50
x 51 51
+ 52 50
+ 52 51
x 52 52
x 53 53
+ 54 50
+ 54 51
x 54 54
x 55 55
+ 56 50
+ 56 51
x 56 56
x 57 57
+ 58 50
+ 58 51
x 58 58
x 59 59
+ 60 50
+ 60 51
x 60 60
x 61 61
+ 62 50
+ 62 51
x 62 62
x 63 63
+ 64 50
+ 64 51
x 64 64
x 65 65
+ 66 50
+ 66 51
x 66 66
x 67 67
+ 68 50
+ 68 51
x 68 68
x 69 69
+ 70 50
+ 70 51
x 70 70
x 71 71
+ 72 50
+ 72 51
x 72 72
x 73 73
+ 74 50
+ 74 51
x 74 74
x 75 75
+ 76 50
+ 76 51
x 76 76
x 77 77
+ 78 50
+ 78 51
x 78 78
x 79 79
+ 80 50
+ 80 51
x 80 80
x 81 81
+ 82 50
+ 82 51
x 82 82
x 83 83
+ 84 50
+ 84 51
x 84 84
x 85 85
+ 86 50
+ 86 51
x 86 86
x 87 87
+ 88 50
+ 88 51
x 88 88
x 89 89
+ 90 50
+ 90 51
x 90 90
x 91 91
+ 92 50
+ 92 51
x 92 92
x 93 93
+ 94 50
+ 94 51
x 94 94
x 95 95
+ 96 50
+ 96 51
x 96 96
x 97 97
+ 98 50
+ 98 51
x 98 98
x 99 99
+ 100 50
+ 100 51
x 100 100
Case #13: 143 142
+ 1 1
+ 1 2
+ 1 3
+ 1 4
+ 1 5
+ 1 6
+ 1 7
+ 1 8
+ 1 9
+ 1 10
+ 1 11
+ 1 12
+ 1 13
+ 1 14
+ 1 15
+ 1 16
+ 1 17
+ 1 18
+ 1 19
+ 1 20
+ 1 21
+ 1 22
+ 1 23
+ 1 24
+ 1 25
+ 1 26
+ 1 27
+ 1 28
+ 1 29
+ 1 30
+ 1 31
+ 1 32
+ 1 33
+ 1 34
+ 1 35
+ 1 36
+ 1 37
+ 1 38
+ 1 39
+ 1 40
+ 1 41
+ 1 42
+ 1 43
+ 1 44
+ 1 45
+ 1 46
+ 1 47
+ 1 48
+ 1 49
+ 1 50
+ 1 51
+ 1 52
+ 1 53
+ 1 54
+ 1 55
+ 1 56
+ 1 57
+ 1 58
+ 1 59
+ 1 60
+ 1 61
+ 1 62
+ 1 63
+ 1 64
+ 1 65
+ 1 66
+ 1 67
+ 1 68
+ 1 69
+ 1 71
+ 1 72
+ 1 73
+ 1 74
+ 1 75
+ 1 76
+ 1 77
+ 1 78
+ 1 79
+ 1 80
+ 1 81
+ 1 82
+ 1 83
+ 1 84
+ 1 85
+ 1 86
+ 1 87
+ 1 88
+ 1 89
+ 1 90
+ 1 91
+ 1 92
+ 1 93
+ 1 94
+ 1 95
+ 14 83
+ 36 35
+ 50 48
+ 51 48
+ 52 48
+ 53 48
+ 54 48
+ 55 48
+ 56 48
+ 57 48
+ 58 48
+ 59 48
+ 60 48
+ 61 48
+ 62 48
+ 63 48
+ 64 48
+ 65 48
+ 66 48
+ 67 48
+ 68 48
+ 69 48
+ 70 48
+ 71 48
+ 72 48
+ 73 48
+ 74 48
+ 75 48
+ 76 48
+ 77 48
+ 78 48
+ 79 48
+ 80 48
+ 81 48
+ 82 48
+ 83 48
+ 84 48
+ 85 48
+ 86 48
+ 87 48
+ 88 48
+ 89 48
+ 90 48
+ 91 48
+ 92 48
+ 93 48
+ 94 48
+ 95 48
Case #14: 99 98
+ 1 2
+ 1 3
+ 1 4
+ 1 5
+ 1 6
+ 1 7
+ 1 8
+ 1 9
+ 1 10
+ 1 11
+ 1 12
+ 1 13
+ 1 14
+ 1 15
+ 1 16
+ 1 17
+ 1 18
+ 1 19
+ 1 20
+ 1 21
+ 1 22
+ 1 23
+ 1 24
+ 1 25
+ 1 26
+ 1 27
+ 1 28
+ 1 29
+ 1 30
+ 1 31
+ 1 32
+ 1 33
+ 1 34
+ 1 35
+ 1 36
+ 1 37
+ 1 38
+ 1 39
+ 1 40
+ 1 41
+ 1 42
+ 1 43
+ 1 44
+ 1 45
+ 1 46
+ 1 47
+ 1 48
+ 1 49
+ 1 50
+ 1 51
+ 1 52
+ 1 53
+ 1 54
+ 1 55
+ 1 56
+ 1 57
+ 1 58
+ 1 59
+ 1 60
+ 1 61
+ 1 62
+ 1 63
+ 1 64
+ 1 65
+ 1 66
+ 34 34
+ 35 34
+ 36 34
+ 37 34
+ 38 34
+ 39 34
+ 40 34
+ 41 34
+ 42 34
+ 43 34
+ 44 34
+ 45 34
+ 46 34
+ 47 34
+ 48 34
+ 49 34
+ 50 34
+ 51 34
+ 52 34
+ 53 34
+ 54 34
+ 55 34
+ 56 34
+ 57 34
+ 58 34
+ 59 34
+ 60 34
+ 61 34
+ 62 34
+ 63 34
+ 64 34
+ 65 34
+ 66 34
Case #15: 126 124
+ 1 1
+ 1 2
+ 1 3
+ 1 4
+ 1 5
+ 1 6
+ 1 7
+ 1 8
+ 1 9
+ 1 10
+ 1 11
+ 1 12
+ 1 13
+ 1 14
+ 1 15
+ 1 16
+ 1 17
+ 1 19
+ 1 20
+ 1 21
+ 1 22
+ 1 23
+ 1 24
+ 1 25
+ 1 26
+ 1 27
+ 1 28
+ 1 29
+ 1 30
+ 1 31
+ 1 32
+ 1 33
+ 1 34
+ 1 35
+ 1 36
+ 1 37
+ 1 38
+ 1 39
+ 1 40
+ 1 41
+ 1 42
+ 1 43
+ 1 44
+ 1 45
+ 1 46
+ 1 47
+ 1 48
+ 1 49
+ 1 50
+ 1 51
+ 1 52
+ 1 53
+ 1 54
+ 1 55
+ 1 56
+ 1 57
+ 1 58
+ 1 59
+ 1 60
+ 1 61
+ 1 62
+ 1 63
+ 1 64
+ 1 65
+ 1 66
+ 1 67
+ 1 68
+ 1 69
+ 1 70
+ 1 71
+ 1 73
+ 1 74
+ 1 75
+ 1 76
+ 1 77
+ 1 78
+ 1 79
+ 1 80
+ 1 81
+ 1 82
+ 1 83
x 2 18
+ 7 78
+ 37 36
+ 44 42
+ 45 42
+ 46 42
+ 47 42
+ 48 42
+ 49 42
+ 50 42
+ 51 42
+ 52 42
+ 53 42
+ 54 42
+ 55 42
+ 56 42
+ 57 42
+ 58 42
+ 59 42
+ 60 42
+ 61 42
+ 62 42
+ 63 42
+ 64 42
+ 65 42
+ 66 42
+ 67 42
+ 68 42
+ 69 42
+ 70 42
+ 71 42
+ 72 42
+ 73 42
+ 74 42
+ 75 42
+ 76 42
+ 77 42
+ 78 42
+ 79 42
+ 80 42
+ 81 42
+ 82 42
+ 83 42
Case #16: 135 132
+ 1 1
+ 1 2
+ 1 3
+ 1 4
+ 1 5
+ 1 6
+ 1 7
+ 1 8
+ 1 9
+ 1 10
+ 1 11
+ 1 12
+ 1 13
+ 1 14
+ 1 15
+ 1 16
+ 1 17
+ 1 18
+ 1 19
+ 1 20
+ 1 21
+ 1 22
+ 1 23
+ 1 24
+ 1 25
+ 1 26
+ 1 27
+ 1 28
+ 1 29
+ 1 30
+ 1 31
+ 1 32
+ 1 33
+ 1 34
+ 1 35
+ 1 36
+ 1 37
+ 1 38
+ 1 39
+ 1 40
+ 1 41
+ 1 42
+ 1 43
+ 1 44
+ 1 45
+ 1 46
+ 1 47
+ 1 48
+ 1 49
+ 1 50
+ 1 51
+ 1 52
+ 1 53
+ 1 54
+ 1 56
+ 1 57
+ 1 58
+ 1 59
+ 1 60
+ 1 61
+ 1 62
+ 1 63
+ 1 64
+ 1 65
+ 1 66
+ 1 68
+ 1 69
+ 1 70
+ 1 71
+ 1 72
+ 1 73
+ 1 74
+ 1 75
+ 1 76
+ 1 77
+ 1 78
+ 1 79
+ 1 80
+ 1 81
+ 1 82
+ 1 83
+ 1 84
+ 1 85
+ 1 86
+ 1 87
+ 1 88
+ 1 89
x 2 67
+ 46 45
+ 47 45
+ 48 45
+ 49 45
+ 50 45
+ 51 45
+ 52 45
+ 53 45
+ 54 45
+ 55 45
+ 56 45
+ 57 45
+ 58 45
+ 59 45
+ 60 45
+ 61 45
+ 62 45
+ 63 45
+ 64 45
+ 65 45
+ 66 45
+ 67 45
+ 68 45
+ 69 45
+ 70 45
+ 71 45
+ 72 45
+ 73 45
+ 74 45
+ 75 45
+ 76 45
+ 77 45
+ 78 45
+ 79 45
+ 80 45
+ 81 45
+ 82 45
+ 83 45
+ 84 45
+ 85 45
+ 86 45
+ 87 45
+ 88 45
+ 89 45
Case #17: 139 136
+ 1 1
+ 1 2
+ 1 3
+ 1 4
+ 1 5
+ 1 6
+ 1 7
+ 1 8
+ 1 9
+ 1 10
+ 1 11
+ 1 12
+ 1 13
+ 1 14
+ 1 15
+ 1 16
+ 1 17
+ 1 18
+ 1 19
+ 1 20
+ 1 21
+ 1 22
+ 1 23
+ 1 24
+ 1 25
+ 1 26
+ 1 27
+ 1 28
+ 1 29
+ 1 30
+ 1 31
+ 1 32
+ 1 33
+ 1 34
+ 1 35
+ 1 36
+ 1 37
+ 1 39
+ 1 40
+ 1 41
+ 1 42
+ 1 43
+ 1 44
+ 1 45
+ 1 47
+ 1 48
+ 1 49
+ 1 50
+ 1 51
+ 1 52
+ 1 53
+ 1 54
+ 1 55
+ 1 56
+ 1 57
+ 1 58
+ 1 59
+ 1 60
+ 1 61
+ 1 62
+ 1 63
+ 1 64
+ 1 65
+ 1 66
+ 1 68
+ 1 69
+ 1 70
+ 1 71
+ 1 72
+ 1 73
+ 1 74
+ 1 75
+ 1 76
+ 1 77
+ 1 78
+ 1 79
+ 1 80
+ 1 81
+ 1 82
+ 1 83
+ 1 84
+ 1 85
+ 1 86
+ 1 87
+ 1 88
+ 1 89
+ 1 90
+ 1 91
x 2 38
x 3 46
+ 14 80
+ 35 33
+ 47 46
+ 49 46
+ 50 46
+ 51 46
+ 52 46
+ 53 46
+ 54 46
+ 55 46
+ 56 46
+ 57 46
+ 58 46
+ 59 46
+ 60 46
+ 61 46
+ 62 46
+ 63 46
+ 64 46
+ 65 46
+ 66 46
+ 67 46
+ 68 46
+ 69 46
+ 70 46
+ 71 46
+ 72 46
+ 73 46
+ 74 46
+ 75 46
+ 76 46
+ 77 46
+ 78 46
+ 79 46
+ 80 46
+ 81 46
+ 82 46
+ 83 46
+ 84 46
+ 85 46
+ 86 46
+ 87 46
+ 88 46
+ 89 46
+ 90 46
+ 91 46
Case #18: 250 149
x 2 1
x 3 3
x 4 4
x 5 5
x 6 6
x 7 7
x 8 8
x 9 9
x 10 10
x 11 11
x 12 12
x 13 13
x 14 14
x 15 15
x 16 16
x 17 17
x 18 18
x 19 19
x 20 20
x 21 21
x 22 22
x 23 23
x 24 24
x 25 25
x 26 26
x 27 27
x 28 28
x 29 29
x 30 30
x 31 31
x 32 32
x 33 33
x 34 34
x 35 35
x 36 36
x 37 37
x 38 38
x 39 39
x 40 40
x 41 41
x 42 42
x 43 43
x 44 44
x 45 45
x 46 46
x 47 47
x 48 48
x 49 49
x 50 50
x 51 51
+ 52 50
+ 52 51
x 52 52
x 53 53
+ 54 50
+ 54 51
x 54 54
x 55 55
+ 56 50
+ 56 51
x 56 56
x 57 57
+ 58 50
+ 58 51
x 58 58
x 59 59
+ 60 50
+ 60 51
x 60 60
x 61 61
+ 62 50
+ 62 51
x 62 62
x 63 63
+ 64 50
+ 64 51
x 64 64
x 65 65
+ 66 50
+ 66 51
x 66 66
x 67 67
+ 68 50
+ 68 51
x 68 68
x 69 69
+ 70 50
+ 70 51
x 70 70
x 71 71
+ 72 50
+ 72 51
x 72 72
x 73 73
+ 74 50
+ 74 51
x 74 74
x 75 75
+ 76 50
+ 76 51
x 76 76
x 77 77
+ 78 50
+ 78 51
x 78 78
x 79 79
+ 80 50
+ 80 51
x 80 80
x 81 81
+ 82 50
+ 82 51
x 82 82
x 83 83
+ 84 50
+ 84 51
x 84 84
x 85 85
+ 86 50
+ 86 51
x 86 86
x 87 87
+ 88 50
+ 88 51
x 88 88
x 89 89
+ 90 50
+ 90 51
x 90 90
x 91 91
+ 92 50
+ 92 51
x 92 92
x 93 93
+ 94 50
+ 94 51
x 94 94
x 95 95
+ 96 50
+ 96 51
x 96 96
x 97 97
+ 98 50
+ 98 51
x 98 98
x 99 99
+ 100 50
+ 100 51
x 100 100
Case #19: 33 29
+ 1 1
+ 1 2
+ 1 3
+ 1 5
+ 1 6
+ 1 7
+ 1 8
+ 1 9
+ 1 10
+ 1 11
+ 1 13
+ 1 14
+ 1 15
+ 1 16
+ 1 17
+ 1 18
+ 1 20
x 2 4
x 3 19
+ 12 10
+ 12 11
+ 14 10
+ 14 11
+ 16 10
+ 16 11
+ 18 10
+ 18 11
+ 20 10
+ 20 11
Case #20: 249 150
x 1 2
x 2 1
x 3 3
x 4 4
x 5 5
x 6 6
x 7 7
x 8 8
x 9 9
x 10 10
x 11 11
x 12 12
x 13 13
x 14 14
x 15 15
x 16 16
x 17 17
x 18 18
x 19 19
x 20 20
x 21 21
x 22 22
x 23 23
x 24 24
x 25 25
x 26 26
x 27 27
x 28 28
x 29 29
x 30 30
x 31 31
x 32 32
x 33 33
x 34 34
x 35 35
x 36 36
x 37 37
x 38 38
x 39 39
x 40 40
x 41 41
x 42 42
x 43 43
x 44 44
x 45 45
x 46 46
x 47 47
x 48 48
x 49 49
x 50 50
x 51 51
+ 51 52
+ 52 50
x 52 53
+ 53 52
x 53 53
+ 54 50
x 54 54
+ 55 52
x 55 55
+ 56 50
x 56 56
+ 57 52
x 57 57
+ 58 50
x 58 58
+ 59 52
x 59 59
+ 60 50
x 60 60
+ 61 52
x 61 61
+ 62 50
x 62 62
+ 63 52
x 63 63
+ 64 50
x 64 64
+ 65 52
x 65 65
+ 66 50
x 66 66
+ 67 52
x 67 67
+ 68 50
x 68 68
+ 69 52
x 69 69
+ 70 50
x 70 70
+ 71 52
x 71 71
+ 72 50
x 72 72
+ 73 52
x 73 73
+ 74 50
x 74 74
+ 75 52
x 75 75
+ 76 50
x 76 76
+ 77 52
x 77 77
+ 78 50
x 78 78
+ 79 52
x 79 79
+ 80 50
x 80 80
+ 81 52
x 81 81
+ 82 50
x 82 82
+ 83 52
x 83 83
+ 84 50
x 84 84
+ 85 52
x 85 85
+ 86 50
x 86 86
+ 87 52
x 87 87
+ 88 50
x 88 88
+ 89 52
x 89 89
+ 90 50
x 90 90
+ 91 52
x 91 91
+ 92 50
x 92 92
+ 93 52
x 93 93
+ 94 50
x 94 94
+ 95 52
x 95 95
+ 96 50
x 96 96
+ 97 52
x 97 97
+ 98 50
x 98 98
+ 99 52
x 99 99
+ 100 50
x 100 100
Case #21: 131 127
+ 1 1
+ 1 2
+ 1 3
+ 1 4
+ 1 5
+ 1 6
+ 1 7
+ 1 8
+ 1 9
+ 1 10
+ 1 11
+ 1 12
+ 1 13
+ 1 14
+ 1 15
+ 1 16
+ 1 17
+ 1 18
+ 1 19
+ 1 20
+ 1 21
+ 1 22
+ 1 23
+ 1 24
+ 1 25
+ 1 26
+ 1 27
+ 1 28
+ 1 29
+ 1 30
+ 1 31
+ 1 32
+ 1 33
+ 1 34
+ 1 35
+ 1 37
+ 1 38
+ 1 39
+ 1 40
+ 1 41
+ 1 43
+ 1 44
+ 1 45
+ 1 46
+ 1 47
+ 1 48
+ 1 49
+ 1 50
+ 1 51
+ 1 52
+ 1 53
+ 1 54
+ 1 55
+ 1 57
+ 1 58
+ 1 59
+ 1 60
+ 1 61
+ 1 62
+ 1 63
+ 1 64
+ 1 65
+ 1 66
+ 1 67
+ 1 68
+ 1 69
+ 1 70
+ 1 71
+ 1 72
+ 1 73
+ 1 74
+ 1 75
+ 1 76
+ 1 77
+ 1 78
+ 1 79
+ 1 80
+ 1 81
+ 1 82
+ 1 83
+ 1 84
+ 1 85
+ 1 86
x 2 36
x 3 42
+ 45 43
+ 45 44
+ 47 43
+ 47 44
+ 49 43
+ 49 44
+ 51 43
+ 51 44
+ 53 43
+ 53 44
+ 55 43
+ 55 44
+ 57 43
+ 57 44
+ 59 43
+ 59 44
+ 61 43
+ 61 44
+ 63 43
+ 63 44
+ 65 43
+ 65 44
+ 67 43
+ 67 44
+ 69 43
+ 69 44
+ 71 43
+ 71 44
+ 73 43
+ 73 44
+ 75 43
+ 75 44
+ 77 43
+ 77 44
+ 79 43
+ 79 44
+ 81 43
+ 81 44
+ 83 43
+ 83 44
+ 85 43
+ 85 44
Case #22: 81 77
+ 1 1
+ 1 2
+ 1 3
+ 1 4
+ 1 5
+ 1 6
+ 1 7
+ 1 8
+ 1 9
+ 1 10
+ 1 11
+ 1 12
+ 1 13
+ 1 14
+ 1 15
+ 1 16
+ 1 17
+ 1 18
+ 1 19
+ 1 20
+ 1 21
+ 1 22
+ 1 23
+ 1 24
+ 1 25
+ 1 26
+ 1 27
+ 1 29
+ 1 30
+ 1 31
+ 1 32
+ 1 33
+ 1 34
+ 1 35
+ 1 36
+ 1 37
+ 1 38
+ 1 39
+ 1 40
+ 1 42
+ 1 43
+ 1 45
+ 1 46
+ 1 47
+ 1 48
+ 1 49
+ 1 50
+ 1 51
+ 1 52
x 2 28
x 3 44
+ 28 26
+ 28 27
+ 30 26
+ 30 27
+ 32 26
+ 32 27
+ 34 26
+ 34 27
+ 36 26
+ 36 27
+ 38 26
+ 38 27
+ 40 26
+ 40 27
+ 42 26
+ 42 27
+ 44 26
+ 44 27
+ 46 26
+ 46 27
+ 48 26
+ 48 27
+ 50 26
+ 50 27
+ 52 26
+ 52 27
Case #23: 34 30
+ 1 1
+ 1 2
+ 1 3
+ 1 4
+ 1 5
+ 1 6
+ 1 7
+ 1 8
+ 1 10
+ 1 11
+ 1 12
+ 1 14
+ 1 15
+ 1 17
+ 1 18
+ 1 19
+ 1 20
+ 1 21
x 2 9
x 3 13
+ 12 11
+ 13 11
+ 14 11
+ 15 11
+ 16 11
+ 17 11
+ 18 11
+ 19 11
+ 20 11
+ 21 11
Case #24: 250 149
x 2 1
x 3 2
x 4 3
x 5 4
x 6 5
x 7 6
x 8 7
x 9 8
x 10 9
x 11 10
x 12 11
x 13 12
x 14 13
x 15 14
x 16 15
x 17 16
x 18 17
x 19 18
x 20 19
x 21 20
x 22 21
x 23 22
x 24 23
x 25 24
x 26 25
x 27 26
x 28 27
x 29 28
x 30 29
x 31 30
x 32 31
x 33 32
x 34 34
x 35 35
x 36 36
x 37 37
x 38 38
x 39 39
x 40 40
x 41 41
x 42 42
x 43 43
x 44 44
x 45 45
x 46 46
x 47 47
x 48 48
x 49 49
x 50 50
x 51 51
+ 52 50
+ 52 51
x 52 52
x 53 53
+ 54 50
+ 54 51
x 54 54
x 55 55
+ 56 50
+ 56 51
x 56 56
x 57 57
+ 58 50
+ 58 51
x 58 58
x 59 59
+ 60 50
+ 60 51
x 60 60
x 61 61
+ 62 50
+ 62 51
x 62 62
x 63 63
+ 64 50
+ 64 51
x 64 64
x 65 65
+ 66 50
+ 66 51
x 66 66
x 67 67
+ 68 50
+ 68 51
x 68 68
x 69 69
+ 70 50
+ 70 51
x 70 70
x 71 71
+ 72 50
+ 72 51
x 72 72
x 73 73
+ 74 50
+ 74 51
x 74 74
x 75 75
+ 76 50
+ 76 51
x 76 76
x 77 77
+ 78 50
+ 78 51
x 78 78
x 79 79
+ 80 50
+ 80 51
x 80 80
x 81 81
+ 82 50
+ 82 51
x 82 82
x 83 83
+ 84 50
+ 84 51
x 84 84
x 85 85
+ 86 50
+ 86 51
x 86 86
x 87 87
+ 88 50
+ 88 51
x 88 88
x 89 89
+ 90 50
+ 90 51
x 90 90
x 91 91
+ 92 50
+ 92 51
x 92 92
x 93 93
+ 94 50
+ 94 51
x 94 94
x 95 95
+ 96 50
+ 96 51
x 96 96
x 97 97
+ 98 50
+ 98 51
x 98 98
x 99 99
+ 100 50
+ 100 51
x 100 100
Case #25: 155 150
x 1 2
+ 1 3
+ 1 4
+ 1 5
+ 1 7
+ 1 8
+ 1 9
+ 1 10
+ 1 12
+ 1 13
+ 1 14
+ 1 15
+ 1 16
+ 1 17
+ 1 18
+ 1 19
+ 1 20
+ 1 21
+ 1 22
+ 1 23
+ 1 24
+ 1 25
+ 1 26
+ 1 27
+ 1 28
+ 1 29
+ 1 30
+ 1 31
+ 1 32
+ 1 33
+ 1 34
+ 1 35
+ 1 37
+ 1 38
+ 1 39
+ 1 40
+ 1 41
+ 1 42
+ 1 43
+ 1 44
+ 1 45
+ 1 46
+ 1 47
+ 1 48
+ 1 49
+ 1 50
+ 1 51
+ 1 52
+ 1 53
+ 1 54
+ 1 55
+ 1 56
+ 1 57
+ 1 58
+ 1 59
+ 1 60
+ 1 61
+ 1 62
+ 1 63
+ 1 64
+ 1 65
+ 1 66
+ 1 67
+ 1 68
+ 1 69
+ 1 70
+ 1 71
+ 1 72
+ 1 73
+ 1 74
+ 1 75
+ 1 77
+ 1 78
+ 1 79
+ 1 80
+ 1 81
+ 1 82
+ 1 83
+ 1 84
+ 1 85
+ 1 86
+ 1 87
+ 1 88
+ 1 89
+ 1 90
+ 1 91
+ 1 92
+ 1 93
+ 1 94
+ 1 95
+ 1 96
+ 1 97
+ 1 98
+ 1 99
+ 1 100
x 2 1
x 3 6
x 4 11
x 5 36
x 6 76
+ 51 52
+ 52 50
+ 53 52
+ 54 50
+ 55 52
+ 56 50
+ 57 52
+ 58 50
+ 59 52
+ 60 50
+ 61 52
+ 62 50
+ 63 52
+ 64 50
+ 65 52
+ 66 50
+ 67 52
+ 68 50
+ 69 52
+ 70 50
+ 71 52
+ 72 50
+ 73 52
+ 74 50
+ 75 52
+ 76 50
+ 77 52
+ 78 50
+ 79 52
+ 80 50
+ 81 52
+ 82 50
+ 83 52
+ 84 50
+ 85 52
+ 86 50
+ 87 52
+ 88 50
+ 89 52
+ 90 50
+ 91 52
+ 92 50
+ 93 52
+ 94 50
+ 95 52
+ 96 50
+ 97 52
+ 98 50
+ 99 52
+ 100 50
Case #26: 92 90
+ 1 1
+ 1 2
+ 1 3
+ 1 4
+ 1 5
+ 1 6
+ 1 7
+ 1 8
+ 1 9
+ 1 10
+ 1 11
+ 1 12
+ 1 13
+ 1 14
+ 1 15
+ 1 16
+ 1 17
+ 1 18
+ 1 19
+ 1 20
+ 1 21
+ 1 22
+ 1 23
+ 1 25
+ 1 26
+ 1 27
+ 1 28
+ 1 29
+ 1 30
+ 1 31
+ 1 32
+ 1 33
+ 1 34
+ 1 35
+ 1 36
+ 1 37
+ 1 38
+ 1 39
+ 1 40
+ 1 41
+ 1 42
+ 1 43
+ 1 44
+ 1 45
+ 1 46
+ 1 47
+ 1 48
+ 1 49
+ 1 50
+ 1 51
+ 1 52
+ 1 53
+ 1 54
+ 1 55
+ 1 56
+ 1 57
+ 1 58
+ 1 59
+ 1 60
+ 1 61
+ 32 31
+ 33 31
+ 34 31
+ 35 31
+ 36 31
+ 37 31
+ 38 31
+ 39 31
+ 40 31
+ 41 31
+ 42 31
+ 43 31
+ 44 31
+ 45 31
+ 46 31
+ 47 31
+ 48 31
+ 49 31
+ 50 31
+ 51 31
+ 52 31
+ 53 31
+ 54 31
+ 55 31
+ 56 31
+ 57 31
+ 58 31
+ 59 31
+ 60 31
+ 61 31
Case #27: 156 150
x 1 2
+ 1 3
+ 1 4
+ 1 6
+ 1 7
+ 1 8
+ 1 10
+ 1 13
+ 1 14
+ 1 15
+ 1 16
+ 1 17
+ 1 18
+ 1 19
+ 1 20
+ 1 21
+ 1 22
+ 1 23
+ 1 24
+ 1 25
+ 1 26
+ 1 27
+ 1 28
+ 1 29
+ 1 30
+ 1 31
+ 1 32
+ 1 33
+ 1 34
+ 1 36
+ 1 37
+ 1 38
+ 1 39
+ 1 40
+ 1 41
+ 1 42
+ 1 43
+ 1 44
+ 1 45
+ 1 46
+ 1 47
+ 1 48
+ 1 49
+ 1 50
+ 1 51
+ 1 52
+ 1 53
+ 1 54
+ 1 55
+ 1 56
+ 1 57
+ 1 58
+ 1 59
+ 1 60
+ 1 61
+ 1 62
+ 1 63
+ 1 64
+ 1 65
+ 1 66
+ 1 67
+ 1 68
+ 1 69
+ 1 70
+ 1 71
+ 1 72
+ 1 73
+ 1 74
+ 1 75
+ 1 76
+ 1 77
+ 1 78
+ 1 79
+ 1 80
+ 1 81
+ 1 82
+ 1 83
+ 1 84
+ 1 85
+ 1 86
+ 1 87
+ 1 88
+ 1 89
+ 1 90
+ 1 91
+ 1 92
+ 1 93
+ 1 94
+ 1 95
+ 1 96
+ 1 97
+ 1 98
+ 1 99
+ 1 100
x 2 1
x 3 5
x 4 9
x 5 11
x 6 12
x 7 35
+ 51 52
+ 52 50
+ 53 52
+ 54 50
+ 55 52
+ 56 50
+ 57 52
+ 58 50
+ 59 52
+ 60 50
+ 61 52
+ 62 50
+ 63 52
+ 64 50
+ 65 52
+ 66 50
+ 67 52
+ 68 50
+ 69 52
+ 70 50
+ 71 52
+ 72 50
+ 73 52
+ 74 50
+ 75 52
+ 76 50
+ 77 52
+ 78 50
+ 79 52
+ 80 50
+ 81 52
+ 82 50
+ 83 52
+ 84 50
+ 85 52
+ 86 50
+ 87 52
+ 88 50
+ 89 52
+ 90 50
+ 91 52
+ 92 50
+ 93 52
+ 94 50
+ 95 52
+ 96 50
+ 97 52
+ 98 50
+ 99 52
+ 100 50
Case #28: 118 115
+ 1 1
+ 1 2
+ 1 3
+ 1 4
+ 1 5
+ 1 6
+ 1 7
+ 1 8
+ 1 9
+ 1 10
+ 1 11
+ 1 12
+ 1 13
+ 1 14
+ 1 15
+ 1 16
+ 1 17
+ 1 18
+ 1 19
+ 1 20
+ 1 21
+ 1 22
+ 1 23
+ 1 24
+ 1 25
+ 1 26
+ 1 27
+ 1 29
+ 1 30
+ 1 31
+ 1 32
+ 1 33
+ 1 34
+ 1 35
+ 1 36
+ 1 37
+ 1 38
+ 1 39
+ 1 40
+ 1 41
+ 1 42
+ 1 43
+ 1 44
+ 1 45
+ 1 46
+ 1 47
+ 1 48
+ 1 49
+ 1 50
+ 1 51
+ 1 52
+ 1 53
+ 1 54
+ 1 56
+ 1 57
+ 1 58
+ 1 59
+ 1 60
+ 1 61
+ 1 62
+ 1 63
+ 1 64
+ 1 65
+ 1 66
+ 1 67
+ 1 68
+ 1 69
+ 1 70
+ 1 71
+ 1 72
+ 1 73
+ 1 74
+ 1 75
+ 1 76
+ 1 77
+ 1 78
x 2 55
+ 41 39
+ 41 40
+ 43 39
+ 43 40
+ 45 39
+ 45 40
+ 47 39
+ 47 40
+ 49 39
+ 49 40
+ 51 39
+ 51 40
+ 53 39
+ 53 40
+ 55 39
+ 55 40
+ 57 39
+ 57 40
+ 59 39
+ 59 40
+ 61 39
+ 61 40
+ 63 39
+ 63 40
+ 65 39
+ 65 40
+ 67 39
+ 67 40
+ 69 39
+ 69 40
+ 71 39
+ 71 40
+ 73 39
+ 73 40
+ 75 39
+ 75 40
+ 77 39
+ 77 40
Case #29: 139 135
+ 1 1
+ 1 2
+ 1 3
+ 1 4
+ 1 5
+ 1 6
+ 1 7
+ 1 8
+ 1 9
+ 1 10
+ 1 11
+ 1 12
+ 1 13
+ 1 14
+ 1 15
+ 1 16
+ 1 17
+ 1 18
+ 1 19
+ 1 20
+ 1 21
+ 1 22
+ 1 23
+ 1 24
+ 1 25
+ 1 26
+ 1 27
+ 1 28
+ 1 29
+ 1 30
+ 1 31
+ 1 32
+ 1 33
+ 1 34
+ 1 35
+ 1 36
+ 1 37
+ 1 38
+ 1 39
+ 1 40
+ 1 41
+ 1 42
+ 1 43
+ 1 44
+ 1 45
+ 1 47
+ 1 48
+ 1 49
+ 1 50
+ 1 51
+ 1 52
+ 1 53
+ 1 54
+ 1 55
+ 1 56
+ 1 57
+ 1 58
+ 1 59
+ 1 60
+ 1 61
+ 1 62
+ 1 63
+ 1 64
+ 1 65
+ 1 66
+ 1 67
+ 1 68
+ 1 69
+ 1 70
+ 1 71
+ 1 72
+ 1 73
+ 1 74
+ 1 75
+ 1 77
+ 1 78
+ 1 79
+ 1 80
+ 1 81
+ 1 82
+ 1 83
+ 1 84
+ 1 85
+ 1 86
+ 1 88
+ 1 89
+ 1 90
+ 1 91
x 2 76
x 3 87
+ 47 46
+ 48 46
+ 49 46
+ 50 46
+ 51 46
+ 52 46
+ 53 46
+ 54 46
+ 55 46
+ 56 46
+ 57 46
+ 58 46
+ 59 46
+ 60 46
+ 61 46
+ 62 46
+ 63 46
+ 64 46
+ 65 46
+ 66 46
+ 67 46
+ 68 46
+ 69 46
+ 70 46
+ 71 46
+ 72 46
+ 73 46
+ 74 46
+ 75 46
+ 76 46
+ 77 46
+ 78 46
+ 79 46
+ 80 46
+ 81 46
+ 82 46
+ 83 46
+ 84 46
+ 85 46
+ 86 46
+ 87 46
+ 88 46
+ 89 46
+ 90 46
+ 91 46
Case #30: 76 73
+ 1 1
+ 1 2
+ 1 3
+ 1 4
+ 1 5
+ 1 6
+ 1 7
+ 1 8
+ 1 9
+ 1 10
+ 1 11
+ 1 12
+ 1 13
+ 1 14
+ 1 15
+ 1 16
+ 1 17
+ 1 19
+ 1 20
+ 1 21
+ 1 22
+ 1 23
+ 1 24
+ 1 25
+ 1 26
+ 1 27
+ 1 29
+ 1 30
+ 1 31
+ 1 32
+ 1 33
+ 1 34
+ 1 35
+ 1 36
+ 1 37
+ 1 38
+ 1 39
+ 1 40
+ 1 41
+ 1 42
+ 1 43
+ 1 44
+ 1 45
+ 1 46
+ 1 47
+ 1 48
x 2 28
x 3 49
+ 10 9
+ 17 34
+ 27 25
+ 28 25
+ 29 25
+ 30 25
+ 31 25
+ 32 25
+ 33 25
+ 34 25
+ 35 25
+ 36 25
+ 37 25
+ 38 25
+ 39 25
+ 40 25
+ 41 25
+ 42 25
+ 43 25
+ 44 25
+ 45 25
+ 46 25
+ 47 25
+ 48 25
+ 49 25
Case #31: 154 151
x 1 3
+ 1 4
+ 1 5
+ 1 6
+ 1 7
+ 1 8
+ 1 9
+ 1 10
+ 1 11
+ 1 12
+ 1 13
+ 1 14
+ 1 15
+ 1 16
+ 1 17
+ 1 18
+ 1 19
+ 1 20
+ 1 21
+ 1 22
+ 1 23
+ 1 24
+ 1 25
+ 1 26
+ 1 27
+ 1 28
+ 1 29
+ 1 30
+ 1 31
+ 1 32
+ 1 33
+ 1 34
+ 1 35
+ 1 36
+ 1 37
+ 1 38
+ 1 39
+ 1 40
+ 1 41
+ 1 42
+ 1 43
+ 1 44
+ 1 45
+ 1 46
+ 1 47
+ 1 48
+ 1 49
+ 1 50
+ 1 51
+ 1 52
+ 1 53
+ 1 54
+ 1 55
+ 1 56
+ 1 57
+ 1 58
+ 1 59
+ 1 60
+ 1 61
+ 1 62
+ 1 63
+ 1 64
+ 1 65
+ 1 66
+ 1 67
+ 1 68
+ 1 69
+ 1 70
+ 1 71
+ 1 73
+ 1 74
+ 1 75
+ 1 76
+ 1 77
+ 1 78
+ 1 79
+ 1 80
+ 1 81
+ 1 82
+ 1 83
+ 1 84
+ 1 85
+ 1 86
+ 1 87
+ 1 88
+ 1 89
+ 1 90
+ 1 91
+ 1 92
+ 1 93
+ 1 94
+ 1 95
+ 1 96
+ 1 97
+ 1 98
+ 1 99
+ 1 100
x 2 1
+ 3 1
x 3 2
x 4 72
+ 50 52
+ 52 51
+ 54 50
+ 54 51
+ 56 50
+ 56 51
+ 58 50
+ 58 51
+ 60 50
+ 60 51
+ 62 50
+ 62 51
+ 64 50
+ 64 51
+ 66 50
+ 66 51
+ 68 50
+ 68 51
+ 70 50
+ 70 51
+ 72 50
+ 72 51
+ 74 50
+ 74 51
+ 76 50
+ 76 51
+ 78 50
+ 78 51
+ 80 50
+ 80 51
+ 82 50
+ 82 51
+ 84 50
+ 84 51
+ 86 50
+ 86 51
+ 88 50
+ 88 51
+ 90 50
+ 90 51
+ 92 50
+ 92 51
+ 94 50
+ 94 51
+ 96 50
+ 96 51
+ 98 50
+ 98 51
+ 100 50
+ 100 51
Case #32: 95 91
+ 1 1
+ 1 2
+ 1 3
+ 1 4
+ 1 5
+ 1 6
+ 1 7
+ 1 8
+ 1 9
+ 1 10
+ 1 11
+ 1 12
+ 1 13
+ 1 14
+ 1 15
+ 1 16
+ 1 17
+ 1 18
+ 1 19
+ 1 20
+ 1 21
+ 1 23
+ 1 24
+ 1 25
+ 1 26
+ 1 27
+ 1 28
+ 1 29
+ 1 30
+ 1 31
+ 1 32
+ 1 35
+ 1 36
+ 1 37
+ 1 38
+ 1 39
+ 1 40
+ 1 41
+ 1 42
+ 1 43
+ 1 45
+ 1 46
+ 1 47
+ 1 48
+ 1 49
+ 1 50
+ 1 51
+ 1 52
+ 1 53
+ 1 54
+ 1 55
+ 1 56
+ 1 57
+ 1 58
+ 1 59
+ 1 60
+ 1 61
x 2 22
x 3 33
x 4 44
+ 15 48
+ 18 17
+ 33 31
+ 34 31
+ 35 31
+ 36 31
+ 37 31
+ 38 31
+ 39 31
+ 40 31
+ 41 31
+ 42 31
+ 43 31
+ 44 31
+ 45 31
+ 46 31
+ 47 31
+ 48 31
+ 49 31
+ 50 31
+ 51 31
+ 52 31
+ 53 31
+ 54 31
+ 55 31
+ 56 31
+ 57 31
+ 58 31
+ 59 31
+ 60 31
+ 61 31
Case #33: 96 94
+ 1 1
+ 1 2
+ 1 3
+ 1 4
+ 1 5
+ 1 6
+ 1 7
+ 1 8
+ 1 9
+ 1 10
+ 1 11
+ 1 12
+ 1 13
+ 1 14
+ 1 15
+ 1 16
+ 1 17
+ 1 18
+ 1 20
+ 1 21
+ 1 22
+ 1 23
+ 1 24
+ 1 25
+ 1 26
+ 1 27
+ 1 28
+ 1 29
+ 1 31
+ 1 32
+ 1 33
+ 1 34
+ 1 35
+ 1 36
+ 1 37
+ 1 38
+ 1 39
+ 1 40
+ 1 41
+ 1 42
+ 1 43
+ 1 44
+ 1 45
+ 1 46
+ 1 47
+ 1 48
+ 1 49
+ 1 50
+ 1 51
+ 1 52
+ 1 53
+ 1 54
+ 1 55
+ 1 56
+ 1 57
+ 1 58
+ 1 59
+ 1 60
+ 1 61
+ 1 62
+ 1 63
x 2 19
+ 16 15
+ 18 47
+ 34 32
+ 35 32
+ 36 32
+ 37 32
+ 38 32
+ 39 32
+ 40 32
+ 41 32
+ 42 32
+ 43 32
+ 44 32
+ 45 32
+ 46 32
+ 47 32
+ 48 32
+ 49 32
+ 50 32
+ 51 32
+ 52 32
+ 53 32
+ 54 32
+ 55 32
+ 56 32
+ 57 32
+ 58 32
+ 59 32
+ 60 32
+ 61 32
+ 62 32
+ 63 32
Case #34: 22 20
+ 1 3
+ 1 4
+ 1 5
+ 1 6
+ 1 7
+ 1 8
+ 1 9
+ 1 10
+ 1 11
+ 1 12
+ 1 13
+ 1 14
x 2 2
+ 8 8
+ 9 8
+ 10 8
+ 11 8
+ 12 8
+ 13 8
+ 14 8
Case #35: 157 151
x 1 3
+ 1 7
+ 1 8
+ 1 9
+ 1 10
+ 1 11
+ 1 12
+ 1 13
+ 1 14
+ 1 15
+ 1 16
+ 1 17
+ 1 18
+ 1 19
+ 1 20
+ 1 21
+ 1 22
+ 1 23
+ 1 24
+ 1 25
+ 1 26
+ 1 27
+ 1 28
+ 1 29
+ 1 30
+ 1 31
+ 1 32
+ 1 33
+ 1 34
+ 1 35
+ 1 36
+ 1 37
+ 1 38
+ 1 39
+ 1 40
+ 1 41
+ 1 42
+ 1 43
+ 1 44
+ 1 45
+ 1 46
+ 1 47
+ 1 48
+ 1 49
+ 1 50
+ 1 51
+ 1 52
+ 1 53
+ 1 54
+ 1 55
+ 1 56
+ 1 57
+ 1 58
+ 1 59
+ 1 60
+ 1 61
+ 1 62
+ 1 63
+ 1 64
+ 1 65
+ 1 66
+ 1 67
+ 1 68
+ 1 69
+ 1 70
+ 1 71
+ 1 72
+ 1 73
+ 1 74
+ 1 75
+ 1 76
+ 1 77
+ 1 78
+ 1 80
+ 1 81
+ 1 82
+ 1 83
+ 1 84
+ 1 85
+ 1 86
+ 1 87
+ 1 88
+ 1 89
+ 1 90
+ 1 91
+ 1 92
+ 1 93
+ 1 94
+ 1 95
+ 1 96
+ 1 97
+ 1 98
+ 1 99
+ 1 100
x 2 1
+ 3 1
x 3 2
x 4 4
x 5 5
x 6 6
x 7 79
+ 50 52
+ 52 51
+ 54 50
+ 54 51
+ 56 50
+ 56 51
+ 58 50
+ 58 51
+ 60 50
+ 60 51
+ 62 50
+ 62 51
+ 64 50
+ 64 51
+ 66 50
+ 66 51
+ 68 50
+ 68 51
+ 70 50
+ 70 51
+ 72 50
+ 72 51
+ 74 50
+ 74 51
+ 76 50
+ 76 51
+ 78 50
+ 78 51
+ 80 50
+ 80 51
+ 82 50
+ 82 51
+ 84 50
+ 84 51
+ 86 50
+ 86 51
+ 88 50
+ 88 51
+ 90 50
+ 90 51
+ 92 50
+ 92 51
+ 94 50
+ 94 51
+ 96 50
+ 96 51
+ 98 50
+ 98 51
+ 100 50
+ 100 51
Case #36: 120 118
+ 1 1
+ 1 2
+ 1 3
+ 1 4
+ 1 5
+ 1 6
+ 1 7
+ 1 8
+ 1 9
+ 1 10
+ 1 11
+ 1 12
+ 1 13
+ 1 14
+ 1 15
+ 1 16
+ 1 17
+ 1 18
+ 1 19
+ 1 20
+ 1 21
+ 1 22
+ 1 23
+ 1 24
+ 1 25
+ 1 26
+ 1 27
+ 1 28
+ 1 29
+ 1 30
+ 1 31
+ 1 33
+ 1 34
+ 1 35
+ 1 36
+ 1 37
+ 1 38
+ 1 39
+ 1 40
+ 1 41
+ 1 42
+ 1 43
+ 1 44
+ 1 45
+ 1 46
+ 1 47
+ 1 48
+ 1 49
+ 1 50
+ 1 51
+ 1 52
+ 1 53
+ 1 54
+ 1 56
+ 1 57
+ 1 58
+ 1 59
+ 1 60
+ 1 61
+ 1 62
+ 1 63
+ 1 64
+ 1 65
+ 1 66
+ 1 67
+ 1 68
+ 1 69
+ 1 70
+ 1 71
+ 1 72
+ 1 73
+ 1 74
+ 1 75
+ 1 76
+ 1 77
+ 1 78
+ 1 79
x 2 55
+ 17 16
+ 25 56
+ 42 40
+ 43 40
+ 44 40
+ 45 40
+ 46 40
+ 47 40
+ 48 40
+ 49 40
+ 50 40
+ 51 40
+ 52 40
+ 53 40
+ 54 40
+ 55 40
+ 56 40
+ 57 40
+ 58 40
+ 59 40
+ 60 40
+ 61 40
+ 62 40
+ 63 40
+ 64 40
+ 65 40
+ 66 40
+ 67 40
+ 68 40
+ 69 40
+ 70 40
+ 71 40
+ 72 40
+ 73 40
+ 74 40
+ 75 40
+ 76 40
+ 77 40
+ 78 40
+ 79 40
Case #37: 156 150
x 1 2
+ 1 3
+ 1 4
+ 1 5
+ 1 6
+ 1 7
+ 1 9
+ 1 10
+ 1 11
+ 1 12
+ 1 13
+ 1 14
+ 1 15
+ 1 17
+ 1 18
+ 1 19
+ 1 20
+ 1 21
+ 1 22
+ 1 23
+ 1 24
+ 1 25
+ 1 26
+ 1 27
+ 1 28
+ 1 29
+ 1 30
+ 1 31
+ 1 32
+ 1 33
+ 1 34
+ 1 35
+ 1 36
+ 1 37
+ 1 38
+ 1 39
+ 1 40
+ 1 41
+ 1 43
+ 1 44
+ 1 45
+ 1 47
+ 1 48
+ 1 49
+ 1 50
+ 1 51
+ 1 52
+ 1 53
+ 1 54
+ 1 55
+ 1 56
+ 1 57
+ 1 58
+ 1 59
+ 1 60
+ 1 61
+ 1 62
+ 1 63
+ 1 64
+ 1 65
+ 1 66
+ 1 67
+ 1 68
+ 1 70
+ 1 71
+ 1 72
+ 1 73
+ 1 74
+ 1 75
+ 1 76
+ 1 77
+ 1 78
+ 1 79
+ 1 80
+ 1 81
+ 1 82
+ 1 83
+ 1 84
+ 1 85
+ 1 86
+ 1 87
+ 1 88
+ 1 89
+ 1 90
+ 1 91
+ 1 92
+ 1 93
+ 1 94
+ 1 95
+ 1 96
+ 1 97
+ 1 98
+ 1 99
+ 1 100
x 2 1
x 3 8
x 4 16
x 5 42
x 6 46
x 7 69
+ 51 52
+ 52 50
+ 53 52
+ 54 50
+ 55 52
+ 56 50
+ 57 52
+ 58 50
+ 59 52
+ 60 50
+ 61 52
+ 62 50
+ 63 52
+ 64 50
+ 65 52
+ 66 50
+ 67 52
+ 68 50
+ 69 52
+ 70 50
+ 71 52
+ 72 50
+ 73 52
+ 74 50
+ 75 52
+ 76 50
+ 77 52
+ 78 50
+ 79 52
+ 80 50
+ 81 52
+ 82 50
+ 83 52
+ 84 50
+ 85 52
+ 86 50
+ 87 52
+ 88 50
+ 89 52
+ 90 50
+ 91 52
+ 92 50
+ 93 52
+ 94 50
+ 95 52
+ 96 50
+ 97 52
+ 98 50
+ 99 52
+ 100 50
Case #38: 155 150
x 1 2
+ 1 3
+ 1 5
+ 1 6
+ 1 7
+ 1 8
+ 1 9
+ 1 10
+ 1 11
+ 1 12
+ 1 13
+ 1 14
+ 1 15
+ 1 16
+ 1 17
+ 1 18
+ 1 19
+ 1 20
+ 1 21
+ 1 22
+ 1 23
+ 1 24
+ 1 25
+ 1 26
+ 1 27
+ 1 28
+ 1 29
+ 1 30
+ 1 31
+ 1 32
+ 1 33
+ 1 34
+ 1 35
+ 1 36
+ 1 37
+ 1 38
+ 1 39
+ 1 40
+ 1 41
+ 1 42
+ 1 43
+ 1 44
+ 1 45
+ 1 46
+ 1 47
+ 1 48
+ 1 49
+ 1 50
+ 1 51
+ 1 52
+ 1 53
+ 1 54
+ 1 55
+ 1 56
+ 1 57
+ 1 58
+ 1 59
+ 1 60
+ 1 61
+ 1 63
+ 1 64
+ 1 65
+ 1 66
+ 1 67
+ 1 68
+ 1 69
+ 1 70
+ 1 71
+ 1 72
+ 1 73
+ 1 74
+ 1 76
+ 1 77
+ 1 78
+ 1 79
+ 1 80
+ 1 81
+ 1 82
+ 1 83
+ 1 84
+ 1 85
+ 1 86
+ 1 87
+ 1 88
+ 1 89
+ 1 90
+ 1 91
+ 1 93
+ 1 94
+ 1 95
+ 1 96
+ 1 97
+ 1 98
+ 1 99
+ 1 100
x 2 1
x 3 4
x 4 62
x 5 75
x 6 92
+ 51 52
+ 52 50
+ 53 52
+ 54 50
+ 55 52
+ 56 50
+ 57 52
+ 58 50
+ 59 52
+ 60 50
+ 61 52
+ 62 50
+ 63 52
+ 64 50
+ 65 52
+ 66 50
+ 67 52
+ 68 50
+ 69 52
+ 70 50
+ 71 52
+ 72 50
+ 73 52
+ 74 50
+ 75 52
+ 76 50
+ 77 52
+ 78 50
+ 79 52
+ 80 50
+ 81 52
+ 82 50
+ 83 52
+ 84 50
+ 85 52
+ 86 50
+ 87 52
+ 88 50
+ 89 52
+ 90 50
+ 91 52
+ 92 50
+ 93 52
+ 94 50
+ 95 52
+ 96 50
+ 97 52
+ 98 50
+ 99 52
+ 100 50
Case #39: 150 150
x 1 1
+ 1 2
+ 1 3
+ 1 4
+ 1 5
+ 1 6
+ 1 7
+ 1 8
+ 1 9
+ 1 10
+ 1 11
+ 1 12
+ 1 13
+ 1 14
+ 1 15
+ 1 16
+ 1 17
+ 1 18
+ 1 19
+ 1 20
+ 1 21
+ 1 22
+ 1 23
+ 1 24
+ 1 25
+ 1 26
+ 1 27
+ 1 28
+ 1 29
+ 1 30
+ 1 31
+ 1 32
+ 1 33
+ 1 34
+ 1 35
+ 1 36
+ 1 37
+ 1 38
+ 1 39
+ 1 40
+ 1 41
+ 1 42
+ 1 43
+ 1 44
+ 1 45
+ 1 46
+ 1 47
+ 1 48
+ 1 49
+ 1 50
+ 1 51
+ 1 52
+ 1 53
+ 1 54
+ 1 55
+ 1 56
+ 1 57
+ 1 58
+ 1 59
+ 1 60
+ 1 61
+ 1 62
+ 1 63
+ 1 64
+ 1 65
+ 1 66
+ 1 67
+ 1 68
+ 1 69
+ 1 70
+ 1 71
+ 1 72
+ 1 73
+ 1 74
+ 1 75
+ 1 76
+ 1 77
+ 1 78
+ 1 79
+ 1 80
+ 1 81
+ 1 82
+ 1 83
+ 1 84
+ 1 85
+ 1 86
+ 1 87
+ 1 88
+ 1 89
+ 1 90
+ 1 91
+ 1 92
+ 1 93
+ 1 94
+ 1 95
+ 1 96
+ 1 97
+ 1 98
+ 1 99
+ 1 100
+ 51 51
+ 52 51
+ 53 51
+ 54 51
+ 55 51
+ 56 51
+ 57 51
+ 58 51
+ 59 51
+ 60 51
+ 61 51
+ 62 51
+ 63 51
+ 64 51
+ 65 51
+ 66 51
+ 67 51
+ 68 51
+ 69 51
+ 70 51
+ 71 51
+ 72 51
+ 73 51
+ 74 51
+ 75 51
+ 76 51
+ 77 51
+ 78 51
+ 79 51
+ 80 51
+ 81 51
+ 82 51
+ 83 51
+ 84 51
+ 85 51
+ 86 51
+ 87 51
+ 88 51
+ 89 51
+ 90 51
+ 91 51
+ 92 51
+ 93 51
+ 94 51
+ 95 51
+ 96 51
+ 97 51
+ 98 51
+ 99 51
+ 100 51
Case #40: 137 135
+ 1 1
+ 1 2
+ 1 3
+ 1 4
+ 1 5
+ 1 6
+ 1 7
+ 1 8
+ 1 10
+ 1 11
+ 1 12
+ 1 13
+ 1 14
+ 1 15
+ 1 16
+ 1 17
+ 1 18
+ 1 19
+ 1 20
+ 1 21
+ 1 22
+ 1 23
+ 1 24
+ 1 25
+ 1 26
+ 1 27
+ 1 28
+ 1 29
+ 1 30
+ 1 31
+ 1 32
+ 1 33
+ 1 34
+ 1 35
+ 1 36
+ 1 37
+ 1 38
+ 1 39
+ 1 40
+ 1 41
+ 1 42
+ 1 43
+ 1 44
+ 1 45
+ 1 46
+ 1 47
+ 1 48
+ 1 49
+ 1 50
+ 1 51
+ 1 52
+ 1 53
+ 1 54
+ 1 55
+ 1 56
+ 1 57
+ 1 58
+ 1 59
+ 1 60
+ 1 61
+ 1 62
+ 1 63
+ 1 64
+ 1 65
+ 1 66
+ 1 67
+ 1 68
+ 1 69
+ 1 70
+ 1 71
+ 1 72
+ 1 73
+ 1 74
+ 1 75
+ 1 76
+ 1 77
+ 1 78
+ 1 79
+ 1 80
+ 1 81
+ 1 82
+ 1 83
+ 1 84
+ 1 85
+ 1 86
+ 1 87
+ 1 88
+ 1 89
+ 1 90
+ 1 91
+ 47 46
+ 48 46
+ 49 46
+ 50 46
+ 51 46
+ 52 46
+ 53 46
+ 54 46
+ 55 46
+ 56 46
+ 57 46
+ 58 46
+ 59 46
+ 60 46
+ 61 46
+ 62 46
+ 63 46
+ 64 46
+ 65 46
+ 66 46
+ 67 46
+ 68 46
+ 69 46
+ 70 46
+ 71 46
+ 72 46
+ 73 46
+ 74 46
+ 75 46
+ 76 46
+ 77 46
+ 78 46
+ 79 46
+ 80 46
+ 81 46
+ 82 46
+ 83 46
+ 84 46
+ 85 46
+ 86 46
+ 87 46
+ 88 46
+ 89 46
+ 90 46
+ 91 46
Case #41: 4 2
o 1 2
x 2 1
Case #42: 105 102
+ 1 1
+ 1 2
+ 1 3
+ 1 4
+ 1 5
+ 1 6
+ 1 7
+ 1 8
+ 1 9
+ 1 10
+ 1 11
+ 1 12
+ 1 13
+ 1 14
+ 1 15
+ 1 17
+ 1 18
+ 1 19
+ 1 20
+ 1 21
+ 1 22
+ 1 23
+ 1 24
+ 1 25
+ 1 26
+ 1 27
+ 1 28
+ 1 30
+ 1 31
+ 1 33
+ 1 34
+ 1 35
+ 1 36
+ 1 37
+ 1 38
+ 1 39
+ 1 40
+ 1 41
+ 1 42
+ 1 43
+ 1 44
+ 1 45
+ 1 46
+ 1 47
+ 1 48
+ 1 49
+ 1 50
+ 1 51
+ 1 52
+ 1 53
+ 1 54
+ 1 55
+ 1 56
+ 1 57
+ 1 58
+ 1 59
+ 1 60
+ 1 61
+ 1 62
+ 1 63
+ 1 64
+ 1 65
+ 1 66
+ 1 67
+ 1 68
x 2 29
x 3 32
+ 9 8
+ 28 43
+ 36 34
+ 38 34
+ 38 35
+ 40 34
+ 40 35
+ 42 34
+ 42 35
+ 44 34
+ 44 35
+ 46 34
+ 46 35
+ 48 34
+ 48 35
+ 50 34
+ 50 35
+ 52 34
+ 52 35
+ 54 34
+ 54 35
+ 56 34
+ 56 35
+ 58 34
+ 58 35
+ 60 34
+ 60 35
+ 62 34
+ 62 35
+ 64 34
+ 64 35
+ 66 34
+ 66 35
+ 68 34
+ 68 35
Case #43: 22 18
+ 1 3
+ 1 4
+ 1 5
+ 1 7
+ 1 8
+ 1 9
+ 1 10
+ 1 11
+ 1 12
+ 1 13
x 2 1
x 3 6
+ 8 7
+ 9 7
+ 10 7
+ 11 7
+ 12 7
+ 13 7
Case #44: 28 23
+ 1 1
+ 1 3
+ 1 5
+ 1 8
+ 1 10
+ 1 11
+ 1 12
+ 1 13
+ 1 14
+ 1 15
+ 2 1
x 2 2
x 3 4
x 4 6
x 5 7
x 6 9
+ 8 9
+ 10 8
+ 11 8
+ 12 8
+ 13 8
+ 14 8
+ 15 8
Case #45: 81 79
+ 1 1
+ 1 3
+ 1 4
+ 1 5
+ 1 6
+ 1 7
+ 1 8
+ 1 9
+ 1 10
+ 1 11
+ 1 12
+ 1 13
+ 1 14
+ 1 15
+ 1 16
+ 1 17
+ 1 18
+ 1 19
+ 1 20
+ 1 21
+ 1 22
+ 1 23
+ 1 24
+ 1 25
+ 1 26
+ 1 27
+ 1 28
+ 1 29
+ 1 30
+ 1 31
+ 1 32
+ 1 33
+ 1 34
+ 1 35
+ 1 36
+ 1 37
+ 1 38
+ 1 39
+ 1 40
+ 1 41
+ 1 42
+ 1 43
+ 1 44
+ 1 45
+ 1 46
+ 1 47
+ 1 48
+ 1 49
+ 1 50
+ 1 51
+ 1 52
+ 1 53
+ 1 54
+ 29 27
+ 29 28
+ 31 27
+ 31 28
+ 33 27
+ 33 28
+ 35 27
+ 35 28
+ 37 27
+ 37 28
+ 39 27
+ 39 28
+ 41 27
+ 41 28
+ 43 27
+ 43 28
+ 45 27
+ 45 28
+ 47 27
+ 47 28
+ 49 27
+ 49 28
+ 51 27
+ 51 28
+ 53 27
+ 53 28
Case #46: 157 150
+ 1 2
+ 1 3
+ 1 4
+ 1 6
+ 1 7
+ 1 9
+ 1 10
+ 1 11
+ 1 12
+ 1 13
+ 1 14
+ 1 15
+ 1 16
+ 1 17
+ 1 18
+ 1 19
+ 1 21
+ 1 22
+ 1 23
+ 1 24
+ 1 25
+ 1 27
+ 1 28
+ 1 29
+ 1 30
+ 1 31
+ 1 32
+ 1 33
+ 1 34
+ 1 35
+ 1 37
+ 1 38
+ 1 39
+ 1 40
+ 1 41
+ 1 42
+ 1 43
+ 1 44
+ 1 45
+ 1 46
+ 1 47
+ 1 48
+ 1 49
+ 1 50
+ 1 51
+ 1 52
+ 1 53
+ 1 54
+ 1 55
+ 1 56
+ 1 57
+ 1 58
+ 1 59
+ 1 60
+ 1 61
+ 1 62
+ 1 63
+ 1 64
+ 1 66
+ 1 67
+ 1 68
+ 1 69
+ 1 70
+ 1 71
+ 1 72
+ 1 73
+ 1 74
+ 1 75
+ 1 76
+ 1 77
+ 1 78
+ 1 79
+ 1 80
+ 1 81
+ 1 82
+ 1 83
+ 1 84
+ 1 85
+ 1 86
+ 1 87
+ 1 88
+ 1 89
+ 1 90
+ 1 91
+ 1 92
+ 1 93
+ 1 94
+ 1 95
+ 1 96
+ 1 97
+ 1 98
+ 1 99
+ 1 100
x 2 1
x 3 5
x 4 8
x 5 20
x 6 26
x 7 65
+ 19 18
+ 34 69
+ 52 50
+ 54 50
+ 54 51
+ 56 50
+ 56 51
+ 58 50
+ 58 51
+ 60 50
+ 60 51
+ 62 50
+ 62 51
+ 64 50
+ 64 51
+ 66 50
+ 66 51
+ 68 50
+ 68 51
+ 70 50
+ 70 51
+ 72 50
+ 72 51
+ 74 50
+ 74 51
+ 76 50
+ 76 51
+ 78 50
+ 78 51
+ 80 50
+ 80 51
+ 82 50
+ 82 51
+ 84 50
+ 84 51
+ 86 50
+ 86 51
+ 88 50
+ 88 51
+ 90 50
+ 90 51
+ 92 50
+ 92 51
+ 94 50
+ 94 51
+ 96 50
+ 96 51
+ 98 50
+ 98 51
+ 100 50
+ 100 51
Case #47: 97 93
+ 1 1
+ 1 2
+ 1 3
+ 1 4
+ 1 6
+ 1 7
+ 1 8
+ 1 9
+ 1 10
+ 1 11
+ 1 12
+ 1 13
+ 1 14
+ 1 15
+ 1 16
+ 1 17
+ 1 18
+ 1 19
+ 1 20
+ 1 21
+ 1 22
+ 1 23
+ 1 24
+ 1 25
+ 1 26
+ 1 27
+ 1 29
+ 1 30
+ 1 31
+ 1 32
+ 1 33
+ 1 34
+ 1 35
+ 1 36
+ 1 37
+ 1 38
+ 1 39
+ 1 40
+ 1 41
+ 1 42
+ 1 43
+ 1 44
+ 1 45
+ 1 46
+ 1 47
+ 1 48
+ 1 49
+ 1 50
+ 1 51
+ 1 52
+ 1 53
+ 1 54
+ 1 55
+ 1 56
+ 1 57
+ 1 58
+ 1 59
+ 1 60
+ 1 62
+ 1 63
x 2 5
x 3 28
+ 33 32
+ 34 32
+ 35 32
+ 36 32
+ 37 32
+ 38 32
+ 39 32
+ 40 32
+ 41 32
+ 42 32
+ 43 32
+ 44 32
+ 45 32
+ 46 32
+ 47 32
+ 48 32
+ 49 32
+ 50 32
+ 51 32
+ 52 32
+ 53 32
+ 54 32
+ 55 32
+ 56 32
+ 57 32
+ 58 32
+ 59 32
+ 60 32
+ 61 32
+ 62 32
+ 63 32
Case #48: 156 150
x 1 2
+ 1 3
+ 1 5
+ 1 6
+ 1 7
+ 1 8
+ 1 9
+ 1 11
+ 1 12
+ 1 13
+ 1 14
+ 1 15
+ 1 16
+ 1 17
+ 1 18
+ 1 19
+ 1 20
+ 1 21
+ 1 22
+ 1 23
+ 1 24
+ 1 25
+ 1 26
+ 1 27
+ 1 28
+ 1 29
+ 1 30
+ 1 32
+ 1 33
+ 1 34
+ 1 35
+ 1 36
+ 1 37
+ 1 38
+ 1 39
+ 1 40
+ 1 41
+ 1 42
+ 1 43
+ 1 44
+ 1 45
+ 1 46
+ 1 47
+ 1 48
+ 1 49
+ 1 50
+ 1 51
+ 1 52
+ 1 53
+ 1 54
+ 1 55
+ 1 56
+ 1 58
+ 1 59
+ 1 60
+ 1 61
+ 1 62
+ 1 63
+ 1 64
+ 1 65
+ 1 66
+ 1 67
+ 1 68
+ 1 69
+ 1 70
+ 1 71
+ 1 72
+ 1 73
+ 1 74
+ 1 75
+ 1 76
+ 1 78
+ 1 79
+ 1 80
+ 1 81
+ 1 82
+ 1 83
+ 1 84
+ 1 85
+ 1 86
+ 1 87
+ 1 88
+ 1 89
+ 1 90
+ 1 91
+ 1 92
+ 1 93
+ 1 94
+ 1 95
+ 1 96
+ 1 97
+ 1 98
+ 1 99
+ 1 100
x 2 1
x 3 4
x 4 10
x 5 31
x 6 57
x 7 77
+ 51 52
+ 52 50
+ 53 52
+ 54 50
+ 55 52
+ 56 50
+ 57 52
+ 58 50
+ 59 52
+ 60 50
+ 61 52
+ 62 50
+ 63 52
+ 64 50
+ 65 52
+ 66 50
+ 67 52
+ 68 50
+ 69 52
+ 70 50
+ 71 52
+ 72 50
+ 73 52
+ 74 50
+ 75 52
+ 76 50
+ 77 52
+ 78 50
+ 79 52
+ 80 50
+ 81 52
+ 82 50
+ 83 52
+ 84 50
+ 85 52
+ 86 50
+ 87 52
+ 88 50
+ 89 52
+ 90 50
+ 91 52
+ 92 50
+ 93 52
+ 94 50
+ 95 52
+ 96 50
+ 97 52
+ 98 50
+ 99 52
+ 100 50
Case #49: 111 108
+ 1 1
+ 1 2
+ 1 3
+ 1 4
+ 1 5
+ 1 6
+ 1 7
+ 1 8
+ 1 9
+ 1 10
+ 1 11
+ 1 12
+ 1 13
+ 1 14
+ 1 15
+ 1 16
+ 1 17
+ 1 18
+ 1 19
+ 1 20
+ 1 21
+ 1 22
+ 1 23
+ 1 24
+ 1 25
+ 1 26
+ 1 27
+ 1 28
+ 1 29
+ 1 30
+ 1 31
+ 1 32
+ 1 34
+ 1 35
+ 1 36
+ 1 37
+ 1 38
+ 1 39
+ 1 40
+ 1 41
+ 1 42
+ 1 43
+ 1 44
+ 1 45
+ 1 46
+ 1 47
+ 1 48
+ 1 49
+ 1 50
+ 1 51
+ 1 52
+ 1 53
+ 1 54
+ 1 55
+ 1 56
+ 1 57
+ 1 58
+ 1 59
+ 1 60
+ 1 61
+ 1 62
+ 1 63
+ 1 64
+ 1 66
+ 1 67
+ 1 68
+ 1 69
+ 1 70
+ 1 71
+ 1 72
+ 1 73
x 2 33
+ 38 37
+ 39 37
+ 40 37
+ 41 37
+ 42 37
+ 43 37
+ 44 37
+ 45 37
+ 46 37
+ 47 37
+ 48 37
+ 49 37
+ 50 37
+ 51 37
+ 52 37
+ 53 37
+ 54 37
+ 55 37
+ 56 37
+ 57 37
+ 58 37
+ 59 37
+ 60 37
+ 61 37
+ 62 37
+ 63 37
+ 64 37
+ 65 37
+ 66 37
+ 67 37
+ 68 37
+ 69 37
+ 70 37
+ 71 37
+ 72 37
+ 73 37
Case #50: 50 48
+ 1 1
+ 1 2
+ 1 3
+ 1 4
+ 1 5
+ 1 6
+ 1 7
+ 1 9
+ 1 10
+ 1 11
+ 1 12
+ 1 14
+ 1 15
+ 1 16
+ 1 17
+ 1 18
+ 1 19
+ 1 20
+ 1 21
+ 1 22
+ 1 23
+ 1 24
+ 1 25
+ 1 26
+ 1 27
+ 1 28
+ 1 29
+ 1 30
+ 1 31
+ 1 32
x 2 13
+ 5 4
+ 14 21
+ 18 16
+ 20 16
+ 20 17
+ 22 16
+ 22 17
+ 24 16
+ 24 17
+ 26 16
+ 26 17
+ 28 16
+ 28 17
+ 30 16
+ 30 17
+ 32 16
+ 32 17
Case #51: 138 133
+ 1 1
+ 1 2
+ 1 3
+ 1 4
+ 1 5
+ 1 6
+ 1 7
+ 1 8
+ 1 9
+ 1 11
+ 1 12
+ 1 13
+ 1 14
+ 1 15
+ 1 16
+ 1 17
+ 1 18
+ 1 19
+ 1 20
+ 1 21
+ 1 22
+ 1 23
+ 1 24
+ 1 25
+ 1 26
+ 1 27
+ 1 28
+ 1 29
+ 1 30
+ 1 31
+ 1 32
+ 1 34
+ 1 35
+ 1 36
+ 1 37
+ 1 38
+ 1 39
+ 1 40
+ 1 41
+ 1 42
+ 1 43
+ 1 45
+ 1 46
+ 1 47
+ 1 48
+ 1 49
+ 1 50
+ 1 51
+ 1 52
+ 1 53
+ 1 54
+ 1 55
+ 1 56
+ 1 57
+ 1 58
+ 1 59
+ 1 60
+ 1 61
+ 1 62
+ 1 63
+ 1 64
+ 1 66
+ 1 67
+ 1 68
+ 1 69
+ 1 70
+ 1 71
+ 1 72
+ 1 74
+ 1 75
+ 1 76
+ 1 77
+ 1 78
+ 1 79
+ 1 80
+ 1 81
+ 1 82
+ 1 83
+ 1 84
+ 1 85
+ 1 86
+ 1 87
+ 1 88
x 2 33
x 3 44
x 4 65
x 5 73
+ 6 5
x 6 73
+ 41 50
+ 46 44
+ 48 44
+ 48 45
+ 50 44
+ 50 45
+ 52 44
+ 52 45
+ 54 44
+ 54 45
+ 56 44
+ 56 45
+ 58 44
+ 58 45
+ 60 44
+ 60 45
+ 62 44
+ 62 45
+ 64 44
+ 64 45
+ 66 44
+ 66 45
+ 68 44
+ 68 45
+ 70 44
+ 70 45
+ 72 44
+ 72 45
+ 74 44
+ 74 45
+ 76 44
+ 76 45
+ 78 44
+ 78 45
+ 80 44
+ 80 45
+ 82 44
+ 82 45
+ 84 44
+ 84 45
+ 86 44
+ 86 45
+ 88 44
+ 88 45
Case #52: 19 16
+ 1 1
+ 1 2
+ 1 3
+ 1 4
+ 1 5
+ 1 9
+ 1 10
+ 1 11
x 2 6
x 3 7
+ 3 10
+ 5 4
+ 8 6
+ 9 6
+ 10 6
+ 11 6
Case #53: 33 30
+ 1 1
+ 1 2
+ 1 3
+ 1 4
+ 1 5
+ 1 6
+ 1 7
+ 1 8
+ 1 9
+ 1 10
+ 1 12
+ 1 13
+ 1 14
+ 1 16
+ 1 18
+ 1 19
+ 1 20
x 2 11
x 3 15
+ 3 19
+ 10 8
+ 12 11
+ 14 10
+ 14 11
+ 16 10
+ 16 11
+ 18 10
+ 18 11
+ 20 10
+ 20 11
Case #54: 157 150
x 1 2
+ 1 4
+ 1 5
+ 1 7
+ 1 8
+ 1 9
+ 1 10
+ 1 11
+ 1 13
+ 1 14
+ 1 15
+ 1 16
+ 1 17
+ 1 18
+ 1 19
+ 1 20
+ 1 21
+ 1 23
+ 1 24
+ 1 25
+ 1 26
+ 1 27
+ 1 28
+ 1 29
+ 1 31
+ 1 32
+ 1 33
+ 1 34
+ 1 35
+ 1 36
+ 1 38
+ 1 39
+ 1 40
+ 1 41
+ 1 42
+ 1 43
+ 1 44
+ 1 45
+ 1 46
+ 1 47
+ 1 48
+ 1 49
+ 1 50
+ 1 51
+ 1 52
+ 1 53
+ 1 54
+ 1 55
+ 1 56
+ 1 57
+ 1 58
+ 1 59
+ 1 60
+ 1 61
+ 1 62
+ 1 63
+ 1 64
+ 1 65
+ 1 66
+ 1 67
+ 1 68
+ 1 69
+ 1 70
+ 1 71
+ 1 72
+ 1 73
+ 1 74
+ 1 75
+ 1 76
+ 1 77
+ 1 78
+ 1 79
+ 1 80
+ 1 81
+ 1 82
+ 1 83
+ 1 84
+ 1 85
+ 1 86
+ 1 87
+ 1 88
+ 1 89
+ 1 90
+ 1 91
+ 1 92
+ 1 93
+ 1 94
+ 1 95
+ 1 96
+ 1 97
+ 1 98
+ 1 99
+ 1 100
x 2 1
x 3 3
x 4 6
x 5 12
x 6 22
x 7 30
x 8 37
+ 51 52
+ 52 50
+ 53 52
+ 54 50
+ 55 52
+ 56 50
+ 57 52
+ 58 50
+ 59 52
+ 60 50
+ 61 52
+ 62 50
+ 63 52
+ 64 50
+ 65 52
+ 66 50
+ 67 52
+ 68 50
+ 69 52
+ 70 50
+ 71 52
+ 72 50
+ 73 52
+ 74 50
+ 75 52
+ 76 50
+ 77 52
+ 78 50
+ 79 52
+ 80 50
+ 81 52
+ 82 50
+ 83 52
+ 84 50
+ 85 52
+ 86 50
+ 87 52
+ 88 50
+ 89 52
+ 90 50
+ 91 52
+ 92 50
+ 93 52
+ 94 50
+ 95 52
+ 96 50
+ 97 52
+ 98 50
+ 99 52
+ 100 50
Case #55: 93 91
+ 1 1
+ 1 2
+ 1 3
+ 1 4
+ 1 5
+ 1 6
+ 1 7
+ 1 8
+ 1 9
+ 1 10
+ 1 11
+ 1 12
+ 1 13
+ 1 14
+ 1 15
+ 1 16
+ 1 17
+ 1 18
+ 1 19
+ 1 20
+ 1 21
+ 1 22
+ 1 23
+ 1 24
+ 1 25
+ 1 26
+ 1 27
+ 1 28
+ 1 29
+ 1 30
+ 1 31
+ 1 32
+ 1 33
+ 1 34
+ 1 35
+ 1 36
+ 1 37
+ 1 38
+ 1 39
+ 1 40
+ 1 41
+ 1 42
+ 1 43
+ 1 44
+ 1 45
+ 1 46
+ 1 47
+ 1 48
+ 1 49
+ 1 50
+ 1 51
+ 1 52
+ 1 53
+ 1 54
+ 1 55
+ 1 56
+ 1 57
+ 1 58
+ 1 59
+ 1 60
+ 1 62
+ 33 31
+ 33 32
+ 35 31
+ 35 32
+ 37 31
+ 37 32
+ 39 31
+ 39 32
+ 41 31
+ 41 32
+ 43 31
+ 43 32
+ 45 31
+ 45 32
+ 47 31
+ 47 32
+ 49 31
+ 49 32
+ 51 31
+ 51 32
+ 53 31
+ 53 32
+ 55 31
+ 55 32
+ 57 31
+ 57 32
+ 59 31
+ 59 32
+ 61 31
+ 61 32
Case #56: 53 51
+ 1 1
+ 1 2
+ 1 3
+ 1 5
+ 1 6
+ 1 7
+ 1 8
+ 1 9
+ 1 10
+ 1 11
+ 1 12
+ 1 13
+ 1 14
+ 1 15
+ 1 16
+ 1 17
+ 1 18
+ 1 19
+ 1 20
+ 1 21
+ 1 22
+ 1 23
+ 1 24
+ 1 25
+ 1 26
+ 1 27
+ 1 28
+ 1 29
+ 1 30
+ 1 31
+ 1 32
+ 1 33
+ 1 34
+ 1 35
+ 19 18
+ 20 18
+ 21 18
+ 22 18
+ 23 18
+ 24 18
+ 25 18
+ 26 18
+ 27 18
+ 28 18
+ 29 18
+ 30 18
+ 31 18
+ 32 18
+ 33 18
+ 34 18
+ 35 18
Case #57: 152 150
+ 1 2
+ 1 3
+ 1 4
+ 1 5
+ 1 6
+ 1 7
+ 1 8
+ 1 9
+ 1 10
+ 1 11
+ 1 12
+ 1 13
+ 1 14
+ 1 15
+ 1 16
+ 1 17
+ 1 18
+ 1 19
+ 1 20
+ 1 21
+ 1 22
+ 1 23
+ 1 24
+ 1 25
+ 1 26
+ 1 27
+ 1 28
+ 1 29
+ 1 30
+ 1 31
+ 1 32
+ 1 33
+ 1 34
+ 1 35
+ 1 36
+ 1 37
+ 1 38
+ 1 39
+ 1 40
+ 1 41
+ 1 42
+ 1 43
+ 1 44
+ 1 45
+ 1 46
+ 1 47
+ 1 48
+ 1 49
+ 1 50
+ 1 51
+ 1 52
+ 1 53
+ 1 55
+ 1 56
+ 1 57
+ 1 58
+ 1 59
+ 1 60
+ 1 61
+ 1 62
+ 1 63
+ 1 64
+ 1 65
+ 1 66
+ 1 67
+ 1 68
+ 1 69
+ 1 70
+ 1 71
+ 1 72
+ 1 73
+ 1 74
+ 1 75
+ 1 76
+ 1 77
+ 1 78
+ 1 79
+ 1 80
+ 1 81
+ 1 82
+ 1 83
+ 1 84
+ 1 85
+ 1 86
+ 1 87
+ 1 88
+ 1 89
+ 1 90
+ 1 91
+ 1 92
+ 1 93
+ 1 94
+ 1 95
+ 1 96
+ 1 97
+ 1 98
+ 1 99
+ 1 100
x 2 1
+ 25 78
+ 28 27
+ 52 50
+ 54 50
+ 54 51
+ 56 50
+ 56 51
+ 58 50
+ 58 51
+ 60 50
+ 60 51
+ 62 50
+ 62 51
+ 64 50
+ 64 51
+ 66 50
+ 66 51
+ 68 50
+ 68 51
+ 70 50
+ 70 51
+ 72 50
+ 72 51
+ 74 50
+ 74 51
+ 76 50
+ 76 51
+ 78 50
+ 78 51
+ 80 50
+ 80 51
+ 82 50
+ 82 51
+ 84 50
+ 84 51
+ 86 50
+ 86 51
+ 88 50
+ 88 51
+ 90 50
+ 90 51
+ 92 50
+ 92 51
+ 94 50
+ 94 51
+ 96 50
+ 96 51
+ 98 50
+ 98 51
+ 100 50
+ 100 51
Case #58: 154 151
x 1 4
+ 1 5
+ 1 6
+ 1 7
+ 1 8
+ 1 9
+ 1 10
+ 1 11
+ 1 12
+ 1 13
+ 1 14
+ 1 15
+ 1 16
+ 1 17
+ 1 18
+ 1 19
+ 1 20
+ 1 21
+ 1 22
+ 1 23
+ 1 24
+ 1 25
+ 1 26
+ 1 27
+ 1 28
+ 1 29
+ 1 30
+ 1 31
+ 1 32
+ 1 33
+ 1 34
+ 1 35
+ 1 36
+ 1 37
+ 1 38
+ 1 39
+ 1 40
+ 1 41
+ 1 42
+ 1 43
+ 1 44
+ 1 45
+ 1 46
+ 1 47
+ 1 48
+ 1 49
+ 1 50
+ 1 51
+ 1 52
+ 1 53
+ 1 54
+ 1 55
+ 1 56
+ 1 57
+ 1 58
+ 1 59
+ 1 60
+ 1 61
+ 1 62
+ 1 63
+ 1 64
+ 1 65
+ 1 66
+ 1 67
+ 1 68
+ 1 69
+ 1 70
+ 1 71
+ 1 72
+ 1 73
+ 1 74
+ 1 75
+ 1 76
+ 1 77
+ 1 78
+ 1 79
+ 1 80
+ 1 81
+ 1 82
+ 1 83
+ 1 84
+ 1 85
+ 1 86
+ 1 87
+ 1 88
+ 1 89
+ 1 90
+ 1 91
+ 1 92
+ 1 93
+ 1 94
+ 1 95
+ 1 96
+ 1 97
+ 1 98
+ 1 99
+ 1 100
x 2 1
x 3 2
+ 4 1
x 4 3
+ 50 53
+ 52 50
+ 53 52
+ 54 50
+ 56 50
+ 56 51
+ 58 50
+ 58 51
+ 60 50
+ 60 51
+ 62 50
+ 62 51
+ 64 50
+ 64 51
+ 66 50
+ 66 51
+ 68 50
+ 68 51
+ 70 50
+ 70 51
+ 72 50
+ 72 51
+ 74 50
+ 74 51
+ 76 50
+ 76 51
+ 78 50
+ 78 51
+ 80 50
+ 80 51
+ 82 50
+ 82 51
+ 84 50
+ 84 51
+ 86 50
+ 86 51
+ 88 50
+ 88 51
+ 90 50
+ 90 51
+ 92 50
+ 92 51
+ 94 50
+ 94 51
+ 96 50
+ 96 51
+ 98 50
+ 98 51
+ 100 50
+ 100 51
Case #59: 154 150
+ 1 3
+ 1 4
+ 1 5
+ 1 6
+ 1 7
+ 1 8
+ 1 9
+ 1 11
+ 1 12
+ 1 13
+ 1 14
+ 1 15
+ 1 16
+ 1 17
+ 1 18
+ 1 20
+ 1 21
+ 1 22
+ 1 23
+ 1 24
+ 1 25
+ 1 26
+ 1 27
+ 1 28
+ 1 29
+ 1 30
+ 1 31
+ 1 32
+ 1 33
+ 1 34
+ 1 35
+ 1 36
+ 1 37
+ 1 38
+ 1 39
+ 1 40
+ 1 41
+ 1 42
+ 1 43
+ 1 44
+ 1 45
+ 1 46
+ 1 47
+ 1 48
+ 1 49
+ 1 50
+ 1 51
+ 1 52
+ 1 53
+ 1 54
+ 1 55
+ 1 56
+ 1 57
+ 1 58
+ 1 59
+ 1 60
+ 1 61
+ 1 62
+ 1 63
+ 1 64
+ 1 65
+ 1 66
+ 1 67
+ 1 68
+ 1 69
+ 1 70
+ 1 71
+ 1 72
+ 1 73
+ 1 74
+ 1 75
+ 1 76
+ 1 77
+ 1 78
+ 1 79
+ 1 80
+ 1 81
+ 1 82
+ 1 83
+ 1 84
+ 1 85
+ 1 86
+ 1 87
+ 1 88
+ 1 89
+ 1 90
+ 1 91
+ 1 92
+ 1 93
+ 1 94
+ 1 95
+ 1 96
+ 1 97
+ 1 98
+ 1 99
+ 1 100
x 2 1
x 3 2
x 4 10
+ 11 9
+ 42 60
+ 52 51
+ 54 50
+ 54 51
+ 56 50
+ 56 51
+ 58 50
+ 58 51
+ 60 50
+ 60 51
+ 62 50
+ 62 51
+ 64 50
+ 64 51
+ 66 50
+ 66 51
+ 68 50
+ 68 51
+ 70 50
+ 70 51
+ 72 50
+ 72 51
+ 74 50
+ 74 51
+ 76 50
+ 76 51
+ 78 50
+ 78 51
+ 80 50
+ 80 51
+ 82 50
+ 82 51
+ 84 50
+ 84 51
+ 86 50
+ 86 51
+ 88 50
+ 88 51
+ 90 50
+ 90 51
+ 92 50
+ 92 51
+ 94 50
+ 94 51
+ 96 50
+ 96 51
+ 98 50
+ 98 51
+ 100 50
+ 100 51
Case #60: 154 150
x 1 2
+ 1 3
+ 1 4
+ 1 5
+ 1 6
+ 1 7
+ 1 8
+ 1 9
+ 1 10
+ 1 11
+ 1 12
+ 1 13
+ 1 14
+ 1 15
+ 1 16
+ 1 17
+ 1 18
+ 1 19
+ 1 20
+ 1 21
+ 1 22
+ 1 23
+ 1 24
+ 1 25
+ 1 27
+ 1 28
+ 1 30
+ 1 31
+ 1 32
+ 1 33
+ 1 34
+ 1 35
+ 1 36
+ 1 37
+ 1 38
+ 1 39
+ 1 40
+ 1 42
+ 1 43
+ 1 44
+ 1 45
+ 1 46
+ 1 47
+ 1 48
+ 1 49
+ 1 50
+ 1 51
+ 1 52
+ 1 53
+ 1 54
+ 1 55
+ 1 56
+ 1 57
+ 1 58
+ 1 59
+ 1 60
+ 1 61
+ 1 62
+ 1 63
+ 1 64
+ 1 65
+ 1 66
+ 1 67
+ 1 68
+ 1 69
+ 1 70
+ 1 71
+ 1 72
+ 1 73
+ 1 74
+ 1 75
+ 1 76
+ 1 77
+ 1 78
+ 1 79
+ 1 80
+ 1 81
+ 1 82
+ 1 83
+ 1 84
+ 1 85
+ 1 86
+ 1 87
+ 1 88
+ 1 89
+ 1 90
+ 1 91
+ 1 92
+ 1 93
+ 1 94
+ 1 95
+ 1 96
+ 1 97
+ 1 98
+ 1 99
+ 1 100
x 2 1
x 3 26
x 4 29
x 5 41
+ 51 52
+ 52 50
+ 53 52
+ 54 50
+ 55 52
+ 56 50
+ 57 52
+ 58 50
+ 59 52
+ 60 50
+ 61 52
+ 62 50
+ 63 52
+ 64 50
+ 65 52
+ 66 50
+ 67 52
+ 68 50
+ 69 52
+ 70 50
+ 71 52
+ 72 50
+ 73 52
+ 74 50
+ 75 52
+ 76 50
+ 77 52
+ 78 50
+ 79 52
+ 80 50
+ 81 52
+ 82 50
+ 83 52
+ 84 50
+ 85 52
+ 86 50
+ 87 52
+ 88 50
+ 89 52
+ 90 50
+ 91 52
+ 92 50
+ 93 52
+ 94 50
+ 95 52
+ 96 50
+ 97 52
+ 98 50
+ 99 52
+ 100 50
Case #61: 129 125
+ 1 1
+ 1 2
+ 1 3
+ 1 4
+ 1 5
+ 1 6
+ 1 7
+ 1 8
+ 1 9
+ 1 10
+ 1 11
+ 1 12
+ 1 13
+ 1 14
+ 1 15
+ 1 16
+ 1 17
+ 1 18
+ 1 19
+ 1 20
+ 1 21
+ 1 22
+ 1 23
+ 1 24
+ 1 25
+ 1 26
+ 1 27
+ 1 28
+ 1 29
+ 1 30
+ 1 31
+ 1 32
+ 1 33
+ 1 34
+ 1 35
+ 1 36
+ 1 37
+ 1 38
+ 1 39
+ 1 40
+ 1 41
+ 1 42
+ 1 43
+ 1 44
+ 1 45
+ 1 46
+ 1 48
+ 1 49
+ 1 52
+ 1 53
+ 1 54
+ 1 55
+ 1 56
+ 1 57
+ 1 58
+ 1 59
+ 1 60
+ 1 61
+ 1 62
+ 1 63
+ 1 64
+ 1 65
+ 1 66
+ 1 67
+ 1 68
+ 1 69
+ 1 70
+ 1 71
+ 1 72
+ 1 73
+ 1 74
+ 1 75
+ 1 76
+ 1 77
+ 1 78
+ 1 79
+ 1 80
+ 1 81
+ 1 82
+ 1 83
+ 1 84
x 2 47
x 3 50
+ 44 42
+ 44 43
+ 46 42
+ 46 43
+ 48 42
+ 48 43
+ 50 42
+ 50 43
+ 52 42
+ 52 43
+ 54 42
+ 54 43
+ 56 42
+ 56 43
+ 58 42
+ 58 43
+ 60 42
+ 60 43
+ 62 42
+ 62 43
+ 64 42
+ 64 43
+ 66 42
+ 66 43
+ 68 42
+ 68 43
+ 70 42
+ 70 43
+ 72 42
+ 72 43
+ 74 42
+ 74 43
+ 76 42
+ 76 43
+ 78 42
+ 78 43
+ 80 42
+ 80 43
+ 82 42
+ 82 43
+ 84 42
+ 84 43
Case #62: 19 17
+ 1 1
+ 1 2
+ 1 3
+ 1 4
+ 1 5
+ 1 6
+ 1 7
+ 1 8
+ 1 10
+ 1 11
x 2 9
+ 7 6
+ 8 6
+ 9 6
+ 10 6
+ 11 6
+ 12 6
Case #63: 40 37
+ 1 1
+ 1 2
+ 1 3
+ 1 4
+ 1 5
+ 1 6
+ 1 7
+ 1 8
+ 1 9
+ 1 11
+ 1 12
+ 1 13
+ 1 14
+ 1 15
+ 1 16
+ 1 18
+ 1 19
+ 1 20
+ 1 21
+ 1 22
+ 1 24
+ 1 25
x 2 10
x 3 17
+ 3 25
+ 13 11
+ 14 13
+ 16 13
+ 17 13
+ 18 13
+ 19 13
+ 20 13
+ 21 13
+ 22 13
+ 23 13
+ 24 13
+ 25 13
Case #64: 28 25
+ 1 1
+ 1 2
+ 1 3
+ 1 4
+ 1 5
+ 1 6
+ 1 7
+ 1 8
+ 1 9
+ 1 11
+ 1 12
+ 1 13
+ 1 15
+ 1 16
+ 1 17
+ 1 18
x 2 14
+ 11 9
+ 11 10
+ 13 9
+ 13 10
+ 15 9
+ 15 10
+ 17 9
+ 17 10
Case #65: 40 37
+ 1 1
+ 1 2
+ 1 3
+ 1 4
+ 1 6
+ 1 7
+ 1 8
+ 1 9
+ 1 10
+ 1 11
+ 1 12
+ 1 13
+ 1 14
+ 1 15
+ 1 16
+ 1 17
+ 1 18
+ 1 20
+ 1 21
+ 1 22
+ 1 23
+ 1 24
+ 1 25
+ 1 26
x 2 19
+ 15 13
+ 15 14
+ 17 13
+ 17 14
+ 19 13
+ 19 14
+ 21 13
+ 21 14
+ 23 13
+ 23 14
+ 25 13
+ 25 14
Case #66: 149 149
x 1 1
+ 1 2
+ 1 3
+ 1 4
+ 1 5
+ 1 6
+ 1 7
+ 1 8
+ 1 9
+ 1 10
+ 1 11
+ 1 12
+ 1 13
+ 1 14
+ 1 15
+ 1 16
+ 1 17
+ 1 18
+ 1 19
+ 1 20
+ 1 21
+ 1 22
+ 1 23
+ 1 24
+ 1 25
+ 1 26
+ 1 27
+ 1 28
+ 1 29
+ 1 30
+ 1 31
+ 1 32
+ 1 33
+ 1 34
+ 1 35
+ 1 36
+ 1 37
+ 1 38
+ 1 39
+ 1 40
+ 1 41
+ 1 42
+ 1 43
+ 1 44
+ 1 45
+ 1 46
+ 1 47
+ 1 48
+ 1 49
+ 1 50
+ 1 51
+ 1 52
+ 1 53
+ 1 54
+ 1 55
+ 1 56
+ 1 57
+ 1 58
+ 1 59
+ 1 60
+ 1 61
+ 1 62
+ 1 63
+ 1 64
+ 1 65
+ 1 66
+ 1 67
+ 1 68
+ 1 69
+ 1 70
+ 1 71
+ 1 72
+ 1 73
+ 1 74
+ 1 75
+ 1 76
+ 1 77
+ 1 78
+ 1 79
+ 1 80
+ 1 81
+ 1 82
+ 1 83
+ 1 84
+ 1 85
+ 1 86
+ 1 87
+ 1 88
+ 1 89
+ 1 90
+ 1 91
+ 1 92
+ 1 93
+ 1 94
+ 1 95
+ 1 96
+ 1 97
+ 1 98
+ 1 99
+ 51 50
+ 51 51
+ 53 50
+ 53 51
+ 55 50
+ 55 51
+ 57 50
+ 57 51
+ 59 50
+ 59 51
+ 61 50
+ 61 51
+ 63 50
+ 63 51
+ 65 50
+ 65 51
+ 67 50
+ 67 51
+ 69 50
+ 69 51
+ 71 50
+ 71 51
+ 73 50
+ 73 51
+ 75 50
+ 75 51
+ 77 50
+ 77 51
+ 79 50
+ 79 51
+ 81 50
+ 81 51
+ 83 50
+ 83 51
+ 85 50
+ 85 51
+ 87 50
+ 87 51
+ 89 50
+ 89 51
+ 91 50
+ 91 51
+ 93 50
+ 93 51
+ 95 50
+ 95 51
+ 97 50
+ 97 51
+ 99 50
+ 99 51
Case #67: 151 150
+ 1 1
+ 1 2
+ 1 3
+ 1 4
+ 1 5
+ 1 6
+ 1 7
+ 1 8
+ 1 9
+ 1 10
+ 1 11
+ 1 12
+ 1 13
+ 1 14
+ 1 15
+ 1 16
+ 1 17
+ 1 18
+ 1 20
+ 1 21
+ 1 22
+ 1 23
+ 1 24
+ 1 25
+ 1 26
+ 1 27
+ 1 28
+ 1 29
+ 1 30
+ 1 31
+ 1 32
+ 1 33
+ 1 34
+ 1 35
+ 1 36
+ 1 37
+ 1 38
+ 1 39
+ 1 40
+ 1 41
+ 1 42
+ 1 43
+ 1 44
+ 1 45
+ 1 46
+ 1 47
+ 1 48
+ 1 49
+ 1 50
+ 1 51
+ 1 52
+ 1 53
+ 1 54
+ 1 55
+ 1 56
+ 1 57
+ 1 58
+ 1 59
+ 1 60
+ 1 61
+ 1 62
+ 1 63
+ 1 64
+ 1 65
+ 1 66
+ 1 67
+ 1 68
+ 1 69
+ 1 70
+ 1 71
+ 1 72
+ 1 73
+ 1 74
+ 1 75
+ 1 76
+ 1 77
+ 1 78
+ 1 79
+ 1 80
+ 1 81
+ 1 82
+ 1 83
+ 1 84
+ 1 85
+ 1 86
+ 1 87
+ 1 88
+ 1 89
+ 1 90
+ 1 91
+ 1 92
+ 1 93
+ 1 94
+ 1 95
+ 1 96
+ 1 97
+ 1 98
+ 1 99
+ 1 100
+ 11 9
+ 42 60
+ 52 51
+ 54 50
+ 54 51
+ 56 50
+ 56 51
+ 58 50
+ 58 51
+ 60 50
+ 60 51
+ 62 50
+ 62 51
+ 64 50
+ 64 51
+ 66 50
+ 66 51
+ 68 50
+ 68 51
+ 70 50
+ 70 51
+ 72 50
+ 72 51
+ 74 50
+ 74 51
+ 76 50
+ 76 51
+ 78 50
+ 78 51
+ 80 50
+ 80 51
+ 82 50
+ 82 51
+ 84 50
+ 84 51
+ 86 50
+ 86 51
+ 88 50
+ 88 51
+ 90 50
+ 90 51
+ 92 50
+ 92 51
+ 94 50
+ 94 51
+ 96 50
+ 96 51
+ 98 50
+ 98 51
+ 100 50
+ 100 51
Case #68: 157 150
+ 1 3
+ 1 4
+ 1 7
+ 1 8
+ 1 9
+ 1 11
+ 1 12
+ 1 13
+ 1 14
+ 1 15
+ 1 16
+ 1 17
+ 1 18
+ 1 19
+ 1 20
+ 1 21
+ 1 22
+ 1 23
+ 1 24
+ 1 25
+ 1 26
+ 1 27
+ 1 28
+ 1 29
+ 1 30
+ 1 31
+ 1 32
+ 1 33
+ 1 34
+ 1 35
+ 1 36
+ 1 37
+ 1 38
+ 1 39
+ 1 40
+ 1 41
+ 1 42
+ 1 43
+ 1 44
+ 1 45
+ 1 46
+ 1 47
+ 1 48
+ 1 50
+ 1 51
+ 1 52
+ 1 53
+ 1 54
+ 1 55
+ 1 56
+ 1 57
+ 1 58
+ 1 59
+ 1 60
+ 1 61
+ 1 62
+ 1 63
+ 1 64
+ 1 65
+ 1 66
+ 1 67
+ 1 68
+ 1 69
+ 1 70
+ 1 71
+ 1 72
+ 1 73
+ 1 74
+ 1 75
+ 1 76
+ 1 77
+ 1 78
+ 1 79
+ 1 80
+ 1 81
+ 1 82
+ 1 83
+ 1 84
+ 1 85
+ 1 87
+ 1 88
+ 1 89
+ 1 90
+ 1 91
+ 1 92
+ 1 93
+ 1 94
+ 1 95
+ 1 96
+ 1 97
+ 1 98
+ 1 99
+ 1 100
x 2 1
x 3 2
x 4 5
x 5 6
x 6 10
x 7 49
+ 9 94
+ 44 43
+ 52 50
+ 54 50
+ 54 51
+ 56 50
+ 56 51
+ 58 50
+ 58 51
+ 60 50
+ 60 51
+ 62 50
+ 62 51
+ 64 50
+ 64 51
+ 66 50
+ 66 51
+ 68 50
+ 68 51
+ 70 50
+ 70 51
+ 72 50
+ 72 51
+ 74 50
+ 74 51
+ 76 50
+ 76 51
+ 78 50
+ 78 51
+ 80 50
+ 80 51
+ 82 50
+ 82 51
+ 84 50
+ 84 51
+ 86 50
+ 86 51
+ 88 50
+ 88 51
+ 90 50
+ 90 51
+ 92 50
+ 92 51
+ 94 50
+ 94 51
+ 96 50
+ 96 51
+ 98 50
+ 98 51
+ 100 50
+ 100 51
Case #69: 250 149
x 2 2
x 3 3
x 4 4
x 5 5
x 6 6
x 7 7
x 8 8
x 9 9
x 10 10
x 11 11
x 12 12
x 13 13
x 14 14
x 15 15
x 16 16
x 17 17
x 18 18
x 19 19
x 20 20
x 21 21
x 22 22
x 23 23
x 24 24
x 25 25
x 26 26
x 27 27
x 28 28
x 29 29
x 30 30
x 31 31
x 32 32
x 33 33
x 34 34
x 35 35
x 36 36
x 37 37
x 38 38
x 39 39
x 40 40
x 41 41
x 42 42
x 43 43
x 44 44
x 45 45
x 46 46
x 47 47
x 48 48
x 49 49
x 50 50
x 51 51
+ 52 50
+ 52 51
x 52 52
x 53 53
+ 54 50
+ 54 51
x 54 54
x 55 55
+ 56 50
+ 56 51
x 56 56
x 57 57
+ 58 50
+ 58 51
x 58 58
x 59 59
+ 60 50
+ 60 51
x 60 60
x 61 61
+ 62 50
+ 62 51
x 62 62
x 63 63
+ 64 50
+ 64 51
x 64 64
x 65 65
+ 66 50
+ 66 51
x 66 66
x 67 67
+ 68 50
+ 68 51
x 68 68
x 69 69
+ 70 50
+ 70 51
x 70 70
x 71 71
+ 72 50
+ 72 51
x 72 72
x 73 73
+ 74 50
+ 74 51
x 74 74
x 75 75
+ 76 50
+ 76 51
x 76 76
x 77 77
+ 78 50
+ 78 51
x 78 78
x 79 79
+ 80 50
+ 80 51
x 80 80
x 81 81
+ 82 50
+ 82 51
x 82 82
x 83 83
+ 84 50
+ 84 51
x 84 84
x 85 85
+ 86 50
+ 86 51
x 86 86
x 87 87
+ 88 50
+ 88 51
x 88 88
x 89 89
+ 90 50
+ 90 51
x 90 90
x 91 91
+ 92 50
+ 92 51
x 92 92
x 93 93
+ 94 50
+ 94 51
x 94 94
x 95 95
+ 96 50
+ 96 51
x 96 96
x 97 97
+ 98 50
+ 98 51
x 98 98
x 99 99
+ 100 50
+ 100 51
x 100 100
Case #70: 56 54
+ 1 1
+ 1 2
+ 1 3
+ 1 4
+ 1 5
+ 1 6
+ 1 7
+ 1 9
+ 1 10
+ 1 11
+ 1 12
+ 1 13
+ 1 14
+ 1 15
+ 1 16
+ 1 17
+ 1 18
+ 1 19
+ 1 20
+ 1 21
+ 1 22
+ 1 23
+ 1 24
+ 1 25
+ 1 26
+ 1 28
+ 1 29
+ 1 30
+ 1 31
+ 1 32
+ 1 33
+ 1 34
+ 1 35
+ 1 36
x 2 8
+ 6 32
+ 15 13
+ 20 19
+ 22 18
+ 22 19
+ 24 18
+ 24 19
+ 26 18
+ 26 19
+ 28 18
+ 28 19
+ 30 18
+ 30 19
+ 32 18
+ 32 19
+ 34 18
+ 34 19
+ 36 18
+ 36 19
Case #71: 153 150
+ 1 2
+ 1 3
+ 1 4
+ 1 5
+ 1 6
+ 1 7
+ 1 8
+ 1 9
+ 1 10
+ 1 11
+ 1 12
+ 1 13
+ 1 15
+ 1 16
+ 1 17
+ 1 18
+ 1 19
+ 1 20
+ 1 21
+ 1 22
+ 1 23
+ 1 24
+ 1 25
+ 1 26
+ 1 27
+ 1 28
+ 1 29
+ 1 31
+ 1 32
+ 1 33
+ 1 34
+ 1 35
+ 1 36
+ 1 37
+ 1 38
+ 1 39
+ 1 40
+ 1 41
+ 1 42
+ 1 43
+ 1 44
+ 1 45
+ 1 46
+ 1 47
+ 1 48
+ 1 49
+ 1 50
+ 1 51
+ 1 52
+ 1 53
+ 1 54
+ 1 55
+ 1 56
+ 1 57
+ 1 58
+ 1 59
+ 1 60
+ 1 61
+ 1 62
+ 1 63
+ 1 64
+ 1 65
+ 1 66
+ 1 67
+ 1 68
+ 1 69
+ 1 70
+ 1 71
+ 1 72
+ 1 73
+ 1 74
+ 1 75
+ 1 76
+ 1 77
+ 1 78
+ 1 79
+ 1 80
+ 1 81
+ 1 82
+ 1 83
+ 1 84
+ 1 85
+ 1 86
+ 1 87
+ 1 88
+ 1 89
+ 1 90
+ 1 91
+ 1 92
+ 1 93
+ 1 94
+ 1 95
+ 1 96
+ 1 97
+ 1 98
+ 1 99
+ 1 100
x 2 1
x 3 30
+ 8 7
+ 45 58
+ 52 50
+ 54 50
+ 54 51
+ 56 50
+ 56 51
+ 58 50
+ 58 51
+ 60 50
+ 60 51
+ 62 50
+ 62 51
+ 64 50
+ 64 51
+ 66 50
+ 66 51
+ 68 50
+ 68 51
+ 70 50
+ 70 51
+ 72 50
+ 72 51
+ 74 50
+ 74 51
+ 76 50
+ 76 51
+ 78 50
+ 78 51
+ 80 50
+ 80 51
+ 82 50
+ 82 51
+ 84 50
+ 84 51
+ 86 50
+ 86 51
+ 88 50
+ 88 51
+ 90 50
+ 90 51
+ 92 50
+ 92 51
+ 94 50
+ 94 51
+ 96 50
+ 96 51
+ 98 50
+ 98 51
+ 100 50
+ 100 51
Case #72: 154 150
x 1 2
+ 1 3
+ 1 4
+ 1 5
+ 1 6
+ 1 7
+ 1 9
+ 1 10
+ 1 11
+ 1 12
+ 1 13
+ 1 14
+ 1 15
+ 1 16
+ 1 17
+ 1 19
+ 1 20
+ 1 21
+ 1 22
+ 1 23
+ 1 24
+ 1 25
+ 1 26
+ 1 27
+ 1 28
+ 1 29
+ 1 30
+ 1 31
+ 1 32
+ 1 33
+ 1 34
+ 1 35
+ 1 36
+ 1 37
+ 1 38
+ 1 39
+ 1 40
+ 1 41
+ 1 42
+ 1 43
+ 1 44
+ 1 45
+ 1 46
+ 1 47
+ 1 48
+ 1 49
+ 1 50
+ 1 51
+ 1 52
+ 1 53
+ 1 54
+ 1 55
+ 1 56
+ 1 57
+ 1 58
+ 1 59
+ 1 60
+ 1 61
+ 1 62
+ 1 63
+ 1 64
+ 1 65
+ 1 66
+ 1 67
+ 1 68
+ 1 69
+ 1 70
+ 1 71
+ 1 72
+ 1 73
+ 1 74
+ 1 75
+ 1 76
+ 1 77
+ 1 78
+ 1 79
+ 1 80
+ 1 81
+ 1 82
+ 1 83
+ 1 84
+ 1 85
+ 1 86
+ 1 87
+ 1 88
+ 1 89
+ 1 90
+ 1 92
+ 1 93
+ 1 94
+ 1 95
+ 1 96
+ 1 97
+ 1 98
+ 1 99
+ 1 100
x 2 1
x 3 8
x 4 18
x 5 91
+ 51 52
+ 52 50
+ 53 52
+ 54 50
+ 55 52
+ 56 50
+ 57 52
+ 58 50
+ 59 52
+ 60 50
+ 61 52
+ 62 50
+ 63 52
+ 64 50
+ 65 52
+ 66 50
+ 67 52
+ 68 50
+ 69 52
+ 70 50
+ 71 52
+ 72 50
+ 73 52
+ 74 50
+ 75 52
+ 76 50
+ 77 52
+ 78 50
+ 79 52
+ 80 50
+ 81 52
+ 82 50
+ 83 52
+ 84 50
+ 85 52
+ 86 50
+ 87 52
+ 88 50
+ 89 52
+ 90 50
+ 91 52
+ 92 50
+ 93 52
+ 94 50
+ 95 52
+ 96 50
+ 97 52
+ 98 50
+ 99 52
+ 100 50
Case #73: 154 151
x 1 3
+ 1 4
+ 1 5
+ 1 6
+ 1 7
+ 1 8
+ 1 9
+ 1 10
+ 1 11
+ 1 12
+ 1 13
+ 1 14
+ 1 15
+ 1 16
+ 1 17
+ 1 18
+ 1 19
+ 1 20
+ 1 21
+ 1 22
+ 1 23
+ 1 24
+ 1 25
+ 1 26
+ 1 27
+ 1 28
+ 1 29
+ 1 30
+ 1 31
+ 1 32
+ 1 33
+ 1 34
+ 1 35
+ 1 36
+ 1 37
+ 1 38
+ 1 39
+ 1 40
+ 1 41
+ 1 42
+ 1 43
+ 1 44
+ 1 45
+ 1 46
+ 1 47
+ 1 48
+ 1 49
+ 1 50
+ 1 51
+ 1 52
+ 1 53
+ 1 54
+ 1 55
+ 1 56
+ 1 57
+ 1 58
+ 1 59
+ 1 60
+ 1 61
+ 1 62
+ 1 63
+ 1 64
+ 1 65
+ 1 66
+ 1 67
+ 1 68
+ 1 69
+ 1 70
+ 1 72
+ 1 73
+ 1 74
+ 1 75
+ 1 76
+ 1 77
+ 1 78
+ 1 79
+ 1 80
+ 1 81
+ 1 82
+ 1 83
+ 1 84
+ 1 85
+ 1 86
+ 1 87
+ 1 88
+ 1 89
+ 1 90
+ 1 91
+ 1 92
+ 1 93
+ 1 94
+ 1 95
+ 1 96
+ 1 97
+ 1 98
+ 1 99
+ 1 100
x 2 1
+ 3 1
x 3 2
x 4 71
+ 50 52
+ 52 51
+ 54 50
+ 54 51
+ 56 50
+ 56 51
+ 58 50
+ 58 51
+ 60 50
+ 60 51
+ 62 50
+ 62 51
+ 64 50
+ 64 51
+ 66 50
+ 66 51
+ 68 50
+ 68 51
+ 70 50
+ 70 51
+ 72 50
+ 72 51
+ 74 50
+ 74 51
+ 76 50
+ 76 51
+ 78 50
+ 78 51
+ 80 50
+ 80 51
+ 82 50
+ 82 51
+ 84 50
+ 84 51
+ 86 50
+ 86 51
+ 88 50
+ 88 51
+ 90 50
+ 90 51
+ 92 50
+ 92 51
+ 94 50
+ 94 51
+ 96 50
+ 96 51
+ 98 50
+ 98 51
+ 100 50
+ 100 51
Case #74: 91 88
+ 1 1
+ 1 2
+ 1 3
+ 1 4
+ 1 5
+ 1 6
+ 1 7
+ 1 8
+ 1 9
+ 1 10
+ 1 11
+ 1 12
+ 1 13
+ 1 14
+ 1 15
+ 1 16
+ 1 17
+ 1 18
+ 1 19
+ 1 20
+ 1 21
+ 1 22
+ 1 23
+ 1 25
+ 1 26
+ 1 27
+ 1 28
+ 1 29
+ 1 30
+ 1 31
+ 1 32
+ 1 33
+ 1 34
+ 1 35
+ 1 36
+ 1 37
+ 1 38
+ 1 39
+ 1 40
+ 1 41
+ 1 42
+ 1 43
+ 1 44
+ 1 45
+ 1 47
+ 1 48
+ 1 49
+ 1 50
+ 1 52
+ 1 53
+ 1 54
+ 1 55
+ 1 56
+ 1 57
+ 1 58
+ 1 59
x 2 24
x 3 51
+ 8 53
+ 24 23
+ 32 30
+ 33 30
+ 34 30
+ 35 30
+ 36 30
+ 37 30
+ 38 30
+ 39 30
+ 40 30
+ 41 30
+ 42 30
+ 43 30
+ 44 30
+ 45 30
+ 46 30
+ 47 30
+ 48 30
+ 49 30
+ 50 30
+ 51 30
+ 52 30
+ 53 30
+ 54 30
+ 55 30
+ 56 30
+ 57 30
+ 58 30
+ 59 30
Case #75: 250 149
o 1 100
x 2 1
x 3 2
x 4 3
x 5 4
x 6 5
x 7 6
x 8 7
x 9 8
x 10 9
x 11 10
x 12 11
x 13 12
x 14 13
x 15 14
x 16 15
x 17 16
x 18 17
x 19 18
x 20 19
x 21 20
x 22 21
x 23 22
x 24 23
x 25 24
x 26 25
x 27 26
x 28 27
x 29 28
x 30 29
x 31 30
x 32 31
x 33 32
x 34 33
x 35 34
x 36 35
x 37 36
x 38 37
x 39 38
x 40 39
x 41 40
x 42 41
x 43 42
x 44 43
x 45 44
x 46 45
x 47 46
x 48 47
x 49 48
x 50 49
x 51 50
+ 52 50
x 52 51
+ 53 50
x 53 52
+ 54 50
x 54 53
+ 55 50
x 55 54
+ 56 50
x 56 55
+ 57 50
x 57 56
+ 58 50
x 58 57
+ 59 50
x 59 58
+ 60 50
x 60 59
+ 61 50
x 61 60
+ 62 50
x 62 61
+ 63 50
x 63 62
+ 64 50
x 64 63
+ 65 50
x 65 64
+ 66 50
x 66 65
+ 67 50
x 67 66
+ 68 50
x 68 67
+ 69 50
x 69 68
+ 70 50
x 70 69
+ 71 50
x 71 70
+ 72 50
x 72 71
+ 73 50
x 73 72
+ 74 50
x 74 73
+ 75 50
x 75 74
+ 76 50
o 76 75
+ 77 50
x 77 76
+ 78 50
x 78 77
+ 79 50
x 79 78
+ 80 50
x 80 79
+ 81 50
x 81 80
+ 82 50
x 82 81
+ 83 50
x 83 82
+ 84 50
x 84 83
+ 85 50
x 85 84
+ 86 50
x 86 85
+ 87 50
x 87 86
+ 88 50
x 88 87
+ 89 50
x 89 88
+ 90 50
x 90 89
+ 91 50
x 91 90
+ 92 50
x 92 91
+ 93 50
x 93 92
+ 94 50
x 94 93
+ 95 50
x 95 94
+ 96 50
x 96 95
+ 97 50
x 97 96
+ 98 50
x 98 97
+ 99 50
x 99 98
+ 100 50
x 100 99
Case #76: 17 15
+ 1 1
+ 1 3
+ 1 4
+ 1 5
+ 1 6
+ 1 7
+ 1 8
+ 1 9
+ 1 10
+ 1 11
+ 7 6
+ 8 6
+ 9 6
+ 10 6
+ 11 6
Case #77: 54 49
+ 1 1
+ 1 2
+ 1 3
+ 1 4
+ 1 5
+ 1 6
+ 1 7
+ 1 8
+ 1 9
+ 1 10
+ 1 11
+ 1 13
+ 1 14
+ 1 15
+ 1 16
+ 1 17
+ 1 18
+ 1 20
+ 1 21
+ 1 22
+ 1 23
+ 1 24
+ 1 26
+ 1 27
+ 1 29
+ 1 30
+ 1 31
+ 1 32
+ 1 33
+ 1 34
x 2 12
x 3 19
x 4 25
+ 19 17
+ 19 18
+ 21 17
+ 21 18
+ 23 17
+ 23 18
+ 25 17
+ 25 18
+ 27 17
+ 27 18
+ 29 17
+ 29 18
+ 31 17
+ 31 18
+ 33 17
+ 33 18
Case #78: 153 150
x 1 2
+ 1 3
+ 1 4
+ 1 5
+ 1 7
+ 1 8
+ 1 9
+ 1 10
+ 1 11
+ 1 12
+ 1 13
+ 1 14
+ 1 15
+ 1 16
+ 1 17
+ 1 18
+ 1 20
+ 1 21
+ 1 22
+ 1 23
+ 1 24
+ 1 25
+ 1 26
+ 1 27
+ 1 28
+ 1 29
+ 1 30
+ 1 31
+ 1 32
+ 1 33
+ 1 34
+ 1 35
+ 1 36
+ 1 37
+ 1 38
+ 1 39
+ 1 40
+ 1 41
+ 1 42
+ 1 43
+ 1 44
+ 1 45
+ 1 46
+ 1 47
+ 1 48
+ 1 49
+ 1 50
+ 1 51
+ 1 52
+ 1 53
+ 1 54
+ 1 55
+ 1 56
+ 1 57
+ 1 58
+ 1 59
+ 1 60
+ 1 61
+ 1 62
+ 1 63
+ 1 64
+ 1 65
+ 1 66
+ 1 67
+ 1 68
+ 1 69
+ 1 70
+ 1 71
+ 1 72
+ 1 73
+ 1 74
+ 1 75
+ 1 76
+ 1 77
+ 1 78
+ 1 79
+ 1 80
+ 1 81
+ 1 82
+ 1 83
+ 1 84
+ 1 85
+ 1 86
+ 1 87
+ 1 88
+ 1 89
+ 1 90
+ 1 91
+ 1 92
+ 1 93
+ 1 94
+ 1 95
+ 1 96
+ 1 97
+ 1 98
+ 1 99
+ 1 100
x 2 1
x 3 6
x 4 19
+ 51 52
+ 52 50
+ 53 52
+ 54 50
+ 55 52
+ 56 50
+ 57 52
+ 58 50
+ 59 52
+ 60 50
+ 61 52
+ 62 50
+ 63 52
+ 64 50
+ 65 52
+ 66 50
+ 67 52
+ 68 50
+ 69 52
+ 70 50
+ 71 52
+ 72 50
+ 73 52
+ 74 50
+ 75 52
+ 76 50
+ 77 52
+ 78 50
+ 79 52
+ 80 50
+ 81 52
+ 82 50
+ 83 52
+ 84 50
+ 85 52
+ 86 50
+ 87 52
+ 88 50
+ 89 52
+ 90 50
+ 91 52
+ 92 50
+ 93 52
+ 94 50
+ 95 52
+ 96 50
+ 97 52
+ 98 50
+ 99 52
+ 100 50
Case #79: 153 150
x 1 2
+ 1 3
+ 1 4
+ 1 5
+ 1 6
+ 1 7
+ 1 8
+ 1 9
+ 1 10
+ 1 11
+ 1 12
+ 1 13
+ 1 14
+ 1 15
+ 1 16
+ 1 17
+ 1 18
+ 1 19
+ 1 20
+ 1 21
+ 1 22
+ 1 23
+ 1 24
+ 1 25
+ 1 26
+ 1 27
+ 1 29
+ 1 30
+ 1 31
+ 1 32
+ 1 33
+ 1 34
+ 1 35
+ 1 36
+ 1 37
+ 1 38
+ 1 39
+ 1 40
+ 1 41
+ 1 42
+ 1 43
+ 1 44
+ 1 45
+ 1 46
+ 1 47
+ 1 48
+ 1 49
+ 1 50
+ 1 51
+ 1 52
+ 1 53
+ 1 54
+ 1 55
+ 1 56
+ 1 57
+ 1 58
+ 1 59
+ 1 60
+ 1 61
+ 1 62
+ 1 63
+ 1 64
+ 1 65
+ 1 66
+ 1 67
+ 1 68
+ 1 69
+ 1 70
+ 1 71
+ 1 72
+ 1 73
+ 1 74
+ 1 75
+ 1 76
+ 1 77
+ 1 78
+ 1 79
+ 1 80
+ 1 81
+ 1 82
+ 1 84
+ 1 85
+ 1 86
+ 1 87
+ 1 88
+ 1 89
+ 1 90
+ 1 91
+ 1 92
+ 1 93
+ 1 94
+ 1 95
+ 1 96
+ 1 97
+ 1 98
+ 1 99
+ 1 100
x 2 1
x 3 28
x 4 83
+ 51 52
+ 52 50
+ 53 52
+ 54 50
+ 55 52
+ 56 50
+ 57 52
+ 58 50
+ 59 52
+ 60 50
+ 61 52
+ 62 50
+ 63 52
+ 64 50
+ 65 52
+ 66 50
+ 67 52
+ 68 50
+ 69 52
+ 70 50
+ 71 52
+ 72 50
+ 73 52
+ 74 50
+ 75 52
+ 76 50
+ 77 52
+ 78 50
+ 79 52
+ 80 50
+ 81 52
+ 82 50
+ 83 52
+ 84 50
+ 85 52
+ 86 50
+ 87 52
+ 88 50
+ 89 52
+ 90 50
+ 91 52
+ 92 50
+ 93 52
+ 94 50
+ 95 52
+ 96 50
+ 97 52
+ 98 50
+ 99 52
+ 100 50
Case #80: 91 87
+ 1 1
+ 1 2
+ 1 3
+ 1 4
+ 1 5
+ 1 6
+ 1 7
+ 1 8
+ 1 9
+ 1 10
+ 1 11
+ 1 12
+ 1 13
+ 1 14
+ 1 15
+ 1 16
+ 1 17
+ 1 19
+ 1 20
+ 1 21
+ 1 22
+ 1 23
+ 1 25
+ 1 26
+ 1 27
+ 1 28
+ 1 29
+ 1 30
+ 1 31
+ 1 32
+ 1 33
+ 1 34
+ 1 35
+ 1 36
+ 1 37
+ 1 38
+ 1 39
+ 1 40
+ 1 41
+ 1 42
+ 1 43
+ 1 44
+ 1 45
+ 1 46
+ 1 47
+ 1 48
+ 1 49
+ 1 50
+ 1 51
+ 1 52
+ 1 53
+ 1 54
+ 1 56
+ 1 57
+ 1 58
+ 1 59
x 2 18
x 3 24
+ 31 30
+ 32 30
+ 33 30
+ 34 30
+ 35 30
+ 36 30
+ 37 30
+ 38 30
+ 39 30
+ 40 30
+ 41 30
+ 42 30
+ 43 30
+ 44 30
+ 45 30
+ 46 30
+ 47 30
+ 48 30
+ 49 30
+ 50 30
+ 51 30
+ 52 30
+ 53 30
+ 54 30
+ 55 30
+ 56 30
+ 57 30
+ 58 30
+ 59 30
Case #81: 2 1
o 1 1
Case #82: 159 150
x 1 2
+ 1 3
+ 1 5
+ 1 7
+ 1 8
+ 1 10
+ 1 11
+ 1 12
+ 1 13
+ 1 14
+ 1 15
+ 1 17
+ 1 18
+ 1 19
+ 1 20
+ 1 21
+ 1 22
+ 1 23
+ 1 24
+ 1 25
+ 1 26
+ 1 27
+ 1 28
+ 1 29
+ 1 31
+ 1 32
+ 1 33
+ 1 35
+ 1 36
+ 1 37
+ 1 38
+ 1 39
+ 1 40
+ 1 41
+ 1 42
+ 1 43
+ 1 44
+ 1 46
+ 1 47
+ 1 48
+ 1 49
+ 1 50
+ 1 52
+ 1 53
+ 1 54
+ 1 55
+ 1 56
+ 1 57
+ 1 58
+ 1 59
+ 1 60
+ 1 61
+ 1 62
+ 1 63
+ 1 64
+ 1 65
+ 1 66
+ 1 67
+ 1 68
+ 1 69
+ 1 70
+ 1 71
+ 1 72
+ 1 73
+ 1 74
+ 1 75
+ 1 76
+ 1 77
+ 1 78
+ 1 79
+ 1 80
+ 1 81
+ 1 82
+ 1 83
+ 1 84
+ 1 85
+ 1 86
+ 1 87
+ 1 88
+ 1 89
+ 1 90
+ 1 91
+ 1 92
+ 1 93
+ 1 94
+ 1 95
+ 1 96
+ 1 97
+ 1 98
+ 1 99
+ 1 100
x 2 1
x 3 4
x 4 6
x 5 9
x 6 16
x 7 30
x 8 34
x 9 45
x 10 51
+ 51 52
+ 52 50
+ 53 52
+ 54 50
+ 55 52
+ 56 50
+ 57 52
+ 58 50
+ 59 52
+ 60 50
+ 61 52
+ 62 50
+ 63 52
+ 64 50
+ 65 52
+ 66 50
+ 67 52
+ 68 50
+ 69 52
+ 70 50
+ 71 52
+ 72 50
+ 73 52
+ 74 50
+ 75 52
+ 76 50
+ 77 52
+ 78 50
+ 79 52
+ 80 50
+ 81 52
+ 82 50
+ 83 52
+ 84 50
+ 85 52
+ 86 50
+ 87 52
+ 88 50
+ 89 52
+ 90 50
+ 91 52
+ 92 50
+ 93 52
+ 94 50
+ 95 52
+ 96 50
+ 97 52
+ 98 50
+ 99 52
+ 100 50
Case #83: 151 150
+ 1 1
+ 1 2
+ 1 3
+ 1 4
+ 1 5
+ 1 6
+ 1 7
+ 1 8
+ 1 9
+ 1 10
+ 1 11
+ 1 12
+ 1 13
+ 1 14
+ 1 15
+ 1 16
+ 1 17
+ 1 18
+ 1 19
+ 1 20
+ 1 21
+ 1 22
+ 1 23
+ 1 24
+ 1 25
+ 1 26
+ 1 27
+ 1 28
+ 1 29
+ 1 30
+ 1 32
+ 1 33
+ 1 34
+ 1 35
+ 1 36
+ 1 37
+ 1 38
+ 1 39
+ 1 40
+ 1 41
+ 1 42
+ 1 43
+ 1 44
+ 1 45
+ 1 46
+ 1 47
+ 1 48
+ 1 49
+ 1 50
+ 1 51
+ 1 52
+ 1 53
+ 1 54
+ 1 55
+ 1 56
+ 1 57
+ 1 58
+ 1 59
+ 1 60
+ 1 61
+ 1 62
+ 1 63
+ 1 64
+ 1 65
+ 1 66
+ 1 67
+ 1 68
+ 1 69
+ 1 70
+ 1 71
+ 1 72
+ 1 73
+ 1 74
+ 1 75
+ 1 76
+ 1 77
+ 1 78
+ 1 79
+ 1 80
+ 1 81
+ 1 82
+ 1 83
+ 1 84
+ 1 85
+ 1 86
+ 1 87
+ 1 88
+ 1 89
+ 1 90
+ 1 91
+ 1 92
+ 1 93
+ 1 94
+ 1 95
+ 1 96
+ 1 97
+ 1 98
+ 1 99
+ 1 100
+ 17 15
+ 36 66
+ 52 51
+ 54 50
+ 54 51
+ 56 50
+ 56 51
+ 58 50
+ 58 51
+ 60 50
+ 60 51
+ 62 50
+ 62 51
+ 64 50
+ 64 51
+ 66 50
+ 66 51
+ 68 50
+ 68 51
+ 70 50
+ 70 51
+ 72 50
+ 72 51
+ 74 50
+ 74 51
+ 76 50
+ 76 51
+ 78 50
+ 78 51
+ 80 50
+ 80 51
+ 82 50
+ 82 51
+ 84 50
+ 84 51
+ 86 50
+ 86 51
+ 88 50
+ 88 51
+ 90 50
+ 90 51
+ 92 50
+ 92 51
+ 94 50
+ 94 51
+ 96 50
+ 96 51
+ 98 50
+ 98 51
+ 100 50
+ 100 51
Case #84: 153 150
+ 1 2
+ 1 3
+ 1 4
+ 1 5
+ 1 6
+ 1 8
+ 1 9
+ 1 10
+ 1 11
+ 1 12
+ 1 13
+ 1 14
+ 1 15
+ 1 16
+ 1 17
+ 1 18
+ 1 19
+ 1 20
+ 1 21
+ 1 22
+ 1 23
+ 1 24
+ 1 26
+ 1 27
+ 1 28
+ 1 29
+ 1 30
+ 1 31
+ 1 32
+ 1 33
+ 1 34
+ 1 35
+ 1 36
+ 1 37
+ 1 38
+ 1 39
+ 1 40
+ 1 41
+ 1 42
+ 1 43
+ 1 44
+ 1 45
+ 1 46
+ 1 47
+ 1 48
+ 1 49
+ 1 50
+ 1 51
+ 1 52
+ 1 53
+ 1 54
+ 1 55
+ 1 56
+ 1 57
+ 1 58
+ 1 59
+ 1 60
+ 1 61
+ 1 62
+ 1 63
+ 1 64
+ 1 65
+ 1 66
+ 1 67
+ 1 68
+ 1 69
+ 1 70
+ 1 71
+ 1 72
+ 1 73
+ 1 74
+ 1 75
+ 1 76
+ 1 77
+ 1 78
+ 1 79
+ 1 80
+ 1 81
+ 1 82
+ 1 83
+ 1 84
+ 1 85
+ 1 86
+ 1 87
+ 1 88
+ 1 89
+ 1 90
+ 1 91
+ 1 92
+ 1 93
+ 1 94
+ 1 95
+ 1 96
+ 1 97
+ 1 98
+ 1 99
+ 1 100
x 2 1
x 3 7
+ 14 12
+ 39 63
+ 52 51
+ 54 50
+ 54 51
+ 56 50
+ 56 51
+ 58 50
+ 58 51
+ 60 50
+ 60 51
+ 62 50
+ 62 51
+ 64 50
+ 64 51
+ 66 50
+ 66 51
+ 68 50
+ 68 51
+ 70 50
+ 70 51
+ 72 50
+ 72 51
+ 74 50
+ 74 51
+ 76 50
+ 76 51
+ 78 50
+ 78 51
+ 80 50
+ 80 51
+ 82 50
+ 82 51
+ 84 50
+ 84 51
+ 86 50
+ 86 51
+ 88 50
+ 88 51
+ 90 50
+ 90 51
+ 92 50
+ 92 51
+ 94 50
+ 94 51
+ 96 50
+ 96 51
+ 98 50
+ 98 51
+ 100 50
+ 100 51
Case #85: 11 8
+ 1 1
+ 1 4
+ 1 5
x 2 2
x 3 3
+ 4 3
+ 5 3
+ 6 3
Case #86: 138 134
+ 1 1
+ 1 2
+ 1 3
+ 1 4
+ 1 5
+ 1 6
+ 1 7
+ 1 8
+ 1 9
+ 1 10
+ 1 11
+ 1 12
+ 1 14
+ 1 15
+ 1 16
+ 1 17
+ 1 18
+ 1 19
+ 1 20
+ 1 21
+ 1 22
+ 1 23
+ 1 24
+ 1 25
+ 1 26
+ 1 27
+ 1 28
+ 1 29
+ 1 30
+ 1 31
+ 1 32
+ 1 33
+ 1 34
+ 1 35
+ 1 36
+ 1 37
+ 1 38
+ 1 39
+ 1 40
+ 1 41
+ 1 42
+ 1 43
+ 1 44
+ 1 45
+ 1 46
+ 1 47
+ 1 48
+ 1 49
+ 1 50
+ 1 51
+ 1 52
+ 1 53
+ 1 54
+ 1 55
+ 1 56
+ 1 57
+ 1 58
+ 1 59
+ 1 60
+ 1 64
+ 1 65
+ 1 66
+ 1 67
+ 1 68
+ 1 69
+ 1 70
+ 1 71
+ 1 72
+ 1 73
+ 1 74
+ 1 75
+ 1 76
+ 1 77
+ 1 78
+ 1 79
+ 1 80
+ 1 81
+ 1 82
+ 1 83
+ 1 84
+ 1 85
+ 1 86
+ 1 87
+ 1 88
+ 1 89
+ 1 90
x 2 13
x 3 61
x 4 62
+ 15 77
+ 33 31
+ 47 46
+ 49 45
+ 49 46
+ 51 45
+ 51 46
+ 53 45
+ 53 46
+ 55 45
+ 55 46
+ 57 45
+ 57 46
+ 59 45
+ 59 46
+ 61 45
+ 61 46
+ 63 45
+ 63 46
+ 65 45
+ 65 46
+ 67 45
+ 67 46
+ 69 45
+ 69 46
+ 71 45
+ 71 46
+ 73 45
+ 73 46
+ 75 45
+ 75 46
+ 77 45
+ 77 46
+ 79 45
+ 79 46
+ 81 45
+ 81 46
+ 83 45
+ 83 46
+ 85 45
+ 85 46
+ 87 45
+ 87 46
+ 89 45
+ 89 46
Case #87: 29 27
+ 1 1
+ 1 2
+ 1 4
+ 1 5
+ 1 6
+ 1 7
+ 1 8
+ 1 10
+ 1 11
+ 1 12
+ 1 13
+ 1 14
+ 1 15
+ 1 16
+ 1 17
+ 1 18
x 2 9
+ 3 1
x 3 2
+ 9 11
+ 11 10
+ 13 9
+ 13 10
+ 15 9
+ 15 10
+ 17 9
+ 17 10
Case #88: 49 45
+ 1 1
+ 1 2
+ 1 3
+ 1 4
+ 1 7
+ 1 8
+ 1 9
+ 1 10
+ 1 11
+ 1 12
+ 1 13
+ 1 14
+ 1 15
+ 1 16
+ 1 17
+ 1 18
+ 1 19
+ 1 20
+ 1 21
+ 1 23
+ 1 24
+ 1 25
+ 1 26
+ 1 27
+ 1 28
+ 1 29
+ 1 30
+ 1 31
x 2 6
x 3 22
+ 17 16
+ 18 16
+ 19 16
+ 20 16
+ 21 16
+ 22 16
+ 23 16
+ 24 16
+ 25 16
+ 26 16
+ 27 16
+ 28 16
+ 29 16
+ 30 16
+ 31 16
Case #89: 2 1
o 1 1
Case #90: 159 151
x 1 5
+ 1 6
+ 1 7
+ 1 8
+ 1 9
+ 1 10
+ 1 11
+ 1 12
+ 1 13
+ 1 14
+ 1 15
+ 1 16
+ 1 18
+ 1 19
+ 1 20
+ 1 21
+ 1 22
+ 1 23
+ 1 24
+ 1 25
+ 1 26
+ 1 27
+ 1 28
+ 1 29
+ 1 30
+ 1 31
+ 1 32
+ 1 33
+ 1 34
+ 1 35
+ 1 36
+ 1 37
+ 1 38
+ 1 39
+ 1 40
+ 1 41
+ 1 42
+ 1 43
+ 1 44
+ 1 45
+ 1 46
+ 1 47
+ 1 48
+ 1 49
+ 1 50
+ 1 51
+ 1 52
+ 1 53
+ 1 54
+ 1 55
+ 1 57
+ 1 58
+ 1 60
+ 1 61
+ 1 62
+ 1 63
+ 1 64
+ 1 65
+ 1 66
+ 1 67
+ 1 68
+ 1 69
+ 1 70
+ 1 71
+ 1 72
+ 1 73
+ 1 74
+ 1 75
+ 1 76
+ 1 77
+ 1 78
+ 1 79
+ 1 80
+ 1 81
+ 1 82
+ 1 83
+ 1 84
+ 1 85
+ 1 86
+ 1 87
+ 1 88
+ 1 89
+ 1 90
+ 1 91
+ 1 92
+ 1 93
+ 1 95
+ 1 96
+ 1 97
+ 1 98
+ 1 99
+ 1 100
x 2 1
x 3 2
+ 4 2
x 4 3
x 5 4
x 6 17
x 7 56
x 8 59
x 9 94
+ 49 53
+ 52 51
+ 54 50
+ 54 51
+ 56 50
+ 56 51
+ 58 50
+ 58 51
+ 60 50
+ 60 51
+ 62 50
+ 62 51
+ 64 50
+ 64 51
+ 66 50
+ 66 51
+ 68 50
+ 68 51
+ 70 50
+ 70 51
+ 72 50
+ 72 51
+ 74 50
+ 74 51
+ 76 50
+ 76 51
+ 78 50
+ 78 51
+ 80 50
+ 80 51
+ 82 50
+ 82 51
+ 84 50
+ 84 51
+ 86 50
+ 86 51
+ 88 50
+ 88 51
+ 90 50
+ 90 51
+ 92 50
+ 92 51
+ 94 50
+ 94 51
+ 96 50
+ 96 51
+ 98 50
+ 98 51
+ 100 50
+ 100 51
Case #91: 2 1
o 1 1
Case #92: 151 150
+ 1 1
+ 1 2
+ 1 3
+ 1 4
+ 1 5
+ 1 6
+ 1 7
+ 1 8
+ 1 9
+ 1 10
+ 1 11
+ 1 12
+ 1 13
+ 1 14
+ 1 15
+ 1 16
+ 1 17
+ 1 18
+ 1 19
+ 1 20
+ 1 21
+ 1 22
+ 1 23
+ 1 24
+ 1 25
+ 1 26
+ 1 27
+ 1 28
+ 1 29
+ 1 30
+ 1 31
+ 1 32
+ 1 33
+ 1 34
+ 1 35
+ 1 36
+ 1 37
+ 1 38
+ 1 39
+ 1 40
+ 1 41
+ 1 43
+ 1 44
+ 1 45
+ 1 46
+ 1 47
+ 1 48
+ 1 49
+ 1 50
+ 1 51
+ 1 52
+ 1 53
+ 1 54
+ 1 55
+ 1 56
+ 1 57
+ 1 58
+ 1 59
+ 1 60
+ 1 61
+ 1 62
+ 1 63
+ 1 64
+ 1 65
+ 1 66
+ 1 67
+ 1 68
+ 1 69
+ 1 70
+ 1 71
+ 1 72
+ 1 73
+ 1 74
+ 1 75
+ 1 76
+ 1 77
+ 1 78
+ 1 79
+ 1 80
+ 1 81
+ 1 82
+ 1 83
+ 1 84
+ 1 85
+ 1 86
+ 1 87
+ 1 88
+ 1 89
+ 1 90
+ 1 91
+ 1 92
+ 1 93
+ 1 94
+ 1 95
+ 1 96
+ 1 97
+ 1 98
+ 1 99
+ 1 100
+ 22 21
+ 31 72
+ 52 50
+ 54 50
+ 54 51
+ 56 50
+ 56 51
+ 58 50
+ 58 51
+ 60 50
+ 60 51
+ 62 50
+ 62 51
+ 64 50
+ 64 51
+ 66 50
+ 66 51
+ 68 50
+ 68 51
+ 70 50
+ 70 51
+ 72 50
+ 72 51
+ 74 50
+ 74 51
+ 76 50
+ 76 51
+ 78 50
+ 78 51
+ 80 50
+ 80 51
+ 82 50
+ 82 51
+ 84 50
+ 84 51
+ 86 50
+ 86 51
+ 88 50
+ 88 51
+ 90 50
+ 90 51
+ 92 50
+ 92 51
+ 94 50
+ 94 51
+ 96 50
+ 96 51
+ 98 50
+ 98 51
+ 100 50
+ 100 51
Case #93: 155 150
x 1 2
+ 1 4
+ 1 5
+ 1 6
+ 1 7
+ 1 8
+ 1 9
+ 1 11
+ 1 12
+ 1 13
+ 1 14
+ 1 15
+ 1 16
+ 1 17
+ 1 18
+ 1 19
+ 1 20
+ 1 21
+ 1 22
+ 1 24
+ 1 25
+ 1 26
+ 1 27
+ 1 28
+ 1 29
+ 1 30
+ 1 31
+ 1 32
+ 1 33
+ 1 34
+ 1 35
+ 1 36
+ 1 37
+ 1 38
+ 1 39
+ 1 40
+ 1 41
+ 1 42
+ 1 43
+ 1 44
+ 1 45
+ 1 46
+ 1 47
+ 1 48
+ 1 49
+ 1 50
+ 1 51
+ 1 52
+ 1 53
+ 1 54
+ 1 55
+ 1 56
+ 1 57
+ 1 58
+ 1 59
+ 1 60
+ 1 61
+ 1 62
+ 1 63
+ 1 64
+ 1 65
+ 1 66
+ 1 67
+ 1 68
+ 1 69
+ 1 70
+ 1 71
+ 1 73
+ 1 74
+ 1 75
+ 1 76
+ 1 77
+ 1 78
+ 1 79
+ 1 80
+ 1 81
+ 1 82
+ 1 83
+ 1 84
+ 1 85
+ 1 86
+ 1 87
+ 1 88
+ 1 89
+ 1 90
+ 1 91
+ 1 92
+ 1 93
+ 1 94
+ 1 95
+ 1 96
+ 1 97
+ 1 98
+ 1 99
+ 1 100
x 2 1
x 3 3
x 4 10
x 5 23
x 6 72
+ 51 52
+ 52 50
+ 53 52
+ 54 50
+ 55 52
+ 56 50
+ 57 52
+ 58 50
+ 59 52
+ 60 50
+ 61 52
+ 62 50
+ 63 52
+ 64 50
+ 65 52
+ 66 50
+ 67 52
+ 68 50
+ 69 52
+ 70 50
+ 71 52
+ 72 50
+ 73 52
+ 74 50
+ 75 52
+ 76 50
+ 77 52
+ 78 50
+ 79 52
+ 80 50
+ 81 52
+ 82 50
+ 83 52
+ 84 50
+ 85 52
+ 86 50
+ 87 52
+ 88 50
+ 89 52
+ 90 50
+ 91 52
+ 92 50
+ 93 52
+ 94 50
+ 95 52
+ 96 50
+ 97 52
+ 98 50
+ 99 52
+ 100 50
Case #94: 158 150
x 1 2
+ 1 4
+ 1 6
+ 1 7
+ 1 8
+ 1 9
+ 1 10
+ 1 11
+ 1 12
+ 1 13
+ 1 14
+ 1 15
+ 1 16
+ 1 17
+ 1 18
+ 1 19
+ 1 20
+ 1 21
+ 1 23
+ 1 25
+ 1 26
+ 1 27
+ 1 28
+ 1 29
+ 1 30
+ 1 31
+ 1 32
+ 1 33
+ 1 34
+ 1 35
+ 1 36
+ 1 37
+ 1 38
+ 1 39
+ 1 40
+ 1 41
+ 1 42
+ 1 43
+ 1 44
+ 1 45
+ 1 46
+ 1 47
+ 1 48
+ 1 49
+ 1 50
+ 1 51
+ 1 52
+ 1 53
+ 1 54
+ 1 55
+ 1 56
+ 1 57
+ 1 58
+ 1 59
+ 1 60
+ 1 61
+ 1 62
+ 1 63
+ 1 64
+ 1 65
+ 1 66
+ 1 67
+ 1 69
+ 1 70
+ 1 71
+ 1 72
+ 1 73
+ 1 75
+ 1 76
+ 1 77
+ 1 78
+ 1 79
+ 1 80
+ 1 81
+ 1 82
+ 1 83
+ 1 84
+ 1 85
+ 1 86
+ 1 87
+ 1 88
+ 1 89
+ 1 90
+ 1 91
+ 1 92
+ 1 93
+ 1 94
+ 1 95
+ 1 96
+ 1 97
+ 1 99
+ 1 100
x 2 1
x 3 3
x 4 5
x 5 22
x 6 24
x 7 68
x 8 74
x 9 98
+ 51 52
+ 52 50
+ 53 52
+ 54 50
+ 55 52
+ 56 50
+ 57 52
+ 58 50
+ 59 52
+ 60 50
+ 61 52
+ 62 50
+ 63 52
+ 64 50
+ 65 52
+ 66 50
+ 67 52
+ 68 50
+ 69 52
+ 70 50
+ 71 52
+ 72 50
+ 73 52
+ 74 50
+ 75 52
+ 76 50
+ 77 52
+ 78 50
+ 79 52
+ 80 50
+ 81 52
+ 82 50
+ 83 52
+ 84 50
+ 85 52
+ 86 50
+ 87 52
+ 88 50
+ 89 52
+ 90 50
+ 91 52
+ 92 50
+ 93 52
+ 94 50
+ 95 52
+ 96 50
+ 97 52
+ 98 50
+ 99 52
+ 100 50
Case #95: 157 150
x 1 2
+ 1 3
+ 1 5
+ 1 6
+ 1 7
+ 1 8
+ 1 11
+ 1 12
+ 1 13
+ 1 14
+ 1 15
+ 1 17
+ 1 19
+ 1 20
+ 1 21
+ 1 22
+ 1 23
+ 1 24
+ 1 25
+ 1 26
+ 1 27
+ 1 28
+ 1 29
+ 1 30
+ 1 31
+ 1 33
+ 1 34
+ 1 35
+ 1 36
+ 1 37
+ 1 38
+ 1 39
+ 1 40
+ 1 41
+ 1 42
+ 1 43
+ 1 44
+ 1 45
+ 1 46
+ 1 47
+ 1 48
+ 1 49
+ 1 50
+ 1 51
+ 1 52
+ 1 53
+ 1 54
+ 1 55
+ 1 56
+ 1 57
+ 1 58
+ 1 59
+ 1 60
+ 1 61
+ 1 62
+ 1 63
+ 1 64
+ 1 65
+ 1 66
+ 1 67
+ 1 68
+ 1 69
+ 1 70
+ 1 71
+ 1 72
+ 1 73
+ 1 74
+ 1 75
+ 1 76
+ 1 77
+ 1 78
+ 1 79
+ 1 80
+ 1 81
+ 1 82
+ 1 83
+ 1 84
+ 1 85
+ 1 86
+ 1 87
+ 1 88
+ 1 89
+ 1 90
+ 1 91
+ 1 92
+ 1 93
+ 1 94
+ 1 95
+ 1 96
+ 1 97
+ 1 98
+ 1 99
+ 1 100
x 2 1
x 3 4
x 4 9
x 5 10
x 6 16
x 7 18
x 8 32
+ 51 52
+ 52 50
+ 53 52
+ 54 50
+ 55 52
+ 56 50
+ 57 52
+ 58 50
+ 59 52
+ 60 50
+ 61 52
+ 62 50
+ 63 52
+ 64 50
+ 65 52
+ 66 50
+ 67 52
+ 68 50
+ 69 52
+ 70 50
+ 71 52
+ 72 50
+ 73 52
+ 74 50
+ 75 52
+ 76 50
+ 77 52
+ 78 50
+ 79 52
+ 80 50
+ 81 52
+ 82 50
+ 83 52
+ 84 50
+ 85 52
+ 86 50
+ 87 52
+ 88 50
+ 89 52
+ 90 50
+ 91 52
+ 92 50
+ 93 52
+ 94 50
+ 95 52
+ 96 50
+ 97 52
+ 98 50
+ 99 52
+ 100 50
Case #96: 51 47
+ 1 1
+ 1 2
+ 1 3
+ 1 4
+ 1 5
+ 1 6
+ 1 7
+ 1 8
+ 1 9
+ 1 10
+ 1 11
+ 1 12
+ 1 13
+ 1 15
+ 1 16
+ 1 18
+ 1 19
+ 1 20
+ 1 21
+ 1 22
+ 1 23
+ 1 24
+ 1 26
+ 1 27
+ 1 28
+ 1 29
+ 1 30
+ 1 31
+ 1 32
x 2 17
x 3 25
+ 18 16
+ 18 17
+ 20 16
+ 20 17
+ 22 16
+ 22 17
+ 24 16
+ 24 17
+ 26 16
+ 26 17
+ 28 16
+ 28 17
+ 30 16
+ 30 17
+ 32 16
+ 32 17
Case #97: 154 150
x 1 2
+ 1 3
+ 1 4
+ 1 5
+ 1 6
+ 1 7
+ 1 8
+ 1 9
+ 1 11
+ 1 12
+ 1 13
+ 1 14
+ 1 15
+ 1 16
+ 1 17
+ 1 18
+ 1 19
+ 1 20
+ 1 21
+ 1 22
+ 1 23
+ 1 24
+ 1 25
+ 1 26
+ 1 27
+ 1 28
+ 1 29
+ 1 30
+ 1 32
+ 1 33
+ 1 34
+ 1 35
+ 1 36
+ 1 37
+ 1 38
+ 1 39
+ 1 40
+ 1 41
+ 1 42
+ 1 43
+ 1 44
+ 1 45
+ 1 46
+ 1 47
+ 1 48
+ 1 49
+ 1 50
+ 1 51
+ 1 52
+ 1 53
+ 1 54
+ 1 56
+ 1 57
+ 1 58
+ 1 59
+ 1 60
+ 1 61
+ 1 62
+ 1 63
+ 1 64
+ 1 65
+ 1 66
+ 1 67
+ 1 68
+ 1 69
+ 1 70
+ 1 71
+ 1 72
+ 1 73
+ 1 74
+ 1 75
+ 1 76
+ 1 77
+ 1 78
+ 1 79
+ 1 80
+ 1 81
+ 1 82
+ 1 83
+ 1 84
+ 1 85
+ 1 86
+ 1 87
+ 1 88
+ 1 89
+ 1 90
+ 1 91
+ 1 92
+ 1 93
+ 1 94
+ 1 95
+ 1 96
+ 1 97
+ 1 98
+ 1 99
+ 1 100
x 2 1
x 3 10
x 4 31
x 5 55
+ 51 52
+ 52 50
+ 53 52
+ 54 50
+ 55 52
+ 56 50
+ 57 52
+ 58 50
+ 59 52
+ 60 50
+ 61 52
+ 62 50
+ 63 52
+ 64 50
+ 65 52
+ 66 50
+ 67 52
+ 68 50
+ 69 52
+ 70 50
+ 71 52
+ 72 50
+ 73 52
+ 74 50
+ 75 52
+ 76 50
+ 77 52
+ 78 50
+ 79 52
+ 80 50
+ 81 52
+ 82 50
+ 83 52
+ 84 50
+ 85 52
+ 86 50
+ 87 52
+ 88 50
+ 89 52
+ 90 50
+ 91 52
+ 92 50
+ 93 52
+ 94 50
+ 95 52
+ 96 50
+ 97 52
+ 98 50
+ 99 52
+ 100 50
Case #98: 151 150
x 1 2
+ 1 3
+ 1 4
+ 1 5
+ 1 6
+ 1 7
+ 1 8
+ 1 9
+ 1 10
+ 1 11
+ 1 12
+ 1 13
+ 1 14
+ 1 15
+ 1 16
+ 1 17
+ 1 18
+ 1 19
+ 1 20
+ 1 21
+ 1 22
+ 1 23
+ 1 24
+ 1 25
+ 1 26
+ 1 27
+ 1 28
+ 1 29
+ 1 30
+ 1 31
+ 1 32
+ 1 33
+ 1 34
+ 1 35
+ 1 36
+ 1 37
+ 1 38
+ 1 39
+ 1 40
+ 1 41
+ 1 42
+ 1 43
+ 1 44
+ 1 45
+ 1 46
+ 1 47
+ 1 48
+ 1 49
+ 1 50
+ 1 51
+ 1 52
+ 1 53
+ 1 54
+ 1 55
+ 1 56
+ 1 57
+ 1 58
+ 1 59
+ 1 60
+ 1 61
+ 1 62
+ 1 63
+ 1 64
+ 1 65
+ 1 66
+ 1 67
+ 1 68
+ 1 69
+ 1 70
+ 1 71
+ 1 72
+ 1 73
+ 1 74
+ 1 75
+ 1 76
+ 1 77
+ 1 78
+ 1 79
+ 1 80
+ 1 81
+ 1 82
+ 1 83
+ 1 84
+ 1 85
+ 1 86
+ 1 87
+ 1 88
+ 1 89
+ 1 90
+ 1 91
+ 1 92
+ 1 93
+ 1 94
+ 1 95
+ 1 96
+ 1 97
+ 1 98
+ 1 99
+ 1 100
x 2 1
+ 51 52
+ 52 50
+ 53 52
+ 54 50
+ 55 52
+ 56 50
+ 57 52
+ 58 50
+ 59 52
+ 60 50
+ 61 52
+ 62 50
+ 63 52
+ 64 50
+ 65 52
+ 66 50
+ 67 52
+ 68 50
+ 69 52
+ 70 50
+ 71 52
+ 72 50
+ 73 52
+ 74 50
+ 75 52
+ 76 50
+ 77 52
+ 78 50
+ 79 52
+ 80 50
+ 81 52
+ 82 50
+ 83 52
+ 84 50
+ 85 52
+ 86 50
+ 87 52
+ 88 50
+ 89 52
+ 90 50
+ 91 52
+ 92 50
+ 93 52
+ 94 50
+ 95 52
+ 96 50
+ 97 52
+ 98 50
+ 99 52
+ 100 50
Case #99: 42 39
+ 1 1
+ 1 2
+ 1 3
+ 1 5
+ 1 6
+ 1 7
+ 1 8
+ 1 9
+ 1 10
+ 1 11
+ 1 12
+ 1 13
+ 1 14
+ 1 15
+ 1 16
+ 1 18
+ 1 19
+ 1 20
+ 1 21
+ 1 22
+ 1 23
+ 1 24
+ 1 25
+ 1 26
+ 1 27
x 2 17
+ 15 14
+ 16 14
+ 17 14
+ 18 14
+ 19 14
+ 20 14
+ 21 14
+ 22 14
+ 23 14
+ 24 14
+ 25 14
+ 26 14
+ 27 14
Case #100: 249 149
x 2 1
x 3 3
x 4 4
x 5 5
x 6 6
x 7 7
x 8 8
x 9 9
x 10 10
x 11 11
x 12 12
x 13 13
x 14 14
x 15 15
x 16 16
x 17 17
x 18 18
x 19 19
x 20 20
x 21 21
x 22 22
x 23 23
x 24 24
x 25 25
x 26 26
x 27 27
x 28 28
x 29 29
x 30 30
x 31 31
x 32 32
x 33 33
x 34 34
x 35 35
x 36 36
x 37 37
x 38 38
x 39 39
x 40 40
x 41 41
x 42 42
x 43 43
x 44 44
x 45 45
x 46 46
x 47 47
x 48 48
x 49 49
x 50 50
x 51 51
+ 51 52
+ 52 50
x 52 53
+ 53 52
x 53 53
+ 54 50
x 54 54
+ 55 52
x 55 55
+ 56 50
x 56 56
+ 57 52
x 57 57
+ 58 50
x 58 58
+ 59 52
x 59 59
+ 60 50
x 60 60
+ 61 52
x 61 61
+ 62 50
x 62 62
+ 63 52
x 63 63
+ 64 50
x 64 64
+ 65 52
x 65 65
+ 66 50
x 66 66
+ 67 52
x 67 67
+ 68 50
x 68 68
+ 69 52
x 69 69
+ 70 50
x 70 70
+ 71 52
x 71 71
+ 72 50
x 72 72
+ 73 52
x 73 73
+ 74 50
x 74 74
+ 75 52
x 75 75
+ 76 50
x 76 76
+ 77 52
x 77 77
+ 78 50
x 78 78
+ 79 52
x 79 79
+ 80 50
x 80 80
+ 81 52
x 81 81
+ 82 50
x 82 82
+ 83 52
x 83 83
+ 84 50
x 84 84
+ 85 52
x 85 85
+ 86 50
x 86 86
+ 87 52
x 87 87
+ 88 50
x 88 88
+ 89 52
x 89 89
+ 90 50
x 90 90
+ 91 52
x 91 91
+ 92 50
x 92 92
+ 93 52
x 93 93
+ 94 50
x 94 94
+ 95 52
x 95 95
+ 96 50
x 96 96
+ 97 52
x 97 97
+ 98 50
x 98 98
+ 99 52
x 99 99
+ 100 50
x 100 100
