Case #1: 3 3
x 1 1
+ 1 2
+ 2 2
Case #2: 2 0
Case #3: 5 5
x 1 1
+ 1 2
+ 1 3
+ 3 2
+ 3 3
Case #4: 153 150
+ 1 2
+ 1 4
+ 1 5
+ 1 6
+ 1 7
+ 1 8
+ 1 9
+ 1 10
+ 1 11
+ 1 12
+ 1 13
+ 1 14
+ 1 15
+ 1 16
+ 1 17
+ 1 18
+ 1 19
+ 1 20
+ 1 21
+ 1 22
+ 1 23
+ 1 24
+ 1 25
+ 1 26
+ 1 27
+ 1 28
+ 1 29
+ 1 30
+ 1 31
+ 1 32
+ 1 33
+ 1 34
+ 1 35
+ 1 36
+ 1 37
+ 1 38
+ 1 39
+ 1 40
+ 1 41
+ 1 42
+ 1 43
+ 1 44
+ 1 45
+ 1 46
+ 1 47
+ 1 48
+ 1 49
+ 1 50
+ 1 51
+ 1 53
+ 1 54
+ 1 55
+ 1 56
+ 1 57
+ 1 58
+ 1 59
+ 1 60
+ 1 61
+ 1 62
+ 1 63
+ 1 64
+ 1 65
+ 1 66
+ 1 67
+ 1 68
+ 1 69
+ 1 70
+ 1 71
+ 1 72
+ 1 73
+ 1 74
+ 1 75
+ 1 76
+ 1 77
+ 1 78
+ 1 79
+ 1 80
+ 1 81
+ 1 82
+ 1 83
+ 1 84
+ 1 85
+ 1 86
+ 1 87
+ 1 88
+ 1 89
+ 1 90
+ 1 91
+ 1 92
+ 1 93
+ 1 94
+ 1 95
+ 1 96
+ 1 97
+ 1 98
+ 1 99
+ 1 100
x 2 1
x 3 3
+ 26 77
+ 27 26
+ 52 50
+ 54 50
+ 54 51
+ 56 50
+ 56 51
+ 58 50
+ 58 51
+ 60 50
+ 60 51
+ 62 50
+ 62 51
+ 64 50
+ 64 51
+ 66 50
+ 66 51
+ 68 50
+ 68 51
+ 70 50
+ 70 51
+ 72 50
+ 72 51
+ 74 50
+ 74 51
+ 76 50
+ 76 51
+ 78 50
+ 78 51
+ 80 50
+ 80 51
+ 82 50
+ 82 51
+ 84 50
+ 84 51
+ 86 50
+ 86 51
+ 88 50
+ 88 51
+ 90 50
+ 90 51
+ 92 50
+ 92 51
+ 94 50
+ 94 51
+ 96 50
+ 96 51
+ 98 50
+ 98 51
+ 100 50
+ 100 51
Case #5: 151 150
x 1 2
+ 1 3
+ 1 4
+ 1 5
+ 1 6
+ 1 7
+ 1 8
+ 1 9
+ 1 10
+ 1 11
+ 1 12
+ 1 13
+ 1 14
+ 1 15
+ 1 16
+ 1 17
+ 1 18
+ 1 19
+ 1 20
+ 1 21
+ 1 22
+ 1 23
+ 1 24
+ 1 25
+ 1 26
+ 1 27
+ 1 28
+ 1 29
+ 1 30
+ 1 31
+ 1 32
+ 1 33
+ 1 34
+ 1 35
+ 1 36
+ 1 37
+ 1 38
+ 1 39
+ 1 40
+ 1 41
+ 1 42
+ 1 43
+ 1 44
+ 1 45
+ 1 46
+ 1 47
+ 1 48
+ 1 49
+ 1 50
+ 1 51
+ 1 52
+ 1 53
+ 1 54
+ 1 55
+ 1 56
+ 1 57
+ 1 58
+ 1 59
+ 1 60
+ 1 61
+ 1 62
+ 1 63
+ 1 64
+ 1 65
+ 1 66
+ 1 67
+ 1 68
+ 1 69
+ 1 70
+ 1 71
+ 1 72
+ 1 73
+ 1 74
+ 1 75
+ 1 76
+ 1 77
+ 1 78
+ 1 79
+ 1 80
+ 1 81
+ 1 82
+ 1 83
+ 1 84
+ 1 85
+ 1 86
+ 1 87
+ 1 88
+ 1 89
+ 1 90
+ 1 91
+ 1 92
+ 1 93
+ 1 94
+ 1 95
+ 1 96
+ 1 97
+ 1 98
+ 1 99
+ 1 100
x 2 1
+ 51 52
+ 52 50
+ 53 52
+ 54 50
+ 55 52
+ 56 50
+ 57 52
+ 58 50
+ 59 52
+ 60 50
+ 61 52
+ 62 50
+ 63 52
+ 64 50
+ 65 52
+ 66 50
+ 67 52
+ 68 50
+ 69 52
+ 70 50
+ 71 52
+ 72 50
+ 73 52
+ 74 50
+ 75 52
+ 76 50
+ 77 52
+ 78 50
+ 79 52
+ 80 50
+ 81 52
+ 82 50
+ 83 52
+ 84 50
+ 85 52
+ 86 50
+ 87 52
+ 88 50
+ 89 52
+ 90 50
+ 91 52
+ 92 50
+ 93 52
+ 94 50
+ 95 52
+ 96 50
+ 97 52
+ 98 50
+ 99 52
+ 100 50
Case #6: 144 139
+ 1 1
+ 1 2
+ 1 3
+ 1 4
+ 1 5
+ 1 6
+ 1 7
+ 1 9
+ 1 10
+ 1 11
+ 1 12
+ 1 13
+ 1 14
+ 1 15
+ 1 17
+ 1 18
+ 1 19
+ 1 20
+ 1 21
+ 1 22
+ 1 23
+ 1 24
+ 1 25
+ 1 26
+ 1 27
+ 1 28
+ 1 29
+ 1 30
+ 1 31
+ 1 32
+ 1 33
+ 1 34
+ 1 35
+ 1 36
+ 1 37
+ 1 38
+ 1 39
+ 1 40
+ 1 41
+ 1 42
+ 1 43
+ 1 44
+ 1 45
+ 1 46
+ 1 47
+ 1 48
+ 1 49
+ 1 50
+ 1 51
+ 1 52
+ 1 53
+ 1 54
+ 1 55
+ 1 56
+ 1 57
+ 1 58
+ 1 59
+ 1 60
+ 1 61
+ 1 62
+ 1 63
+ 1 65
+ 1 66
+ 1 67
+ 1 68
+ 1 69
+ 1 70
+ 1 71
+ 1 72
+ 1 73
+ 1 74
+ 1 75
+ 1 76
+ 1 77
+ 1 78
+ 1 79
+ 1 80
+ 1 81
+ 1 82
+ 1 83
+ 1 84
+ 1 86
+ 1 87
+ 1 88
+ 1 89
+ 1 90
+ 1 91
+ 1 92
+ 1 93
+ 1 94
x 2 8
x 3 16
x 4 85
+ 49 47
+ 49 48
+ 51 47
+ 51 48
+ 53 47
+ 53 48
+ 55 47
+ 55 48
+ 57 47
+ 57 48
+ 59 47
+ 59 48
+ 61 47
+ 61 48
+ 63 47
+ 63 48
+ 65 47
+ 65 48
+ 67 47
+ 67 48
+ 69 47
+ 69 48
+ 71 47
+ 71 48
+ 73 47
+ 73 48
+ 75 47
+ 75 48
+ 77 47
+ 77 48
+ 79 47
+ 79 48
+ 81 47
+ 81 48
+ 83 47
+ 83 48
+ 85 47
+ 85 48
+ 87 47
+ 87 48
+ 89 47
+ 89 48
+ 91 47
+ 91 48
+ 93 47
+ 93 48
Case #7: 129 125
+ 1 1
+ 1 2
+ 1 3
+ 1 4
+ 1 5
+ 1 6
+ 1 7
+ 1 8
+ 1 9
+ 1 10
+ 1 11
+ 1 12
+ 1 13
+ 1 14
+ 1 15
+ 1 16
+ 1 17
+ 1 18
+ 1 19
+ 1 20
+ 1 21
+ 1 23
+ 1 24
+ 1 26
+ 1 27
+ 1 28
+ 1 29
+ 1 30
+ 1 31
+ 1 32
+ 1 33
+ 1 34
+ 1 35
+ 1 36
+ 1 37
+ 1 38
+ 1 39
+ 1 40
+ 1 41
+ 1 42
+ 1 43
+ 1 44
+ 1 45
+ 1 46
+ 1 48
+ 1 49
+ 1 50
+ 1 51
+ 1 52
+ 1 53
+ 1 54
+ 1 55
+ 1 56
+ 1 57
+ 1 58
+ 1 59
+ 1 60
+ 1 61
+ 1 62
+ 1 63
+ 1 64
+ 1 65
+ 1 66
+ 1 67
+ 1 68
+ 1 69
+ 1 70
+ 1 71
+ 1 72
+ 1 73
+ 1 74
+ 1 75
+ 1 76
+ 1 77
+ 1 78
+ 1 79
+ 1 80
+ 1 81
+ 1 82
+ 1 83
+ 1 84
x 2 25
x 3 47
+ 44 42
+ 44 43
+ 46 42
+ 46 43
+ 48 42
+ 48 43
+ 50 42
+ 50 43
+ 52 42
+ 52 43
+ 54 42
+ 54 43
+ 56 42
+ 56 43
+ 58 42
+ 58 43
+ 60 42
+ 60 43
+ 62 42
+ 62 43
+ 64 42
+ 64 43
+ 66 42
+ 66 43
+ 68 42
+ 68 43
+ 70 42
+ 70 43
+ 72 42
+ 72 43
+ 74 42
+ 74 43
+ 76 42
+ 76 43
+ 78 42
+ 78 43
+ 80 42
+ 80 43
+ 82 42
+ 82 43
+ 84 42
+ 84 43
Case #8: 159 150
x 1 2
+ 1 5
+ 1 7
+ 1 8
+ 1 9
+ 1 10
+ 1 12
+ 1 13
+ 1 14
+ 1 15
+ 1 16
+ 1 17
+ 1 18
+ 1 19
+ 1 21
+ 1 22
+ 1 23
+ 1 24
+ 1 26
+ 1 27
+ 1 29
+ 1 30
+ 1 31
+ 1 32
+ 1 33
+ 1 34
+ 1 35
+ 1 36
+ 1 37
+ 1 38
+ 1 39
+ 1 40
+ 1 41
+ 1 42
+ 1 43
+ 1 44
+ 1 45
+ 1 47
+ 1 48
+ 1 49
+ 1 50
+ 1 51
+ 1 52
+ 1 53
+ 1 54
+ 1 55
+ 1 56
+ 1 57
+ 1 58
+ 1 59
+ 1 60
+ 1 61
+ 1 62
+ 1 63
+ 1 64
+ 1 65
+ 1 66
+ 1 67
+ 1 68
+ 1 69
+ 1 70
+ 1 71
+ 1 72
+ 1 73
+ 1 74
+ 1 75
+ 1 76
+ 1 77
+ 1 78
+ 1 79
+ 1 80
+ 1 81
+ 1 82
+ 1 83
+ 1 84
+ 1 85
+ 1 86
+ 1 87
+ 1 88
+ 1 89
+ 1 90
+ 1 91
+ 1 92
+ 1 93
+ 1 94
+ 1 95
+ 1 96
+ 1 97
+ 1 98
+ 1 99
+ 1 100
x 2 1
x 3 3
x 4 4
x 5 6
x 6 11
x 7 20
x 8 25
x 9 28
x 10 46
+ 51 52
+ 52 50
+ 53 52
+ 54 50
+ 55 52
+ 56 50
+ 57 52
+ 58 50
+ 59 52
+ 60 50
+ 61 52
+ 62 50
+ 63 52
+ 64 50
+ 65 52
+ 66 50
+ 67 52
+ 68 50
+ 69 52
+ 70 50
+ 71 52
+ 72 50
+ 73 52
+ 74 50
+ 75 52
+ 76 50
+ 77 52
+ 78 50
+ 79 52
+ 80 50
+ 81 52
+ 82 50
+ 83 52
+ 84 50
+ 85 52
+ 86 50
+ 87 52
+ 88 50
+ 89 52
+ 90 50
+ 91 52
+ 92 50
+ 93 52
+ 94 50
+ 95 52
+ 96 50
+ 97 52
+ 98 50
+ 99 52
+ 100 50
Case #9: 93 91
+ 1 1
+ 1 2
+ 1 3
+ 1 4
+ 1 5
+ 1 6
+ 1 7
+ 1 8
+ 1 9
+ 1 10
+ 1 11
+ 1 12
+ 1 13
+ 1 14
+ 1 15
+ 1 16
+ 1 17
+ 1 18
+ 1 19
+ 1 20
+ 1 21
+ 1 22
+ 1 23
+ 1 24
+ 1 25
+ 1 26
+ 1 27
+ 1 28
+ 1 29
+ 1 30
+ 1 31
+ 1 32
+ 1 33
+ 1 34
+ 1 35
+ 1 36
+ 1 37
+ 1 38
+ 1 39
+ 1 40
+ 1 42
+ 1 43
+ 1 44
+ 1 45
+ 1 46
+ 1 47
+ 1 48
+ 1 49
+ 1 50
+ 1 51
+ 1 52
+ 1 53
+ 1 54
+ 1 55
+ 1 56
+ 1 57
+ 1 58
+ 1 59
+ 1 60
+ 1 61
+ 1 62
+ 33 31
+ 33 32
+ 35 31
+ 35 32
+ 37 31
+ 37 32
+ 39 31
+ 39 32
+ 41 31
+ 41 32
+ 43 31
+ 43 32
+ 45 31
+ 45 32
+ 47 31
+ 47 32
+ 49 31
+ 49 32
+ 51 31
+ 51 32
+ 53 31
+ 53 32
+ 55 31
+ 55 32
+ 57 31
+ 57 32
+ 59 31
+ 59 32
+ 61 31
+ 61 32
Case #10: 151 150
+ 1 1
+ 1 2
+ 1 3
+ 1 4
+ 1 5
+ 1 6
+ 1 7
+ 1 8
+ 1 9
+ 1 10
+ 1 11
+ 1 12
+ 1 13
+ 1 14
+ 1 15
+ 1 16
+ 1 17
+ 1 18
+ 1 19
+ 1 20
+ 1 21
+ 1 22
+ 1 23
+ 1 24
+ 1 25
+ 1 26
+ 1 27
+ 1 28
+ 1 29
+ 1 30
+ 1 31
+ 1 32
+ 1 33
+ 1 34
+ 1 35
+ 1 36
+ 1 37
+ 1 38
+ 1 39
+ 1 40
+ 1 41
+ 1 42
+ 1 43
+ 1 44
+ 1 45
+ 1 46
+ 1 47
+ 1 48
+ 1 49
+ 1 50
+ 1 51
+ 1 52
+ 1 53
+ 1 54
+ 1 55
+ 1 56
+ 1 58
+ 1 59
+ 1 60
+ 1 61
+ 1 62
+ 1 63
+ 1 64
+ 1 65
+ 1 66
+ 1 67
+ 1 68
+ 1 69
+ 1 70
+ 1 71
+ 1 72
+ 1 73
+ 1 74
+ 1 75
+ 1 76
+ 1 77
+ 1 78
+ 1 79
+ 1 80
+ 1 81
+ 1 82
+ 1 83
+ 1 84
+ 1 85
+ 1 86
+ 1 87
+ 1 88
+ 1 89
+ 1 90
+ 1 91
+ 1 92
+ 1 93
+ 1 94
+ 1 95
+ 1 96
+ 1 97
+ 1 98
+ 1 99
+ 1 100
+ 23 79
+ 30 28
+ 52 51
+ 54 50
+ 54 51
+ 56 50
+ 56 51
+ 58 50
+ 58 51
+ 60 50
+ 60 51
+ 62 50
+ 62 51
+ 64 50
+ 64 51
+ 66 50
+ 66 51
+ 68 50
+ 68 51
+ 70 50
+ 70 51
+ 72 50
+ 72 51
+ 74 50
+ 74 51
+ 76 50
+ 76 51
+ 78 50
+ 78 51
+ 80 50
+ 80 51
+ 82 50
+ 82 51
+ 84 50
+ 84 51
+ 86 50
+ 86 51
+ 88 50
+ 88 51
+ 90 50
+ 90 51
+ 92 50
+ 92 51
+ 94 50
+ 94 51
+ 96 50
+ 96 51
+ 98 50
+ 98 51
+ 100 50
+ 100 51
Case #11: 151 148
+ 1 1
+ 1 2
+ 1 3
+ 1 4
+ 1 5
+ 1 6
+ 1 7
+ 1 8
+ 1 9
+ 1 10
+ 1 11
+ 1 12
+ 1 13
+ 1 14
+ 1 15
+ 1 16
+ 1 17
+ 1 18
+ 1 19
+ 1 20
+ 1 21
+ 1 22
+ 1 24
+ 1 25
+ 1 26
+ 1 27
+ 1 28
+ 1 29
+ 1 30
+ 1 31
+ 1 32
+ 1 33
+ 1 34
+ 1 35
+ 1 36
+ 1 37
+ 1 38
+ 1 39
+ 1 40
+ 1 41
+ 1 42
+ 1 43
+ 1 44
+ 1 45
+ 1 46
+ 1 47
+ 1 48
+ 1 49
+ 1 51
+ 1 52
+ 1 53
+ 1 54
+ 1 55
+ 1 56
+ 1 57
+ 1 58
+ 1 59
+ 1 60
+ 1 61
+ 1 62
+ 1 63
+ 1 64
+ 1 65
+ 1 66
+ 1 67
+ 1 68
+ 1 69
+ 1 71
+ 1 72
+ 1 73
+ 1 74
+ 1 75
+ 1 76
+ 1 77
+ 1 78
+ 1 79
+ 1 80
+ 1 81
+ 1 82
+ 1 83
+ 1 84
+ 1 85
+ 1 86
+ 1 87
+ 1 88
+ 1 89
+ 1 90
+ 1 91
+ 1 92
+ 1 93
+ 1 94
+ 1 95
+ 1 96
+ 1 97
+ 1 98
+ 1 99
x 2 50
x 3 70
+ 13 11
+ 40 62
+ 51 50
+ 53 50
+ 54 50
+ 55 50
+ 56 50
+ 57 50
+ 58 50
+ 59 50
+ 60 50
+ 61 50
+ 62 50
+ 63 50
+ 64 50
+ 65 50
+ 66 50
+ 67 50
+ 68 50
+ 69 50
+ 70 50
+ 71 50
+ 72 50
+ 73 50
+ 74 50
+ 75 50
+ 76 50
+ 77 50
+ 78 50
+ 79 50
+ 80 50
+ 81 50
+ 82 50
+ 83 50
+ 84 50
+ 85 50
+ 86 50
+ 87 50
+ 88 50
+ 89 50
+ 90 50
+ 91 50
+ 92 50
+ 93 50
+ 94 50
+ 95 50
+ 96 50
+ 97 50
+ 98 50
+ 99 50
Case #12: 2 1
o 1 1
Case #13: 155 150
x 1 2
+ 1 4
+ 1 5
+ 1 6
+ 1 7
+ 1 8
+ 1 9
+ 1 10
+ 1 11
+ 1 13
+ 1 14
+ 1 15
+ 1 16
+ 1 17
+ 1 18
+ 1 19
+ 1 20
+ 1 21
+ 1 22
+ 1 23
+ 1 24
+ 1 25
+ 1 26
+ 1 27
+ 1 28
+ 1 30
+ 1 31
+ 1 32
+ 1 33
+ 1 34
+ 1 35
+ 1 36
+ 1 37
+ 1 38
+ 1 39
+ 1 40
+ 1 41
+ 1 42
+ 1 43
+ 1 44
+ 1 45
+ 1 46
+ 1 47
+ 1 48
+ 1 49
+ 1 50
+ 1 51
+ 1 52
+ 1 53
+ 1 54
+ 1 55
+ 1 57
+ 1 58
+ 1 59
+ 1 60
+ 1 61
+ 1 62
+ 1 63
+ 1 64
+ 1 65
+ 1 66
+ 1 67
+ 1 68
+ 1 69
+ 1 70
+ 1 71
+ 1 72
+ 1 73
+ 1 74
+ 1 75
+ 1 76
+ 1 77
+ 1 78
+ 1 79
+ 1 80
+ 1 81
+ 1 82
+ 1 83
+ 1 84
+ 1 85
+ 1 86
+ 1 87
+ 1 88
+ 1 89
+ 1 90
+ 1 91
+ 1 92
+ 1 93
+ 1 94
+ 1 95
+ 1 96
+ 1 97
+ 1 98
+ 1 99
+ 1 100
x 2 1
x 3 3
x 4 12
x 5 29
x 6 56
+ 51 52
+ 52 50
+ 53 52
+ 54 50
+ 55 52
+ 56 50
+ 57 52
+ 58 50
+ 59 52
+ 60 50
+ 61 52
+ 62 50
+ 63 52
+ 64 50
+ 65 52
+ 66 50
+ 67 52
+ 68 50
+ 69 52
+ 70 50
+ 71 52
+ 72 50
+ 73 52
+ 74 50
+ 75 52
+ 76 50
+ 77 52
+ 78 50
+ 79 52
+ 80 50
+ 81 52
+ 82 50
+ 83 52
+ 84 50
+ 85 52
+ 86 50
+ 87 52
+ 88 50
+ 89 52
+ 90 50
+ 91 52
+ 92 50
+ 93 52
+ 94 50
+ 95 52
+ 96 50
+ 97 52
+ 98 50
+ 99 52
+ 100 50
Case #14: 101 97
+ 1 1
+ 1 2
+ 1 3
+ 1 4
+ 1 5
+ 1 6
+ 1 7
+ 1 8
+ 1 9
+ 1 10
+ 1 11
+ 1 12
+ 1 13
+ 1 14
+ 1 15
+ 1 16
+ 1 17
+ 1 18
+ 1 19
+ 1 20
+ 1 21
+ 1 22
+ 1 23
+ 1 24
+ 1 25
+ 1 26
+ 1 27
+ 1 28
+ 1 30
+ 1 31
+ 1 32
+ 1 33
+ 1 35
+ 1 36
+ 1 38
+ 1 39
+ 1 40
+ 1 41
+ 1 42
+ 1 43
+ 1 44
+ 1 45
+ 1 46
+ 1 47
+ 1 48
+ 1 50
+ 1 51
+ 1 52
+ 1 53
+ 1 54
+ 1 55
+ 1 56
+ 1 57
+ 1 58
+ 1 59
+ 1 60
+ 1 61
+ 1 62
+ 1 63
+ 1 64
+ 1 65
x 2 34
x 3 37
x 4 49
+ 16 14
+ 20 48
+ 34 33
+ 36 33
+ 37 33
+ 38 33
+ 39 33
+ 40 33
+ 41 33
+ 42 33
+ 43 33
+ 44 33
+ 45 33
+ 46 33
+ 47 33
+ 48 33
+ 49 33
+ 50 33
+ 51 33
+ 52 33
+ 53 33
+ 54 33
+ 55 33
+ 56 33
+ 57 33
+ 58 33
+ 59 33
+ 60 33
+ 61 33
+ 62 33
+ 63 33
+ 64 33
+ 65 33
Case #15: 250 149
o 1 100
x 2 1
x 3 2
x 4 3
x 5 4
x 6 5
x 7 6
x 8 7
x 9 8
x 10 9
x 11 10
x 12 11
x 13 12
x 14 13
x 15 14
x 16 15
x 17 16
x 18 17
x 19 18
x 20 19
x 21 20
x 22 21
x 23 22
x 24 23
x 25 24
x 26 25
x 27 26
x 28 27
x 29 28
x 30 29
x 31 30
x 32 31
x 33 32
x 34 33
x 35 34
x 36 35
x 37 36
x 38 37
x 39 38
x 40 39
x 41 40
x 42 41
x 43 42
x 44 43
x 45 44
x 46 45
x 47 46
x 48 47
x 49 48
x 50 49
x 51 50
+ 52 50
x 52 51
+ 53 50
x 53 52
+ 54 50
x 54 53
+ 55 50
x 55 54
+ 56 50
x 56 55
+ 57 50
x 57 56
+ 58 50
x 58 57
+ 59 50
x 59 58
+ 60 50
x 60 59
+ 61 50
x 61 60
+ 62 50
x 62 61
+ 63 50
x 63 62
+ 64 50
x 64 63
+ 65 50
x 65 64
+ 66 50
x 66 65
+ 67 50
x 67 66
+ 68 50
x 68 67
+ 69 50
x 69 68
+ 70 50
x 70 69
+ 71 50
x 71 70
+ 72 50
x 72 71
+ 73 50
x 73 72
+ 74 50
x 74 73
+ 75 50
x 75 74
+ 76 50
o 76 75
+ 77 50
x 77 76
+ 78 50
x 78 77
+ 79 50
x 79 78
+ 80 50
x 80 79
+ 81 50
x 81 80
+ 82 50
x 82 81
+ 83 50
x 83 82
+ 84 50
x 84 83
+ 85 50
x 85 84
+ 86 50
x 86 85
+ 87 50
x 87 86
+ 88 50
x 88 87
+ 89 50
x 89 88
+ 90 50
x 90 89
+ 91 50
x 91 90
+ 92 50
x 92 91
+ 93 50
x 93 92
+ 94 50
x 94 93
+ 95 50
x 95 94
+ 96 50
x 96 95
+ 97 50
x 97 96
+ 98 50
x 98 97
+ 99 50
x 99 98
+ 100 50
x 100 99
Case #16: 131 126
+ 1 1
+ 1 2
+ 1 3
+ 1 4
+ 1 5
+ 1 6
+ 1 7
+ 1 8
+ 1 9
+ 1 10
+ 1 11
+ 1 12
+ 1 13
+ 1 14
+ 1 15
+ 1 16
+ 1 17
+ 1 19
+ 1 20
+ 1 21
+ 1 22
+ 1 23
+ 1 24
+ 1 25
+ 1 26
+ 1 27
+ 1 28
+ 1 29
+ 1 30
+ 1 31
+ 1 32
+ 1 33
+ 1 34
+ 1 35
+ 1 36
+ 1 37
+ 1 38
+ 1 39
+ 1 41
+ 1 42
+ 1 43
+ 1 44
+ 1 45
+ 1 46
+ 1 47
+ 1 48
+ 1 49
+ 1 51
+ 1 52
+ 1 53
+ 1 54
+ 1 56
+ 1 57
+ 1 58
+ 1 59
+ 1 60
+ 1 61
+ 1 62
+ 1 63
+ 1 64
+ 1 65
+ 1 66
+ 1 67
+ 1 68
+ 1 69
+ 1 70
+ 1 71
+ 1 72
+ 1 73
+ 1 74
+ 1 75
+ 1 76
+ 1 77
+ 1 78
+ 1 79
+ 1 80
+ 1 81
+ 1 82
+ 1 83
+ 1 84
+ 1 85
x 2 18
x 3 50
x 4 55
+ 44 43
+ 45 43
+ 46 43
+ 47 43
+ 48 43
+ 49 43
+ 50 43
+ 51 43
+ 52 43
+ 53 43
+ 54 43
+ 55 43
+ 56 43
+ 57 43
+ 58 43
+ 59 43
+ 60 43
+ 61 43
+ 62 43
+ 63 43
+ 64 43
+ 65 43
+ 66 43
+ 67 43
+ 68 43
+ 69 43
+ 70 43
+ 71 43
+ 72 43
+ 73 43
+ 74 43
+ 75 43
+ 76 43
+ 77 43
+ 78 43
+ 79 43
+ 80 43
+ 81 43
+ 82 43
+ 83 43
+ 84 43
+ 85 43
Case #17: 146 142
+ 1 1
+ 1 2
+ 1 3
+ 1 4
+ 1 5
+ 1 6
+ 1 7
+ 1 8
+ 1 9
+ 1 10
+ 1 11
+ 1 12
+ 1 13
+ 1 14
+ 1 15
+ 1 16
+ 1 17
+ 1 18
+ 1 19
+ 1 20
+ 1 21
+ 1 22
+ 1 23
+ 1 24
+ 1 25
+ 1 26
+ 1 27
+ 1 28
+ 1 29
+ 1 30
+ 1 32
+ 1 33
+ 1 34
+ 1 35
+ 1 36
+ 1 37
+ 1 38
+ 1 39
+ 1 40
+ 1 41
+ 1 42
+ 1 43
+ 1 44
+ 1 45
+ 1 46
+ 1 47
+ 1 49
+ 1 50
+ 1 51
+ 1 52
+ 1 53
+ 1 54
+ 1 55
+ 1 56
+ 1 57
+ 1 58
+ 1 59
+ 1 60
+ 1 61
+ 1 62
+ 1 64
+ 1 65
+ 1 66
+ 1 67
+ 1 68
+ 1 69
+ 1 70
+ 1 71
+ 1 72
+ 1 73
+ 1 75
+ 1 76
+ 1 77
+ 1 78
+ 1 79
+ 1 80
+ 1 81
+ 1 82
+ 1 83
+ 1 84
+ 1 85
+ 1 86
+ 1 87
+ 1 88
+ 1 89
+ 1 90
+ 1 91
+ 1 92
+ 1 93
+ 1 94
+ 1 95
x 2 31
x 3 48
x 4 74
+ 18 80
+ 33 31
+ 49 48
+ 51 48
+ 52 48
+ 53 48
+ 54 48
+ 55 48
+ 56 48
+ 57 48
+ 58 48
+ 59 48
+ 60 48
+ 61 48
+ 62 48
+ 63 48
+ 64 48
+ 65 48
+ 66 48
+ 67 48
+ 68 48
+ 69 48
+ 70 48
+ 71 48
+ 72 48
+ 73 48
+ 74 48
+ 75 48
+ 76 48
+ 77 48
+ 78 48
+ 79 48
+ 80 48
+ 81 48
+ 82 48
+ 83 48
+ 84 48
+ 85 48
+ 86 48
+ 87 48
+ 88 48
+ 89 48
+ 90 48
+ 91 48
+ 92 48
+ 93 48
+ 94 48
+ 95 48
Case #18: 94 87
+ 1 1
+ 1 2
+ 1 3
+ 1 4
+ 1 5
+ 1 7
+ 1 8
+ 1 9
+ 1 10
+ 1 11
+ 1 12
+ 1 13
+ 1 14
+ 1 15
+ 1 16
+ 1 17
+ 1 18
+ 1 19
+ 1 20
+ 1 21
+ 1 22
+ 1 23
+ 1 24
+ 1 25
+ 1 26
+ 1 27
+ 1 29
+ 1 30
+ 1 31
+ 1 32
+ 1 33
+ 1 35
+ 1 37
+ 1 38
+ 1 39
+ 1 41
+ 1 42
+ 1 43
+ 1 44
+ 1 45
+ 1 46
+ 1 47
+ 1 48
+ 1 49
+ 1 51
+ 1 52
+ 1 53
+ 1 54
+ 1 55
+ 1 56
+ 1 57
+ 1 58
+ 1 59
x 2 6
x 3 34
x 4 36
x 5 40
x 6 50
+ 31 30
+ 32 30
+ 33 30
+ 34 30
+ 35 30
+ 36 30
+ 37 30
+ 38 30
+ 39 30
+ 40 30
+ 41 30
+ 42 30
+ 43 30
+ 44 30
+ 45 30
+ 46 30
+ 47 30
+ 48 30
+ 49 30
+ 50 30
+ 51 30
+ 52 30
+ 53 30
+ 54 30
+ 55 30
+ 56 30
+ 57 30
+ 58 30
+ 59 30
Case #19: 151 150
+ 1 1
+ 1 2
+ 1 3
+ 1 4
+ 1 5
+ 1 6
+ 1 7
+ 1 8
+ 1 9
+ 1 10
+ 1 11
+ 1 12
+ 1 13
+ 1 14
+ 1 15
+ 1 16
+ 1 17
+ 1 18
+ 1 19
+ 1 20
+ 1 21
+ 1 22
+ 1 23
+ 1 24
+ 1 25
+ 1 26
+ 1 27
+ 1 28
+ 1 29
+ 1 30
+ 1 31
+ 1 32
+ 1 33
+ 1 34
+ 1 35
+ 1 36
+ 1 37
+ 1 38
+ 1 39
+ 1 40
+ 1 41
+ 1 42
+ 1 43
+ 1 44
+ 1 45
+ 1 46
+ 1 47
+ 1 48
+ 1 49
+ 1 50
+ 1 51
+ 1 52
+ 1 53
+ 1 54
+ 1 55
+ 1 56
+ 1 57
+ 1 58
+ 1 59
+ 1 60
+ 1 61
+ 1 62
+ 1 63
+ 1 64
+ 1 65
+ 1 66
+ 1 67
+ 1 68
+ 1 69
+ 1 70
+ 1 71
+ 1 72
+ 1 73
+ 1 74
+ 1 75
+ 1 76
+ 1 77
+ 1 78
+ 1 79
+ 1 80
+ 1 81
+ 1 82
+ 1 84
+ 1 85
+ 1 86
+ 1 87
+ 1 88
+ 1 89
+ 1 90
+ 1 91
+ 1 92
+ 1 93
+ 1 94
+ 1 95
+ 1 96
+ 1 97
+ 1 98
+ 1 99
+ 1 100
+ 10 92
+ 43 41
+ 52 51
+ 54 50
+ 54 51
+ 56 50
+ 56 51
+ 58 50
+ 58 51
+ 60 50
+ 60 51
+ 62 50
+ 62 51
+ 64 50
+ 64 51
+ 66 50
+ 66 51
+ 68 50
+ 68 51
+ 70 50
+ 70 51
+ 72 50
+ 72 51
+ 74 50
+ 74 51
+ 76 50
+ 76 51
+ 78 50
+ 78 51
+ 80 50
+ 80 51
+ 82 50
+ 82 51
+ 84 50
+ 84 51
+ 86 50
+ 86 51
+ 88 50
+ 88 51
+ 90 50
+ 90 51
+ 92 50
+ 92 51
+ 94 50
+ 94 51
+ 96 50
+ 96 51
+ 98 50
+ 98 51
+ 100 50
+ 100 51
Case #20: 103 100
+ 1 1
+ 1 2
+ 1 3
+ 1 4
+ 1 5
+ 1 6
+ 1 7
+ 1 8
+ 1 9
+ 1 10
+ 1 11
+ 1 13
+ 1 14
+ 1 15
+ 1 16
+ 1 17
+ 1 18
+ 1 19
+ 1 20
+ 1 21
+ 1 22
+ 1 23
+ 1 24
+ 1 26
+ 1 27
+ 1 28
+ 1 29
+ 1 30
+ 1 31
+ 1 32
+ 1 33
+ 1 34
+ 1 35
+ 1 36
+ 1 37
+ 1 38
+ 1 39
+ 1 40
+ 1 41
+ 1 42
+ 1 43
+ 1 44
+ 1 45
+ 1 46
+ 1 47
+ 1 48
+ 1 49
+ 1 50
+ 1 51
+ 1 52
+ 1 53
+ 1 54
+ 1 55
+ 1 56
+ 1 57
+ 1 58
+ 1 59
+ 1 60
+ 1 61
+ 1 62
+ 1 63
+ 1 64
+ 1 65
+ 1 66
x 2 12
x 3 25
+ 35 33
+ 35 34
+ 37 33
+ 37 34
+ 39 33
+ 39 34
+ 41 33
+ 41 34
+ 43 33
+ 43 34
+ 45 33
+ 45 34
+ 47 33
+ 47 34
+ 49 33
+ 49 34
+ 51 33
+ 51 34
+ 53 33
+ 53 34
+ 55 33
+ 55 34
+ 57 33
+ 57 34
+ 59 33
+ 59 34
+ 61 33
+ 61 34
+ 63 33
+ 63 34
+ 65 33
+ 65 34
+ 67 33
+ 67 34
Case #21: 161 151
x 1 3
+ 1 5
+ 1 7
+ 1 8
+ 1 9
+ 1 10
+ 1 11
+ 1 12
+ 1 13
+ 1 16
+ 1 17
+ 1 18
+ 1 19
+ 1 21
+ 1 22
+ 1 23
+ 1 24
+ 1 25
+ 1 26
+ 1 27
+ 1 28
+ 1 29
+ 1 31
+ 1 32
+ 1 33
+ 1 34
+ 1 35
+ 1 36
+ 1 37
+ 1 38
+ 1 39
+ 1 40
+ 1 41
+ 1 42
+ 1 43
+ 1 44
+ 1 45
+ 1 46
+ 1 47
+ 1 48
+ 1 49
+ 1 50
+ 1 51
+ 1 52
+ 1 53
+ 1 54
+ 1 55
+ 1 56
+ 1 57
+ 1 58
+ 1 59
+ 1 60
+ 1 61
+ 1 62
+ 1 63
+ 1 64
+ 1 65
+ 1 66
+ 1 69
+ 1 70
+ 1 71
+ 1 72
+ 1 73
+ 1 74
+ 1 75
+ 1 76
+ 1 77
+ 1 78
+ 1 79
+ 1 80
+ 1 81
+ 1 82
+ 1 83
+ 1 84
+ 1 85
+ 1 86
+ 1 87
+ 1 88
+ 1 89
+ 1 90
+ 1 91
+ 1 92
+ 1 93
+ 1 94
+ 1 95
+ 1 96
+ 1 97
+ 1 98
+ 1 99
+ 1 100
x 2 1
+ 3 1
x 3 2
x 4 4
x 5 6
x 6 14
x 7 15
x 8 20
x 9 30
x 10 67
x 11 68
+ 50 52
+ 52 51
+ 54 50
+ 54 51
+ 56 50
+ 56 51
+ 58 50
+ 58 51
+ 60 50
+ 60 51
+ 62 50
+ 62 51
+ 64 50
+ 64 51
+ 66 50
+ 66 51
+ 68 50
+ 68 51
+ 70 50
+ 70 51
+ 72 50
+ 72 51
+ 74 50
+ 74 51
+ 76 50
+ 76 51
+ 78 50
+ 78 51
+ 80 50
+ 80 51
+ 82 50
+ 82 51
+ 84 50
+ 84 51
+ 86 50
+ 86 51
+ 88 50
+ 88 51
+ 90 50
+ 90 51
+ 92 50
+ 92 51
+ 94 50
+ 94 51
+ 96 50
+ 96 51
+ 98 50
+ 98 51
+ 100 50
+ 100 51
Case #22: 100 98
+ 1 1
+ 1 2
+ 1 3
+ 1 4
+ 1 5
+ 1 6
+ 1 7
+ 1 8
+ 1 9
+ 1 10
+ 1 11
+ 1 12
+ 1 13
+ 1 14
+ 1 15
+ 1 16
+ 1 17
+ 1 18
+ 1 19
+ 1 20
+ 1 21
+ 1 22
+ 1 23
+ 1 24
+ 1 25
+ 1 26
+ 1 27
+ 1 28
+ 1 29
+ 1 30
+ 1 31
+ 1 32
+ 1 33
+ 1 34
+ 1 36
+ 1 37
+ 1 38
+ 1 39
+ 1 40
+ 1 41
+ 1 42
+ 1 43
+ 1 44
+ 1 45
+ 1 46
+ 1 47
+ 1 48
+ 1 49
+ 1 50
+ 1 51
+ 1 52
+ 1 53
+ 1 54
+ 1 55
+ 1 56
+ 1 58
+ 1 59
+ 1 60
+ 1 61
+ 1 62
+ 1 63
+ 1 64
+ 1 65
+ 1 66
x 2 35
+ 6 62
+ 30 28
+ 35 34
+ 37 33
+ 37 34
+ 39 33
+ 39 34
+ 41 33
+ 41 34
+ 43 33
+ 43 34
+ 45 33
+ 45 34
+ 47 33
+ 47 34
+ 49 33
+ 49 34
+ 51 33
+ 51 34
+ 53 33
+ 53 34
+ 55 33
+ 55 34
+ 57 33
+ 57 34
+ 59 33
+ 59 34
+ 61 33
+ 61 34
+ 63 33
+ 63 34
+ 65 33
+ 65 34
Case #23: 153 150
+ 1 2
+ 1 3
+ 1 4
+ 1 5
+ 1 6
+ 1 7
+ 1 8
+ 1 9
+ 1 10
+ 1 11
+ 1 12
+ 1 13
+ 1 14
+ 1 15
+ 1 16
+ 1 17
+ 1 18
+ 1 19
+ 1 20
+ 1 21
+ 1 22
+ 1 23
+ 1 24
+ 1 25
+ 1 27
+ 1 28
+ 1 29
+ 1 30
+ 1 31
+ 1 32
+ 1 33
+ 1 34
+ 1 35
+ 1 37
+ 1 38
+ 1 39
+ 1 40
+ 1 41
+ 1 42
+ 1 43
+ 1 44
+ 1 45
+ 1 46
+ 1 47
+ 1 48
+ 1 49
+ 1 50
+ 1 51
+ 1 52
+ 1 53
+ 1 54
+ 1 55
+ 1 56
+ 1 57
+ 1 58
+ 1 59
+ 1 60
+ 1 61
+ 1 62
+ 1 63
+ 1 64
+ 1 65
+ 1 66
+ 1 67
+ 1 68
+ 1 69
+ 1 70
+ 1 71
+ 1 72
+ 1 73
+ 1 74
+ 1 75
+ 1 76
+ 1 77
+ 1 78
+ 1 79
+ 1 80
+ 1 81
+ 1 82
+ 1 83
+ 1 84
+ 1 85
+ 1 86
+ 1 87
+ 1 88
+ 1 89
+ 1 90
+ 1 91
+ 1 92
+ 1 93
+ 1 94
+ 1 95
+ 1 96
+ 1 97
+ 1 98
+ 1 99
+ 1 100
x 2 1
x 3 36
+ 14 13
+ 39 64
+ 52 50
+ 54 50
+ 54 51
+ 56 50
+ 56 51
+ 58 50
+ 58 51
+ 60 50
+ 60 51
+ 62 50
+ 62 51
+ 64 50
+ 64 51
+ 66 50
+ 66 51
+ 68 50
+ 68 51
+ 70 50
+ 70 51
+ 72 50
+ 72 51
+ 74 50
+ 74 51
+ 76 50
+ 76 51
+ 78 50
+ 78 51
+ 80 50
+ 80 51
+ 82 50
+ 82 51
+ 84 50
+ 84 51
+ 86 50
+ 86 51
+ 88 50
+ 88 51
+ 90 50
+ 90 51
+ 92 50
+ 92 51
+ 94 50
+ 94 51
+ 96 50
+ 96 51
+ 98 50
+ 98 51
+ 100 50
+ 100 51
Case #24: 153 150
x 1 2
+ 1 3
+ 1 4
+ 1 5
+ 1 6
+ 1 7
+ 1 9
+ 1 10
+ 1 11
+ 1 12
+ 1 13
+ 1 15
+ 1 16
+ 1 17
+ 1 18
+ 1 19
+ 1 20
+ 1 21
+ 1 22
+ 1 23
+ 1 24
+ 1 25
+ 1 26
+ 1 27
+ 1 28
+ 1 29
+ 1 30
+ 1 31
+ 1 32
+ 1 33
+ 1 34
+ 1 35
+ 1 36
+ 1 37
+ 1 38
+ 1 39
+ 1 40
+ 1 41
+ 1 42
+ 1 43
+ 1 44
+ 1 45
+ 1 46
+ 1 47
+ 1 48
+ 1 49
+ 1 50
+ 1 51
+ 1 52
+ 1 53
+ 1 54
+ 1 55
+ 1 56
+ 1 57
+ 1 58
+ 1 59
+ 1 60
+ 1 61
+ 1 62
+ 1 63
+ 1 64
+ 1 65
+ 1 66
+ 1 67
+ 1 68
+ 1 69
+ 1 70
+ 1 71
+ 1 72
+ 1 73
+ 1 74
+ 1 75
+ 1 76
+ 1 77
+ 1 78
+ 1 79
+ 1 80
+ 1 81
+ 1 82
+ 1 83
+ 1 84
+ 1 85
+ 1 86
+ 1 87
+ 1 88
+ 1 89
+ 1 90
+ 1 91
+ 1 92
+ 1 93
+ 1 94
+ 1 95
+ 1 96
+ 1 97
+ 1 98
+ 1 99
+ 1 100
x 2 1
x 3 8
x 4 14
+ 51 52
+ 52 50
+ 53 52
+ 54 50
+ 55 52
+ 56 50
+ 57 52
+ 58 50
+ 59 52
+ 60 50
+ 61 52
+ 62 50
+ 63 52
+ 64 50
+ 65 52
+ 66 50
+ 67 52
+ 68 50
+ 69 52
+ 70 50
+ 71 52
+ 72 50
+ 73 52
+ 74 50
+ 75 52
+ 76 50
+ 77 52
+ 78 50
+ 79 52
+ 80 50
+ 81 52
+ 82 50
+ 83 52
+ 84 50
+ 85 52
+ 86 50
+ 87 52
+ 88 50
+ 89 52
+ 90 50
+ 91 52
+ 92 50
+ 93 52
+ 94 50
+ 95 52
+ 96 50
+ 97 52
+ 98 50
+ 99 52
+ 100 50
Case #25: 121 118
+ 1 1
+ 1 2
+ 1 3
+ 1 4
+ 1 5
+ 1 6
+ 1 7
+ 1 8
+ 1 9
+ 1 10
+ 1 11
+ 1 12
+ 1 13
+ 1 14
+ 1 15
+ 1 16
+ 1 17
+ 1 18
+ 1 19
+ 1 20
+ 1 22
+ 1 23
+ 1 24
+ 1 25
+ 1 26
+ 1 27
+ 1 28
+ 1 29
+ 1 30
+ 1 31
+ 1 32
+ 1 33
+ 1 34
+ 1 35
+ 1 36
+ 1 37
+ 1 38
+ 1 39
+ 1 40
+ 1 41
+ 1 42
+ 1 43
+ 1 44
+ 1 45
+ 1 46
+ 1 47
+ 1 48
+ 1 49
+ 1 50
+ 1 51
+ 1 52
+ 1 53
+ 1 54
+ 1 55
+ 1 56
+ 1 57
+ 1 58
+ 1 59
+ 1 60
+ 1 62
+ 1 63
+ 1 64
+ 1 65
+ 1 66
+ 1 68
+ 1 69
+ 1 70
+ 1 71
+ 1 72
+ 1 73
+ 1 74
+ 1 75
+ 1 76
+ 1 77
+ 1 78
+ 1 79
x 2 61
x 3 67
+ 12 10
+ 31 51
+ 41 40
+ 43 40
+ 44 40
+ 45 40
+ 46 40
+ 47 40
+ 48 40
+ 49 40
+ 50 40
+ 51 40
+ 52 40
+ 53 40
+ 54 40
+ 55 40
+ 56 40
+ 57 40
+ 58 40
+ 59 40
+ 60 40
+ 61 40
+ 62 40
+ 63 40
+ 64 40
+ 65 40
+ 66 40
+ 67 40
+ 68 40
+ 69 40
+ 70 40
+ 71 40
+ 72 40
+ 73 40
+ 74 40
+ 75 40
+ 76 40
+ 77 40
+ 78 40
+ 79 40
Case #26: 250 149
x 2 1
x 3 3
x 4 4
x 5 5
x 6 6
x 7 7
x 8 8
x 9 9
x 10 10
x 11 11
x 12 12
x 13 13
x 14 14
x 15 15
x 16 16
x 17 17
x 18 18
x 19 19
x 20 20
x 21 21
x 22 22
x 23 23
x 24 24
x 25 25
x 26 26
x 27 27
x 28 28
x 29 29
x 30 30
x 31 31
x 32 32
x 33 33
x 34 34
x 35 35
x 36 36
x 37 37
x 38 38
x 39 39
x 40 40
x 41 41
x 42 42
x 43 43
x 44 44
x 45 45
x 46 46
x 47 47
x 48 48
x 49 49
x 50 50
x 51 51
+ 52 50
+ 52 51
x 52 52
x 53 53
+ 54 50
+ 54 51
x 54 54
x 55 55
+ 56 50
+ 56 51
x 56 56
x 57 57
+ 58 50
+ 58 51
x 58 58
x 59 59
+ 60 50
+ 60 51
x 60 60
x 61 61
+ 62 50
+ 62 51
x 62 62
x 63 63
+ 64 50
+ 64 51
x 64 64
x 65 65
+ 66 50
+ 66 51
x 66 66
x 67 67
+ 68 50
+ 68 51
x 68 68
x 69 69
+ 70 50
+ 70 51
x 70 70
x 71 71
+ 72 50
+ 72 51
x 72 72
x 73 73
+ 74 50
+ 74 51
x 74 74
x 75 75
+ 76 50
+ 76 51
x 76 76
x 77 77
+ 78 50
+ 78 51
x 78 78
x 79 79
+ 80 50
+ 80 51
x 80 80
x 81 81
+ 82 50
+ 82 51
x 82 82
x 83 83
+ 84 50
+ 84 51
x 84 84
x 85 85
+ 86 50
+ 86 51
x 86 86
x 87 87
+ 88 50
+ 88 51
x 88 88
x 89 89
+ 90 50
+ 90 51
x 90 90
x 91 91
+ 92 50
+ 92 51
x 92 92
x 93 93
+ 94 50
+ 94 51
x 94 94
x 95 95
+ 96 50
+ 96 51
x 96 96
x 97 97
+ 98 50
+ 98 51
x 98 98
x 99 99
+ 100 50
+ 100 51
x 100 100
Case #27: 151 150
+ 1 1
+ 1 2
+ 1 3
+ 1 4
+ 1 5
+ 1 6
+ 1 7
+ 1 8
+ 1 9
+ 1 10
+ 1 11
+ 1 12
+ 1 13
+ 1 14
+ 1 15
+ 1 16
+ 1 17
+ 1 18
+ 1 19
+ 1 20
+ 1 21
+ 1 22
+ 1 23
+ 1 25
+ 1 26
+ 1 27
+ 1 28
+ 1 29
+ 1 30
+ 1 31
+ 1 32
+ 1 33
+ 1 34
+ 1 35
+ 1 36
+ 1 37
+ 1 38
+ 1 39
+ 1 40
+ 1 41
+ 1 42
+ 1 43
+ 1 44
+ 1 45
+ 1 46
+ 1 47
+ 1 48
+ 1 49
+ 1 50
+ 1 51
+ 1 52
+ 1 53
+ 1 54
+ 1 55
+ 1 56
+ 1 57
+ 1 58
+ 1 59
+ 1 60
+ 1 61
+ 1 62
+ 1 63
+ 1 64
+ 1 65
+ 1 66
+ 1 67
+ 1 68
+ 1 69
+ 1 70
+ 1 71
+ 1 72
+ 1 73
+ 1 74
+ 1 75
+ 1 76
+ 1 77
+ 1 78
+ 1 79
+ 1 80
+ 1 81
+ 1 82
+ 1 83
+ 1 84
+ 1 85
+ 1 86
+ 1 87
+ 1 88
+ 1 89
+ 1 90
+ 1 91
+ 1 92
+ 1 93
+ 1 94
+ 1 95
+ 1 96
+ 1 97
+ 1 98
+ 1 99
+ 1 100
+ 13 12
+ 40 63
+ 52 50
+ 54 50
+ 54 51
+ 56 50
+ 56 51
+ 58 50
+ 58 51
+ 60 50
+ 60 51
+ 62 50
+ 62 51
+ 64 50
+ 64 51
+ 66 50
+ 66 51
+ 68 50
+ 68 51
+ 70 50
+ 70 51
+ 72 50
+ 72 51
+ 74 50
+ 74 51
+ 76 50
+ 76 51
+ 78 50
+ 78 51
+ 80 50
+ 80 51
+ 82 50
+ 82 51
+ 84 50
+ 84 51
+ 86 50
+ 86 51
+ 88 50
+ 88 51
+ 90 50
+ 90 51
+ 92 50
+ 92 51
+ 94 50
+ 94 51
+ 96 50
+ 96 51
+ 98 50
+ 98 51
+ 100 50
+ 100 51
Case #28: 154 150
x 1 2
+ 1 3
+ 1 4
+ 1 5
+ 1 6
+ 1 7
+ 1 9
+ 1 10
+ 1 11
+ 1 12
+ 1 13
+ 1 14
+ 1 15
+ 1 16
+ 1 17
+ 1 18
+ 1 19
+ 1 20
+ 1 22
+ 1 23
+ 1 24
+ 1 26
+ 1 27
+ 1 28
+ 1 29
+ 1 30
+ 1 31
+ 1 32
+ 1 33
+ 1 34
+ 1 35
+ 1 36
+ 1 37
+ 1 38
+ 1 39
+ 1 40
+ 1 41
+ 1 42
+ 1 43
+ 1 44
+ 1 45
+ 1 46
+ 1 47
+ 1 48
+ 1 49
+ 1 50
+ 1 51
+ 1 52
+ 1 53
+ 1 54
+ 1 55
+ 1 56
+ 1 57
+ 1 58
+ 1 59
+ 1 60
+ 1 61
+ 1 62
+ 1 63
+ 1 64
+ 1 65
+ 1 66
+ 1 67
+ 1 68
+ 1 69
+ 1 70
+ 1 71
+ 1 72
+ 1 73
+ 1 74
+ 1 75
+ 1 76
+ 1 77
+ 1 78
+ 1 79
+ 1 80
+ 1 81
+ 1 82
+ 1 83
+ 1 84
+ 1 85
+ 1 86
+ 1 87
+ 1 88
+ 1 89
+ 1 90
+ 1 91
+ 1 92
+ 1 93
+ 1 94
+ 1 95
+ 1 96
+ 1 97
+ 1 98
+ 1 99
+ 1 100
x 2 1
x 3 8
x 4 21
x 5 25
+ 51 52
+ 52 50
+ 53 52
+ 54 50
+ 55 52
+ 56 50
+ 57 52
+ 58 50
+ 59 52
+ 60 50
+ 61 52
+ 62 50
+ 63 52
+ 64 50
+ 65 52
+ 66 50
+ 67 52
+ 68 50
+ 69 52
+ 70 50
+ 71 52
+ 72 50
+ 73 52
+ 74 50
+ 75 52
+ 76 50
+ 77 52
+ 78 50
+ 79 52
+ 80 50
+ 81 52
+ 82 50
+ 83 52
+ 84 50
+ 85 52
+ 86 50
+ 87 52
+ 88 50
+ 89 52
+ 90 50
+ 91 52
+ 92 50
+ 93 52
+ 94 50
+ 95 52
+ 96 50
+ 97 52
+ 98 50
+ 99 52
+ 100 50
Case #29: 64 61
+ 1 1
+ 1 2
+ 1 3
+ 1 4
+ 1 5
+ 1 6
+ 1 7
+ 1 8
+ 1 9
+ 1 10
+ 1 11
+ 1 12
+ 1 13
+ 1 14
+ 1 15
+ 1 17
+ 1 18
+ 1 19
+ 1 20
+ 1 21
+ 1 23
+ 1 24
+ 1 25
+ 1 27
+ 1 28
+ 1 29
+ 1 30
+ 1 31
+ 1 32
+ 1 33
+ 1 34
+ 1 35
+ 1 36
+ 1 37
+ 1 38
+ 1 39
+ 1 40
+ 1 41
x 2 16
x 3 22
+ 9 34
+ 14 13
+ 23 21
+ 24 21
+ 25 21
+ 26 21
+ 27 21
+ 28 21
+ 29 21
+ 30 21
+ 31 21
+ 32 21
+ 33 21
+ 34 21
+ 35 21
+ 36 21
+ 37 21
+ 38 21
+ 39 21
+ 40 21
+ 41 21
Case #30: 61 56
+ 1 1
+ 1 2
+ 1 3
+ 1 5
+ 1 6
+ 1 7
+ 1 8
+ 1 9
+ 1 10
+ 1 13
+ 1 14
+ 1 15
+ 1 16
+ 1 17
+ 1 18
+ 1 19
+ 1 21
+ 1 22
+ 1 23
+ 1 24
+ 1 25
+ 1 26
+ 1 28
+ 1 29
+ 1 30
+ 1 31
+ 1 32
+ 1 33
+ 1 34
+ 1 35
+ 1 36
+ 1 37
+ 1 38
x 2 4
x 3 11
x 4 20
x 5 27
+ 7 6
+ 15 26
+ 21 19
+ 23 19
+ 23 20
+ 25 19
+ 25 20
+ 27 19
+ 27 20
+ 29 19
+ 29 20
+ 31 19
+ 31 20
+ 33 19
+ 33 20
+ 35 19
+ 35 20
+ 37 19
+ 37 20
Case #31: 120 117
+ 1 1
+ 1 2
+ 1 3
+ 1 4
+ 1 5
+ 1 6
+ 1 7
+ 1 8
+ 1 9
+ 1 10
+ 1 11
+ 1 12
+ 1 13
+ 1 14
+ 1 15
+ 1 16
+ 1 17
+ 1 18
+ 1 19
+ 1 20
+ 1 21
+ 1 22
+ 1 23
+ 1 24
+ 1 25
+ 1 26
+ 1 27
+ 1 28
+ 1 29
+ 1 30
+ 1 31
+ 1 32
+ 1 33
+ 1 34
+ 1 35
+ 1 36
+ 1 38
+ 1 39
+ 1 40
+ 1 41
+ 1 42
+ 1 43
+ 1 44
+ 1 45
+ 1 46
+ 1 47
+ 1 48
+ 1 49
+ 1 50
+ 1 51
+ 1 52
+ 1 53
+ 1 54
+ 1 55
+ 1 56
+ 1 57
+ 1 58
+ 1 59
+ 1 60
+ 1 61
+ 1 62
+ 1 63
+ 1 64
+ 1 65
+ 1 66
+ 1 67
+ 1 68
+ 1 69
+ 1 70
+ 1 71
+ 1 72
+ 1 73
+ 1 74
+ 1 75
+ 1 76
+ 1 77
+ 1 78
x 2 37
+ 41 40
+ 42 40
+ 43 40
+ 44 40
+ 45 40
+ 46 40
+ 47 40
+ 48 40
+ 49 40
+ 50 40
+ 51 40
+ 52 40
+ 53 40
+ 54 40
+ 55 40
+ 56 40
+ 57 40
+ 58 40
+ 59 40
+ 60 40
+ 61 40
+ 62 40
+ 63 40
+ 64 40
+ 65 40
+ 66 40
+ 67 40
+ 68 40
+ 69 40
+ 70 40
+ 71 40
+ 72 40
+ 73 40
+ 74 40
+ 75 40
+ 76 40
+ 77 40
+ 78 40
+ 79 40
Case #32: 154 150
+ 1 2
+ 1 3
+ 1 4
+ 1 5
+ 1 6
+ 1 7
+ 1 8
+ 1 9
+ 1 10
+ 1 11
+ 1 12
+ 1 13
+ 1 14
+ 1 15
+ 1 16
+ 1 17
+ 1 19
+ 1 20
+ 1 21
+ 1 22
+ 1 23
+ 1 24
+ 1 25
+ 1 26
+ 1 27
+ 1 28
+ 1 29
+ 1 30
+ 1 31
+ 1 32
+ 1 33
+ 1 34
+ 1 35
+ 1 36
+ 1 37
+ 1 38
+ 1 39
+ 1 42
+ 1 43
+ 1 44
+ 1 45
+ 1 46
+ 1 47
+ 1 48
+ 1 49
+ 1 50
+ 1 51
+ 1 52
+ 1 53
+ 1 54
+ 1 55
+ 1 56
+ 1 57
+ 1 58
+ 1 59
+ 1 60
+ 1 61
+ 1 62
+ 1 63
+ 1 64
+ 1 65
+ 1 66
+ 1 67
+ 1 68
+ 1 69
+ 1 70
+ 1 71
+ 1 72
+ 1 73
+ 1 74
+ 1 75
+ 1 76
+ 1 77
+ 1 78
+ 1 79
+ 1 80
+ 1 81
+ 1 82
+ 1 83
+ 1 84
+ 1 85
+ 1 86
+ 1 87
+ 1 88
+ 1 89
+ 1 90
+ 1 91
+ 1 92
+ 1 93
+ 1 94
+ 1 95
+ 1 96
+ 1 97
+ 1 98
+ 1 99
+ 1 100
x 2 1
x 3 18
x 4 40
+ 22 20
+ 31 71
+ 52 51
+ 54 50
+ 54 51
+ 56 50
+ 56 51
+ 58 50
+ 58 51
+ 60 50
+ 60 51
+ 62 50
+ 62 51
+ 64 50
+ 64 51
+ 66 50
+ 66 51
+ 68 50
+ 68 51
+ 70 50
+ 70 51
+ 72 50
+ 72 51
+ 74 50
+ 74 51
+ 76 50
+ 76 51
+ 78 50
+ 78 51
+ 80 50
+ 80 51
+ 82 50
+ 82 51
+ 84 50
+ 84 51
+ 86 50
+ 86 51
+ 88 50
+ 88 51
+ 90 50
+ 90 51
+ 92 50
+ 92 51
+ 94 50
+ 94 51
+ 96 50
+ 96 51
+ 98 50
+ 98 51
+ 100 50
+ 100 51
Case #33: 160 150
x 1 2
+ 1 3
+ 1 9
+ 1 10
+ 1 11
+ 1 12
+ 1 13
+ 1 14
+ 1 15
+ 1 17
+ 1 18
+ 1 21
+ 1 22
+ 1 24
+ 1 25
+ 1 26
+ 1 27
+ 1 28
+ 1 29
+ 1 30
+ 1 31
+ 1 32
+ 1 33
+ 1 34
+ 1 35
+ 1 36
+ 1 37
+ 1 38
+ 1 39
+ 1 40
+ 1 41
+ 1 42
+ 1 43
+ 1 44
+ 1 45
+ 1 46
+ 1 47
+ 1 48
+ 1 49
+ 1 50
+ 1 51
+ 1 52
+ 1 53
+ 1 54
+ 1 55
+ 1 56
+ 1 57
+ 1 58
+ 1 59
+ 1 60
+ 1 61
+ 1 62
+ 1 63
+ 1 64
+ 1 65
+ 1 66
+ 1 67
+ 1 68
+ 1 69
+ 1 70
+ 1 71
+ 1 72
+ 1 73
+ 1 74
+ 1 75
+ 1 76
+ 1 77
+ 1 78
+ 1 79
+ 1 80
+ 1 81
+ 1 82
+ 1 83
+ 1 84
+ 1 85
+ 1 86
+ 1 87
+ 1 88
+ 1 89
+ 1 90
+ 1 91
+ 1 92
+ 1 93
+ 1 94
+ 1 95
+ 1 96
+ 1 97
+ 1 98
+ 1 99
+ 1 100
x 2 1
x 3 4
x 4 5
x 5 6
x 6 7
x 7 8
x 8 16
x 9 19
x 10 20
x 11 23
+ 51 52
+ 52 50
+ 53 52
+ 54 50
+ 55 52
+ 56 50
+ 57 52
+ 58 50
+ 59 52
+ 60 50
+ 61 52
+ 62 50
+ 63 52
+ 64 50
+ 65 52
+ 66 50
+ 67 52
+ 68 50
+ 69 52
+ 70 50
+ 71 52
+ 72 50
+ 73 52
+ 74 50
+ 75 52
+ 76 50
+ 77 52
+ 78 50
+ 79 52
+ 80 50
+ 81 52
+ 82 50
+ 83 52
+ 84 50
+ 85 52
+ 86 50
+ 87 52
+ 88 50
+ 89 52
+ 90 50
+ 91 52
+ 92 50
+ 93 52
+ 94 50
+ 95 52
+ 96 50
+ 97 52
+ 98 50
+ 99 52
+ 100 50
Case #34: 44 39
+ 1 2
+ 1 3
+ 1 4
+ 1 5
+ 1 6
+ 1 7
+ 1 8
+ 1 9
+ 1 10
+ 1 11
+ 1 13
+ 1 14
+ 1 15
+ 1 17
+ 1 18
+ 1 19
+ 1 20
+ 1 21
+ 1 23
+ 1 24
+ 1 25
+ 1 26
+ 1 27
x 2 1
x 3 16
x 4 22
+ 15 14
+ 16 14
+ 17 14
+ 18 14
+ 19 14
+ 20 14
+ 21 14
+ 22 14
+ 23 14
+ 24 14
+ 25 14
+ 26 14
+ 27 14
Case #35: 126 120
+ 1 1
+ 1 2
+ 1 3
+ 1 4
+ 1 5
+ 1 6
+ 1 7
+ 1 9
+ 1 10
+ 1 11
+ 1 12
+ 1 13
+ 1 14
+ 1 15
+ 1 16
+ 1 18
+ 1 20
+ 1 21
+ 1 22
+ 1 23
+ 1 24
+ 1 25
+ 1 26
+ 1 27
+ 1 28
+ 1 29
+ 1 31
+ 1 32
+ 1 33
+ 1 34
+ 1 35
+ 1 36
+ 1 37
+ 1 38
+ 1 39
+ 1 40
+ 1 41
+ 1 42
+ 1 43
+ 1 44
+ 1 45
+ 1 46
+ 1 47
+ 1 48
+ 1 49
+ 1 51
+ 1 52
+ 1 53
+ 1 54
+ 1 55
+ 1 56
+ 1 57
+ 1 58
+ 1 59
+ 1 60
+ 1 61
+ 1 62
+ 1 63
+ 1 64
+ 1 65
+ 1 66
+ 1 67
+ 1 68
+ 1 69
+ 1 70
+ 1 71
+ 1 72
+ 1 73
+ 1 74
+ 1 75
+ 1 76
+ 1 77
+ 1 78
+ 1 79
+ 1 80
+ 1 81
x 2 8
x 3 17
x 4 19
x 5 30
+ 42 41
+ 43 41
+ 44 41
+ 45 41
+ 46 41
+ 47 41
+ 48 41
+ 49 41
+ 50 41
+ 51 41
+ 52 41
+ 53 41
+ 54 41
+ 55 41
+ 56 41
+ 57 41
+ 58 41
+ 59 41
+ 60 41
+ 61 41
+ 62 41
+ 63 41
+ 64 41
+ 65 41
+ 66 41
+ 67 41
+ 68 41
+ 69 41
+ 70 41
+ 71 41
+ 72 41
+ 73 41
+ 74 41
+ 75 41
+ 76 41
+ 77 41
+ 78 41
+ 79 41
+ 80 41
+ 81 41
Case #36: 134 132
+ 1 1
+ 1 2
+ 1 3
+ 1 4
+ 1 5
+ 1 6
+ 1 7
+ 1 8
+ 1 9
+ 1 10
+ 1 11
+ 1 12
+ 1 13
+ 1 14
+ 1 15
+ 1 16
+ 1 17
+ 1 18
+ 1 19
+ 1 20
+ 1 21
+ 1 22
+ 1 23
+ 1 24
+ 1 25
+ 1 26
+ 1 27
+ 1 28
+ 1 29
+ 1 30
+ 1 31
+ 1 32
+ 1 33
+ 1 34
+ 1 35
+ 1 36
+ 1 38
+ 1 39
+ 1 40
+ 1 41
+ 1 43
+ 1 44
+ 1 45
+ 1 46
+ 1 47
+ 1 48
+ 1 49
+ 1 50
+ 1 51
+ 1 52
+ 1 53
+ 1 54
+ 1 55
+ 1 56
+ 1 57
+ 1 58
+ 1 59
+ 1 60
+ 1 61
+ 1 62
+ 1 63
+ 1 64
+ 1 65
+ 1 66
+ 1 67
+ 1 68
+ 1 69
+ 1 70
+ 1 71
+ 1 72
+ 1 73
+ 1 74
+ 1 75
+ 1 76
+ 1 77
+ 1 78
+ 1 79
+ 1 80
+ 1 81
+ 1 82
+ 1 83
+ 1 84
+ 1 85
+ 1 86
+ 1 87
+ 1 88
x 2 42
+ 20 18
+ 27 63
+ 46 45
+ 48 44
+ 48 45
+ 50 44
+ 50 45
+ 52 44
+ 52 45
+ 54 44
+ 54 45
+ 56 44
+ 56 45
+ 58 44
+ 58 45
+ 60 44
+ 60 45
+ 62 44
+ 62 45
+ 64 44
+ 64 45
+ 66 44
+ 66 45
+ 68 44
+ 68 45
+ 70 44
+ 70 45
+ 72 44
+ 72 45
+ 74 44
+ 74 45
+ 76 44
+ 76 45
+ 78 44
+ 78 45
+ 80 44
+ 80 45
+ 82 44
+ 82 45
+ 84 44
+ 84 45
+ 86 44
+ 86 45
+ 88 44
+ 88 45
Case #37: 146 144
+ 1 1
+ 1 2
+ 1 3
+ 1 4
+ 1 5
+ 1 6
+ 1 7
+ 1 8
+ 1 9
+ 1 10
+ 1 11
+ 1 12
+ 1 13
+ 1 14
+ 1 15
+ 1 16
+ 1 18
+ 1 19
+ 1 20
+ 1 21
+ 1 22
+ 1 23
+ 1 24
+ 1 25
+ 1 26
+ 1 27
+ 1 28
+ 1 29
+ 1 30
+ 1 31
+ 1 32
+ 1 33
+ 1 34
+ 1 35
+ 1 36
+ 1 37
+ 1 38
+ 1 39
+ 1 40
+ 1 41
+ 1 42
+ 1 43
+ 1 44
+ 1 45
+ 1 46
+ 1 47
+ 1 48
+ 1 49
+ 1 50
+ 1 51
+ 1 52
+ 1 53
+ 1 54
+ 1 55
+ 1 56
+ 1 57
+ 1 58
+ 1 59
+ 1 60
+ 1 61
+ 1 62
+ 1 63
+ 1 64
+ 1 65
+ 1 66
+ 1 67
+ 1 68
+ 1 69
+ 1 70
+ 1 71
+ 1 72
+ 1 73
+ 1 74
+ 1 75
+ 1 76
+ 1 77
+ 1 78
+ 1 79
+ 1 80
+ 1 82
+ 1 83
+ 1 84
+ 1 85
+ 1 86
+ 1 87
+ 1 88
+ 1 89
+ 1 90
+ 1 91
+ 1 92
+ 1 93
+ 1 94
+ 1 95
+ 1 96
x 2 81
+ 10 8
+ 41 57
+ 50 49
+ 52 48
+ 52 49
+ 54 48
+ 54 49
+ 56 48
+ 56 49
+ 58 48
+ 58 49
+ 60 48
+ 60 49
+ 62 48
+ 62 49
+ 64 48
+ 64 49
+ 66 48
+ 66 49
+ 68 48
+ 68 49
+ 70 48
+ 70 49
+ 72 48
+ 72 49
+ 74 48
+ 74 49
+ 76 48
+ 76 49
+ 78 48
+ 78 49
+ 80 48
+ 80 49
+ 82 48
+ 82 49
+ 84 48
+ 84 49
+ 86 48
+ 86 49
+ 88 48
+ 88 49
+ 90 48
+ 90 49
+ 92 48
+ 92 49
+ 94 48
+ 94 49
+ 96 48
+ 96 49
Case #38: 153 150
x 1 2
+ 1 3
+ 1 4
+ 1 5
+ 1 7
+ 1 8
+ 1 9
+ 1 10
+ 1 11
+ 1 13
+ 1 14
+ 1 15
+ 1 16
+ 1 17
+ 1 18
+ 1 19
+ 1 20
+ 1 21
+ 1 22
+ 1 23
+ 1 24
+ 1 25
+ 1 26
+ 1 27
+ 1 28
+ 1 29
+ 1 30
+ 1 31
+ 1 32
+ 1 33
+ 1 34
+ 1 35
+ 1 36
+ 1 37
+ 1 38
+ 1 39
+ 1 40
+ 1 41
+ 1 42
+ 1 43
+ 1 44
+ 1 45
+ 1 46
+ 1 47
+ 1 48
+ 1 49
+ 1 50
+ 1 51
+ 1 52
+ 1 53
+ 1 54
+ 1 55
+ 1 56
+ 1 57
+ 1 58
+ 1 59
+ 1 60
+ 1 61
+ 1 62
+ 1 63
+ 1 64
+ 1 65
+ 1 66
+ 1 67
+ 1 68
+ 1 69
+ 1 70
+ 1 71
+ 1 72
+ 1 73
+ 1 74
+ 1 75
+ 1 76
+ 1 77
+ 1 78
+ 1 79
+ 1 80
+ 1 81
+ 1 82
+ 1 83
+ 1 84
+ 1 85
+ 1 86
+ 1 87
+ 1 88
+ 1 89
+ 1 90
+ 1 91
+ 1 92
+ 1 93
+ 1 94
+ 1 95
+ 1 96
+ 1 97
+ 1 98
+ 1 99
+ 1 100
x 2 1
x 3 6
x 4 12
+ 51 52
+ 52 50
+ 53 52
+ 54 50
+ 55 52
+ 56 50
+ 57 52
+ 58 50
+ 59 52
+ 60 50
+ 61 52
+ 62 50
+ 63 52
+ 64 50
+ 65 52
+ 66 50
+ 67 52
+ 68 50
+ 69 52
+ 70 50
+ 71 52
+ 72 50
+ 73 52
+ 74 50
+ 75 52
+ 76 50
+ 77 52
+ 78 50
+ 79 52
+ 80 50
+ 81 52
+ 82 50
+ 83 52
+ 84 50
+ 85 52
+ 86 50
+ 87 52
+ 88 50
+ 89 52
+ 90 50
+ 91 52
+ 92 50
+ 93 52
+ 94 50
+ 95 52
+ 96 50
+ 97 52
+ 98 50
+ 99 52
+ 100 50
Case #39: 15 13
+ 1 1
+ 1 3
+ 1 4
+ 1 5
+ 1 6
+ 1 7
+ 1 8
+ 1 9
+ 1 10
+ 7 5
+ 7 6
+ 9 5
+ 9 6
Case #40: 250 149
x 2 2
x 3 3
x 4 4
x 5 5
x 6 6
x 7 7
x 8 8
x 9 9
x 10 10
x 11 11
x 12 12
x 13 13
x 14 14
x 15 15
x 16 16
x 17 17
x 18 18
x 19 19
x 20 20
x 21 21
x 22 22
x 23 23
x 24 24
x 25 25
x 26 26
x 27 27
x 28 28
x 29 29
x 30 30
x 31 31
x 32 32
x 33 33
x 34 34
x 35 35
x 36 36
x 37 37
x 38 38
x 39 39
x 40 40
x 41 41
x 42 42
x 43 43
x 44 44
x 45 45
x 46 46
x 47 47
x 48 48
x 49 49
x 50 50
x 51 51
+ 52 50
+ 52 51
x 52 52
x 53 53
+ 54 50
+ 54 51
x 54 54
x 55 55
+ 56 50
+ 56 51
x 56 56
x 57 57
+ 58 50
+ 58 51
x 58 58
x 59 59
+ 60 50
+ 60 51
x 60 60
x 61 61
+ 62 50
+ 62 51
x 62 62
x 63 63
+ 64 50
+ 64 51
x 64 64
x 65 65
+ 66 50
+ 66 51
x 66 66
x 67 67
+ 68 50
+ 68 51
x 68 68
x 69 69
+ 70 50
+ 70 51
x 70 70
x 71 71
+ 72 50
+ 72 51
x 72 72
x 73 73
+ 74 50
+ 74 51
x 74 74
x 75 75
+ 76 50
+ 76 51
x 76 76
x 77 77
+ 78 50
+ 78 51
x 78 78
x 79 79
+ 80 50
+ 80 51
x 80 80
x 81 81
+ 82 50
+ 82 51
x 82 82
x 83 83
+ 84 50
+ 84 51
x 84 84
x 85 85
+ 86 50
+ 86 51
x 86 86
x 87 87
+ 88 50
+ 88 51
x 88 88
x 89 89
+ 90 50
+ 90 51
x 90 90
x 91 91
+ 92 50
+ 92 51
x 92 92
x 93 93
+ 94 50
+ 94 51
x 94 94
x 95 95
+ 96 50
+ 96 51
x 96 96
x 97 97
+ 98 50
+ 98 51
x 98 98
x 99 99
+ 100 50
+ 100 51
x 100 100
Case #41: 48 46
+ 1 1
+ 1 2
+ 1 3
+ 1 4
+ 1 5
+ 1 6
+ 1 7
+ 1 8
+ 1 9
+ 1 10
+ 1 11
+ 1 12
+ 1 13
+ 1 14
+ 1 15
+ 1 16
+ 1 17
+ 1 18
+ 1 19
+ 1 20
+ 1 21
+ 1 23
+ 1 24
+ 1 25
+ 1 27
+ 1 28
+ 1 29
+ 1 30
+ 1 31
x 2 26
+ 6 27
+ 12 11
+ 18 16
+ 19 16
+ 20 16
+ 21 16
+ 22 16
+ 23 16
+ 24 16
+ 25 16
+ 26 16
+ 27 16
+ 28 16
+ 29 16
+ 30 16
+ 31 16
Case #42: 249 149
x 2 1
x 3 3
x 4 4
x 5 5
x 6 6
x 7 7
x 8 8
x 9 9
x 10 10
x 11 11
x 12 12
x 13 13
x 14 14
x 15 15
x 16 16
x 17 17
x 18 18
x 19 19
x 20 20
x 21 21
x 22 22
x 23 23
x 24 24
x 25 25
x 26 26
x 27 27
x 28 28
x 29 29
x 30 30
x 31 31
x 32 32
x 33 33
x 34 34
x 35 35
x 36 36
x 37 37
x 38 38
x 39 39
x 40 40
x 41 41
x 42 42
x 43 43
x 44 44
x 45 45
x 46 46
x 47 47
x 48 48
x 49 49
x 50 50
x 51 51
+ 51 52
+ 52 50
x 52 53
+ 53 52
x 53 53
+ 54 50
x 54 54
+ 55 52
x 55 55
+ 56 50
x 56 56
+ 57 52
x 57 57
+ 58 50
x 58 58
+ 59 52
x 59 59
+ 60 50
x 60 60
+ 61 52
x 61 61
+ 62 50
x 62 62
+ 63 52
x 63 63
+ 64 50
x 64 64
+ 65 52
x 65 65
+ 66 50
x 66 66
+ 67 52
x 67 67
+ 68 50
x 68 68
+ 69 52
x 69 69
+ 70 50
x 70 70
+ 71 52
x 71 71
+ 72 50
x 72 72
+ 73 52
x 73 73
+ 74 50
x 74 74
+ 75 52
x 75 75
+ 76 50
x 76 76
+ 77 52
x 77 77
+ 78 50
x 78 78
+ 79 52
x 79 79
+ 80 50
x 80 80
+ 81 52
x 81 81
+ 82 50
x 82 82
+ 83 52
x 83 83
+ 84 50
x 84 84
+ 85 52
x 85 85
+ 86 50
x 86 86
+ 87 52
x 87 87
+ 88 50
x 88 88
+ 89 52
x 89 89
+ 90 50
x 90 90
+ 91 52
x 91 91
+ 92 50
x 92 92
+ 93 52
x 93 93
+ 94 50
x 94 94
+ 95 52
x 95 95
+ 96 50
x 96 96
+ 97 52
x 97 97
+ 98 50
x 98 98
+ 99 52
x 99 99
+ 100 50
x 100 100
Case #43: 150 150
x 1 1
+ 1 2
+ 1 3
+ 1 4
+ 1 5
+ 1 6
+ 1 7
+ 1 8
+ 1 9
+ 1 10
+ 1 11
+ 1 12
+ 1 13
+ 1 14
+ 1 15
+ 1 16
+ 1 17
+ 1 18
+ 1 19
+ 1 20
+ 1 21
+ 1 22
+ 1 23
+ 1 24
+ 1 25
+ 1 26
+ 1 27
+ 1 28
+ 1 29
+ 1 30
+ 1 31
+ 1 32
+ 1 33
+ 1 34
+ 1 35
+ 1 36
+ 1 37
+ 1 38
+ 1 39
+ 1 40
+ 1 41
+ 1 42
+ 1 43
+ 1 44
+ 1 45
+ 1 46
+ 1 47
+ 1 48
+ 1 49
+ 1 50
+ 1 51
+ 1 52
+ 1 53
+ 1 54
+ 1 55
+ 1 56
+ 1 57
+ 1 58
+ 1 59
+ 1 60
+ 1 61
+ 1 62
+ 1 63
+ 1 64
+ 1 65
+ 1 66
+ 1 67
+ 1 68
+ 1 69
+ 1 70
+ 1 71
+ 1 72
+ 1 73
+ 1 74
+ 1 75
+ 1 76
+ 1 77
+ 1 78
+ 1 79
+ 1 80
+ 1 81
+ 1 82
+ 1 83
+ 1 84
+ 1 85
+ 1 86
+ 1 87
+ 1 88
+ 1 89
+ 1 90
+ 1 91
+ 1 92
+ 1 93
+ 1 94
+ 1 95
+ 1 96
+ 1 97
+ 1 98
+ 1 99
+ 1 100
+ 51 51
+ 52 51
+ 53 51
+ 54 51
+ 55 51
+ 56 51
+ 57 51
+ 58 51
+ 59 51
+ 60 51
+ 61 51
+ 62 51
+ 63 51
+ 64 51
+ 65 51
+ 66 51
+ 67 51
+ 68 51
+ 69 51
+ 70 51
+ 71 51
+ 72 51
+ 73 51
+ 74 51
+ 75 51
+ 76 51
+ 77 51
+ 78 51
+ 79 51
+ 80 51
+ 81 51
+ 82 51
+ 83 51
+ 84 51
+ 85 51
+ 86 51
+ 87 51
+ 88 51
+ 89 51
+ 90 51
+ 91 51
+ 92 51
+ 93 51
+ 94 51
+ 95 51
+ 96 51
+ 97 51
+ 98 51
+ 99 51
+ 100 51
Case #44: 13 11
+ 1 2
+ 1 3
+ 1 4
+ 1 5
+ 1 6
+ 1 7
+ 1 8
+ 6 4
+ 6 5
+ 8 4
+ 8 5
Case #45: 250 149
x 2 1
x 3 2
x 4 3
x 5 4
x 6 5
x 7 6
x 8 7
x 9 8
x 10 9
x 11 10
x 12 11
x 13 12
x 14 13
x 15 14
x 16 15
x 17 16
x 18 17
x 19 18
x 20 19
x 21 20
x 22 21
x 23 22
x 24 23
x 25 24
x 26 25
x 27 26
x 28 27
x 29 28
x 30 29
x 31 30
x 32 31
x 33 32
x 34 33
x 35 34
x 36 35
x 37 36
x 38 37
x 39 38
x 40 39
x 41 40
x 42 41
x 43 42
x 44 43
x 45 44
x 46 45
x 47 46
x 48 47
x 49 48
x 50 49
x 51 50
+ 52 50
x 52 51
+ 53 50
x 53 52
+ 54 50
x 54 53
+ 55 50
x 55 54
+ 56 50
x 56 55
+ 57 50
x 57 56
+ 58 50
x 58 57
+ 59 50
x 59 58
+ 60 50
x 60 59
+ 61 50
x 61 60
+ 62 50
x 62 61
+ 63 50
x 63 62
+ 64 50
x 64 63
+ 65 50
x 65 64
+ 66 50
x 66 65
+ 67 50
x 67 66
+ 68 50
x 68 67
+ 69 50
x 69 68
+ 70 50
x 70 69
+ 71 50
x 71 70
+ 72 50
x 72 71
+ 73 50
x 73 72
+ 74 50
x 74 73
+ 75 50
x 75 74
+ 76 50
x 76 75
+ 77 50
x 77 76
+ 78 50
x 78 77
+ 79 50
x 79 78
+ 80 50
x 80 79
+ 81 50
x 81 80
+ 82 50
x 82 81
+ 83 50
x 83 82
+ 84 50
x 84 83
+ 85 50
x 85 84
+ 86 50
x 86 85
+ 87 50
x 87 86
+ 88 50
x 88 87
+ 89 50
x 89 88
+ 90 50
x 90 89
+ 91 50
x 91 90
+ 92 50
x 92 91
+ 93 50
x 93 92
+ 94 50
x 94 93
+ 95 50
x 95 94
+ 96 50
x 96 95
+ 97 50
x 97 96
+ 98 50
x 98 97
+ 99 50
x 99 98
+ 100 50
+ 100 99
x 100 100
Case #46: 7 5
+ 1 1
x 2 2
+ 3 1
+ 3 2
x 3 3
Case #47: 83 78
+ 1 1
+ 1 2
+ 1 3
+ 1 4
+ 1 5
+ 1 6
+ 1 7
+ 1 8
+ 1 9
+ 1 10
+ 1 11
+ 1 12
+ 1 13
+ 1 14
+ 1 15
+ 1 16
+ 1 17
+ 1 18
+ 1 19
+ 1 20
+ 1 21
+ 1 22
+ 1 23
+ 1 25
+ 1 26
+ 1 28
+ 1 29
+ 1 31
+ 1 33
+ 1 34
+ 1 35
+ 1 36
+ 1 37
+ 1 38
+ 1 39
+ 1 40
+ 1 41
+ 1 42
+ 1 43
+ 1 44
+ 1 45
+ 1 46
+ 1 47
+ 1 48
+ 1 49
+ 1 50
+ 1 51
+ 1 52
+ 1 53
x 2 24
x 3 27
x 4 30
+ 28 27
+ 29 27
+ 30 27
+ 31 27
+ 32 27
+ 33 27
+ 34 27
+ 35 27
+ 36 27
+ 37 27
+ 38 27
+ 39 27
+ 40 27
+ 41 27
+ 42 27
+ 43 27
+ 44 27
+ 45 27
+ 46 27
+ 47 27
+ 48 27
+ 49 27
+ 50 27
+ 51 27
+ 52 27
+ 53 27
Case #48: 153 150
x 1 2
+ 1 3
+ 1 4
+ 1 5
+ 1 6
+ 1 7
+ 1 8
+ 1 9
+ 1 10
+ 1 11
+ 1 12
+ 1 13
+ 1 14
+ 1 15
+ 1 16
+ 1 17
+ 1 18
+ 1 19
+ 1 20
+ 1 21
+ 1 22
+ 1 23
+ 1 24
+ 1 25
+ 1 26
+ 1 27
+ 1 28
+ 1 29
+ 1 30
+ 1 31
+ 1 32
+ 1 33
+ 1 34
+ 1 35
+ 1 36
+ 1 37
+ 1 38
+ 1 39
+ 1 40
+ 1 41
+ 1 42
+ 1 43
+ 1 44
+ 1 45
+ 1 46
+ 1 48
+ 1 49
+ 1 50
+ 1 51
+ 1 52
+ 1 53
+ 1 54
+ 1 55
+ 1 56
+ 1 57
+ 1 58
+ 1 59
+ 1 60
+ 1 61
+ 1 62
+ 1 63
+ 1 64
+ 1 65
+ 1 66
+ 1 67
+ 1 68
+ 1 69
+ 1 70
+ 1 71
+ 1 72
+ 1 73
+ 1 75
+ 1 76
+ 1 77
+ 1 78
+ 1 79
+ 1 80
+ 1 81
+ 1 82
+ 1 83
+ 1 84
+ 1 85
+ 1 86
+ 1 87
+ 1 88
+ 1 89
+ 1 90
+ 1 91
+ 1 92
+ 1 93
+ 1 94
+ 1 95
+ 1 96
+ 1 97
+ 1 98
+ 1 99
+ 1 100
x 2 1
x 3 47
x 4 74
+ 51 52
+ 52 50
+ 53 52
+ 54 50
+ 55 52
+ 56 50
+ 57 52
+ 58 50
+ 59 52
+ 60 50
+ 61 52
+ 62 50
+ 63 52
+ 64 50
+ 65 52
+ 66 50
+ 67 52
+ 68 50
+ 69 52
+ 70 50
+ 71 52
+ 72 50
+ 73 52
+ 74 50
+ 75 52
+ 76 50
+ 77 52
+ 78 50
+ 79 52
+ 80 50
+ 81 52
+ 82 50
+ 83 52
+ 84 50
+ 85 52
+ 86 50
+ 87 52
+ 88 50
+ 89 52
+ 90 50
+ 91 52
+ 92 50
+ 93 52
+ 94 50
+ 95 52
+ 96 50
+ 97 52
+ 98 50
+ 99 52
+ 100 50
Case #49: 103 100
+ 1 1
+ 1 2
+ 1 3
+ 1 4
+ 1 5
+ 1 6
+ 1 7
+ 1 8
+ 1 9
+ 1 10
+ 1 11
+ 1 12
+ 1 13
+ 1 14
+ 1 15
+ 1 16
+ 1 17
+ 1 18
+ 1 19
+ 1 20
+ 1 21
+ 1 22
+ 1 23
+ 1 24
+ 1 25
+ 1 26
+ 1 27
+ 1 29
+ 1 30
+ 1 31
+ 1 32
+ 1 33
+ 1 34
+ 1 35
+ 1 37
+ 1 38
+ 1 39
+ 1 40
+ 1 41
+ 1 42
+ 1 44
+ 1 45
+ 1 46
+ 1 47
+ 1 48
+ 1 49
+ 1 50
+ 1 51
+ 1 52
+ 1 53
+ 1 54
+ 1 55
+ 1 56
+ 1 57
+ 1 58
+ 1 59
+ 1 60
+ 1 61
+ 1 62
+ 1 63
+ 1 64
+ 1 65
+ 1 66
+ 1 67
x 2 28
x 3 36
+ 14 56
+ 23 21
+ 35 34
+ 37 34
+ 38 34
+ 39 34
+ 40 34
+ 41 34
+ 42 34
+ 43 34
+ 44 34
+ 45 34
+ 46 34
+ 47 34
+ 48 34
+ 49 34
+ 50 34
+ 51 34
+ 52 34
+ 53 34
+ 54 34
+ 55 34
+ 56 34
+ 57 34
+ 58 34
+ 59 34
+ 60 34
+ 61 34
+ 62 34
+ 63 34
+ 64 34
+ 65 34
+ 66 34
+ 67 34
Case #50: 47 43
+ 1 1
+ 1 2
+ 1 3
+ 1 4
+ 1 5
+ 1 6
+ 1 7
+ 1 8
+ 1 9
+ 1 10
+ 1 11
+ 1 12
+ 1 13
+ 1 15
+ 1 16
+ 1 17
+ 1 19
+ 1 20
+ 1 21
+ 1 22
+ 1 23
+ 1 24
+ 1 26
+ 1 27
+ 1 28
+ 1 29
+ 1 30
x 2 14
x 3 25
+ 17 15
+ 17 16
+ 19 15
+ 19 16
+ 21 15
+ 21 16
+ 23 15
+ 23 16
+ 25 15
+ 25 16
+ 27 15
+ 27 16
+ 29 15
+ 29 16
Case #51: 7 3
+ 1 1
x 2 2
o 3 2
Case #52: 250 150
o 1 1
x 2 2
x 3 3
x 4 4
x 5 5
x 6 6
x 7 7
x 8 8
x 9 9
x 10 10
x 11 11
x 12 12
x 13 13
x 14 14
x 15 15
x 16 16
x 17 17
x 18 18
x 19 19
x 20 20
x 21 21
x 22 22
x 23 23
x 24 24
x 25 25
x 26 26
x 27 27
x 28 28
x 29 29
x 30 30
x 31 31
x 32 32
x 33 33
x 34 34
x 35 35
x 36 36
x 37 37
x 38 38
x 39 39
x 40 40
x 41 41
x 42 42
x 43 43
x 44 44
x 45 45
x 46 46
x 47 47
x 48 48
x 49 49
x 50 50
x 51 51
+ 52 50
+ 52 51
x 52 52
x 53 53
+ 54 50
+ 54 51
x 54 54
x 55 55
+ 56 50
+ 56 51
x 56 56
x 57 57
+ 58 50
+ 58 51
x 58 58
x 59 59
+ 60 50
+ 60 51
x 60 60
x 61 61
+ 62 50
+ 62 51
x 62 62
x 63 63
+ 64 50
+ 64 51
x 64 64
x 65 65
+ 66 50
+ 66 51
x 66 66
x 67 67
+ 68 50
+ 68 51
x 68 68
x 69 69
+ 70 50
+ 70 51
x 70 70
x 71 71
+ 72 50
+ 72 51
x 72 72
x 73 73
+ 74 50
+ 74 51
x 74 74
x 75 75
+ 76 50
+ 76 51
x 76 76
x 77 77
+ 78 50
+ 78 51
x 78 78
x 79 79
+ 80 50
+ 80 51
x 80 80
x 81 81
+ 82 50
+ 82 51
x 82 82
x 83 83
+ 84 50
+ 84 51
x 84 84
x 85 85
+ 86 50
+ 86 51
x 86 86
x 87 87
+ 88 50
+ 88 51
x 88 88
x 89 89
+ 90 50
+ 90 51
x 90 90
x 91 91
+ 92 50
+ 92 51
x 92 92
x 93 93
+ 94 50
+ 94 51
x 94 94
x 95 95
+ 96 50
+ 96 51
x 96 96
x 97 97
+ 98 50
+ 98 51
x 98 98
x 99 99
+ 100 50
+ 100 51
x 100 100
Case #53: 151 150
+ 1 1
+ 1 2
+ 1 3
+ 1 4
+ 1 5
+ 1 6
+ 1 7
+ 1 8
+ 1 9
+ 1 10
+ 1 11
+ 1 12
+ 1 13
+ 1 14
+ 1 15
+ 1 16
+ 1 17
+ 1 18
+ 1 19
+ 1 20
+ 1 21
+ 1 22
+ 1 23
+ 1 24
+ 1 25
+ 1 26
+ 1 27
+ 1 28
+ 1 29
+ 1 30
+ 1 31
+ 1 32
+ 1 33
+ 1 34
+ 1 35
+ 1 36
+ 1 37
+ 1 38
+ 1 39
+ 1 40
+ 1 41
+ 1 42
+ 1 43
+ 1 44
+ 1 45
+ 1 46
+ 1 47
+ 1 48
+ 1 49
+ 1 50
+ 1 51
+ 1 52
+ 1 53
+ 1 54
+ 1 56
+ 1 57
+ 1 58
+ 1 59
+ 1 60
+ 1 61
+ 1 62
+ 1 63
+ 1 64
+ 1 65
+ 1 66
+ 1 67
+ 1 68
+ 1 69
+ 1 70
+ 1 71
+ 1 72
+ 1 73
+ 1 74
+ 1 75
+ 1 76
+ 1 77
+ 1 78
+ 1 79
+ 1 80
+ 1 81
+ 1 82
+ 1 83
+ 1 84
+ 1 85
+ 1 86
+ 1 87
+ 1 88
+ 1 89
+ 1 90
+ 1 91
+ 1 92
+ 1 93
+ 1 94
+ 1 95
+ 1 96
+ 1 97
+ 1 98
+ 1 99
+ 1 100
+ 24 78
+ 29 27
+ 52 51
+ 54 50
+ 54 51
+ 56 50
+ 56 51
+ 58 50
+ 58 51
+ 60 50
+ 60 51
+ 62 50
+ 62 51
+ 64 50
+ 64 51
+ 66 50
+ 66 51
+ 68 50
+ 68 51
+ 70 50
+ 70 51
+ 72 50
+ 72 51
+ 74 50
+ 74 51
+ 76 50
+ 76 51
+ 78 50
+ 78 51
+ 80 50
+ 80 51
+ 82 50
+ 82 51
+ 84 50
+ 84 51
+ 86 50
+ 86 51
+ 88 50
+ 88 51
+ 90 50
+ 90 51
+ 92 50
+ 92 51
+ 94 50
+ 94 51
+ 96 50
+ 96 51
+ 98 50
+ 98 51
+ 100 50
+ 100 51
Case #54: 155 150
+ 1 3
+ 1 4
+ 1 5
+ 1 6
+ 1 7
+ 1 8
+ 1 9
+ 1 10
+ 1 11
+ 1 12
+ 1 13
+ 1 14
+ 1 15
+ 1 16
+ 1 17
+ 1 18
+ 1 19
+ 1 20
+ 1 21
+ 1 22
+ 1 23
+ 1 24
+ 1 25
+ 1 26
+ 1 27
+ 1 28
+ 1 29
+ 1 30
+ 1 31
+ 1 32
+ 1 33
+ 1 34
+ 1 35
+ 1 36
+ 1 37
+ 1 38
+ 1 39
+ 1 40
+ 1 41
+ 1 42
+ 1 43
+ 1 44
+ 1 45
+ 1 46
+ 1 48
+ 1 49
+ 1 50
+ 1 51
+ 1 52
+ 1 53
+ 1 54
+ 1 55
+ 1 56
+ 1 57
+ 1 58
+ 1 59
+ 1 60
+ 1 61
+ 1 62
+ 1 63
+ 1 64
+ 1 65
+ 1 66
+ 1 67
+ 1 68
+ 1 69
+ 1 70
+ 1 71
+ 1 73
+ 1 74
+ 1 75
+ 1 76
+ 1 77
+ 1 78
+ 1 79
+ 1 80
+ 1 81
+ 1 83
+ 1 84
+ 1 85
+ 1 86
+ 1 87
+ 1 88
+ 1 89
+ 1 90
+ 1 91
+ 1 92
+ 1 93
+ 1 94
+ 1 95
+ 1 96
+ 1 97
+ 1 98
+ 1 99
+ 1 100
x 2 1
x 3 2
x 4 47
x 5 82
+ 16 87
+ 37 36
+ 52 50
+ 54 50
+ 54 51
+ 56 50
+ 56 51
+ 58 50
+ 58 51
+ 60 50
+ 60 51
+ 62 50
+ 62 51
+ 64 50
+ 64 51
+ 66 50
+ 66 51
+ 68 50
+ 68 51
+ 70 50
+ 70 51
+ 72 50
+ 72 51
+ 74 50
+ 74 51
+ 76 50
+ 76 51
+ 78 50
+ 78 51
+ 80 50
+ 80 51
+ 82 50
+ 82 51
+ 84 50
+ 84 51
+ 86 50
+ 86 51
+ 88 50
+ 88 51
+ 90 50
+ 90 51
+ 92 50
+ 92 51
+ 94 50
+ 94 51
+ 96 50
+ 96 51
+ 98 50
+ 98 51
+ 100 50
+ 100 51
Case #55: 89 86
+ 1 1
+ 1 2
+ 1 3
+ 1 4
+ 1 5
+ 1 6
+ 1 7
+ 1 8
+ 1 9
+ 1 10
+ 1 11
+ 1 12
+ 1 13
+ 1 14
+ 1 15
+ 1 16
+ 1 17
+ 1 18
+ 1 19
+ 1 20
+ 1 21
+ 1 23
+ 1 24
+ 1 25
+ 1 28
+ 1 29
+ 1 30
+ 1 31
+ 1 32
+ 1 33
+ 1 34
+ 1 35
+ 1 36
+ 1 37
+ 1 38
+ 1 39
+ 1 40
+ 1 41
+ 1 42
+ 1 43
+ 1 44
+ 1 45
+ 1 46
+ 1 47
+ 1 48
+ 1 49
+ 1 50
+ 1 51
+ 1 52
+ 1 53
+ 1 54
+ 1 55
+ 1 56
+ 1 57
+ 1 58
x 2 22
x 3 26
+ 15 13
+ 17 43
+ 31 30
+ 33 29
+ 33 30
+ 35 29
+ 35 30
+ 37 29
+ 37 30
+ 39 29
+ 39 30
+ 41 29
+ 41 30
+ 43 29
+ 43 30
+ 45 29
+ 45 30
+ 47 29
+ 47 30
+ 49 29
+ 49 30
+ 51 29
+ 51 30
+ 53 29
+ 53 30
+ 55 29
+ 55 30
+ 57 29
+ 57 30
Case #56: 141 139
+ 1 1
+ 1 2
+ 1 3
+ 1 4
+ 1 5
+ 1 6
+ 1 7
+ 1 8
+ 1 9
+ 1 10
+ 1 11
+ 1 12
+ 1 13
+ 1 14
+ 1 15
+ 1 16
+ 1 17
+ 1 18
+ 1 19
+ 1 20
+ 1 21
+ 1 22
+ 1 23
+ 1 24
+ 1 25
+ 1 26
+ 1 27
+ 1 28
+ 1 29
+ 1 30
+ 1 31
+ 1 32
+ 1 33
+ 1 34
+ 1 35
+ 1 36
+ 1 37
+ 1 38
+ 1 39
+ 1 40
+ 1 41
+ 1 42
+ 1 43
+ 1 44
+ 1 45
+ 1 46
+ 1 47
+ 1 48
+ 1 49
+ 1 50
+ 1 51
+ 1 52
+ 1 53
+ 1 55
+ 1 56
+ 1 57
+ 1 58
+ 1 59
+ 1 60
+ 1 61
+ 1 62
+ 1 63
+ 1 64
+ 1 65
+ 1 66
+ 1 67
+ 1 68
+ 1 69
+ 1 70
+ 1 71
+ 1 72
+ 1 73
+ 1 74
+ 1 75
+ 1 77
+ 1 78
+ 1 79
+ 1 80
+ 1 81
+ 1 82
+ 1 83
+ 1 84
+ 1 85
+ 1 86
+ 1 87
+ 1 88
+ 1 89
+ 1 90
+ 1 91
+ 1 92
+ 1 93
x 2 76
+ 21 74
+ 28 27
+ 49 47
+ 50 47
+ 51 47
+ 52 47
+ 53 47
+ 54 47
+ 55 47
+ 56 47
+ 57 47
+ 58 47
+ 59 47
+ 60 47
+ 61 47
+ 62 47
+ 63 47
+ 64 47
+ 65 47
+ 66 47
+ 67 47
+ 68 47
+ 69 47
+ 70 47
+ 71 47
+ 72 47
+ 73 47
+ 74 47
+ 75 47
+ 76 47
+ 77 47
+ 78 47
+ 79 47
+ 80 47
+ 81 47
+ 82 47
+ 83 47
+ 84 47
+ 85 47
+ 86 47
+ 87 47
+ 88 47
+ 89 47
+ 90 47
+ 91 47
+ 92 47
+ 93 47
Case #57: 149 149
x 1 1
+ 1 2
+ 1 3
+ 1 4
+ 1 5
+ 1 6
+ 1 7
+ 1 8
+ 1 9
+ 1 10
+ 1 11
+ 1 12
+ 1 13
+ 1 14
+ 1 15
+ 1 16
+ 1 17
+ 1 18
+ 1 19
+ 1 20
+ 1 21
+ 1 22
+ 1 23
+ 1 24
+ 1 25
+ 1 26
+ 1 27
+ 1 28
+ 1 29
+ 1 30
+ 1 31
+ 1 32
+ 1 33
+ 1 34
+ 1 35
+ 1 36
+ 1 37
+ 1 38
+ 1 39
+ 1 40
+ 1 41
+ 1 42
+ 1 43
+ 1 44
+ 1 45
+ 1 46
+ 1 47
+ 1 48
+ 1 49
+ 1 50
+ 1 51
+ 1 52
+ 1 53
+ 1 54
+ 1 55
+ 1 56
+ 1 57
+ 1 58
+ 1 59
+ 1 60
+ 1 61
+ 1 62
+ 1 63
+ 1 64
+ 1 65
+ 1 66
+ 1 67
+ 1 68
+ 1 69
+ 1 70
+ 1 71
+ 1 72
+ 1 73
+ 1 74
+ 1 75
+ 1 76
+ 1 77
+ 1 78
+ 1 79
+ 1 80
+ 1 81
+ 1 82
+ 1 83
+ 1 84
+ 1 85
+ 1 86
+ 1 87
+ 1 88
+ 1 89
+ 1 90
+ 1 91
+ 1 92
+ 1 93
+ 1 94
+ 1 95
+ 1 96
+ 1 97
+ 1 98
+ 1 99
+ 51 50
+ 51 51
+ 53 50
+ 53 51
+ 55 50
+ 55 51
+ 57 50
+ 57 51
+ 59 50
+ 59 51
+ 61 50
+ 61 51
+ 63 50
+ 63 51
+ 65 50
+ 65 51
+ 67 50
+ 67 51
+ 69 50
+ 69 51
+ 71 50
+ 71 51
+ 73 50
+ 73 51
+ 75 50
+ 75 51
+ 77 50
+ 77 51
+ 79 50
+ 79 51
+ 81 50
+ 81 51
+ 83 50
+ 83 51
+ 85 50
+ 85 51
+ 87 50
+ 87 51
+ 89 50
+ 89 51
+ 91 50
+ 91 51
+ 93 50
+ 93 51
+ 95 50
+ 95 51
+ 97 50
+ 97 51
+ 99 50
+ 99 51
Case #58: 32 29
+ 1 2
+ 1 3
+ 1 4
+ 1 5
+ 1 6
+ 1 7
+ 1 8
+ 1 9
+ 1 10
+ 1 11
+ 1 13
+ 1 14
+ 1 15
+ 1 16
+ 1 17
+ 1 18
+ 1 19
+ 1 20
x 2 12
+ 12 10
+ 12 11
+ 14 10
+ 14 11
+ 16 10
+ 16 11
+ 18 10
+ 18 11
+ 20 10
+ 20 11
Case #59: 155 151
x 1 3
+ 1 4
+ 1 5
+ 1 6
+ 1 7
+ 1 8
+ 1 9
+ 1 10
+ 1 11
+ 1 13
+ 1 14
+ 1 15
+ 1 16
+ 1 17
+ 1 18
+ 1 19
+ 1 20
+ 1 21
+ 1 22
+ 1 23
+ 1 24
+ 1 25
+ 1 26
+ 1 27
+ 1 28
+ 1 29
+ 1 30
+ 1 31
+ 1 32
+ 1 33
+ 1 34
+ 1 35
+ 1 36
+ 1 37
+ 1 38
+ 1 39
+ 1 40
+ 1 41
+ 1 42
+ 1 43
+ 1 44
+ 1 45
+ 1 46
+ 1 47
+ 1 48
+ 1 49
+ 1 50
+ 1 51
+ 1 52
+ 1 53
+ 1 54
+ 1 55
+ 1 56
+ 1 57
+ 1 58
+ 1 60
+ 1 61
+ 1 62
+ 1 63
+ 1 64
+ 1 65
+ 1 66
+ 1 67
+ 1 68
+ 1 69
+ 1 70
+ 1 71
+ 1 72
+ 1 73
+ 1 74
+ 1 75
+ 1 76
+ 1 77
+ 1 78
+ 1 79
+ 1 80
+ 1 81
+ 1 82
+ 1 83
+ 1 84
+ 1 85
+ 1 86
+ 1 87
+ 1 88
+ 1 89
+ 1 90
+ 1 91
+ 1 92
+ 1 93
+ 1 94
+ 1 95
+ 1 96
+ 1 97
+ 1 98
+ 1 99
+ 1 100
x 2 1
+ 3 1
x 3 2
x 4 12
x 5 59
+ 50 52
+ 52 51
+ 54 50
+ 54 51
+ 56 50
+ 56 51
+ 58 50
+ 58 51
+ 60 50
+ 60 51
+ 62 50
+ 62 51
+ 64 50
+ 64 51
+ 66 50
+ 66 51
+ 68 50
+ 68 51
+ 70 50
+ 70 51
+ 72 50
+ 72 51
+ 74 50
+ 74 51
+ 76 50
+ 76 51
+ 78 50
+ 78 51
+ 80 50
+ 80 51
+ 82 50
+ 82 51
+ 84 50
+ 84 51
+ 86 50
+ 86 51
+ 88 50
+ 88 51
+ 90 50
+ 90 51
+ 92 50
+ 92 51
+ 94 50
+ 94 51
+ 96 50
+ 96 51
+ 98 50
+ 98 51
+ 100 50
+ 100 51
Case #60: 114 111
+ 1 1
+ 1 2
+ 1 3
+ 1 4
+ 1 5
+ 1 6
+ 1 7
+ 1 8
+ 1 9
+ 1 10
+ 1 11
+ 1 12
+ 1 13
+ 1 14
+ 1 15
+ 1 16
+ 1 17
+ 1 18
+ 1 20
+ 1 21
+ 1 23
+ 1 24
+ 1 25
+ 1 26
+ 1 27
+ 1 28
+ 1 29
+ 1 30
+ 1 31
+ 1 32
+ 1 33
+ 1 34
+ 1 35
+ 1 36
+ 1 37
+ 1 38
+ 1 39
+ 1 40
+ 1 41
+ 1 42
+ 1 43
+ 1 44
+ 1 45
+ 1 46
+ 1 47
+ 1 48
+ 1 49
+ 1 50
+ 1 51
+ 1 52
+ 1 53
+ 1 54
+ 1 55
+ 1 56
+ 1 57
+ 1 58
+ 1 59
+ 1 60
+ 1 61
+ 1 62
+ 1 63
+ 1 64
+ 1 65
+ 1 66
+ 1 67
+ 1 68
+ 1 69
+ 1 70
+ 1 71
+ 1 72
+ 1 73
+ 1 74
+ 1 75
x 2 19
+ 39 38
+ 40 38
+ 41 38
+ 42 38
+ 43 38
+ 44 38
+ 45 38
+ 46 38
+ 47 38
+ 48 38
+ 49 38
+ 50 38
+ 51 38
+ 52 38
+ 53 38
+ 54 38
+ 55 38
+ 56 38
+ 57 38
+ 58 38
+ 59 38
+ 60 38
+ 61 38
+ 62 38
+ 63 38
+ 64 38
+ 65 38
+ 66 38
+ 67 38
+ 68 38
+ 69 38
+ 70 38
+ 71 38
+ 72 38
+ 73 38
+ 74 38
+ 75 38
Case #61: 154 150
x 1 2
+ 1 3
+ 1 4
+ 1 7
+ 1 8
+ 1 9
+ 1 10
+ 1 11
+ 1 12
+ 1 13
+ 1 14
+ 1 15
+ 1 16
+ 1 17
+ 1 18
+ 1 19
+ 1 20
+ 1 21
+ 1 22
+ 1 23
+ 1 24
+ 1 25
+ 1 26
+ 1 27
+ 1 28
+ 1 29
+ 1 30
+ 1 31
+ 1 32
+ 1 33
+ 1 34
+ 1 35
+ 1 36
+ 1 37
+ 1 38
+ 1 39
+ 1 40
+ 1 41
+ 1 42
+ 1 43
+ 1 44
+ 1 45
+ 1 46
+ 1 47
+ 1 48
+ 1 49
+ 1 50
+ 1 51
+ 1 52
+ 1 53
+ 1 55
+ 1 56
+ 1 57
+ 1 58
+ 1 59
+ 1 60
+ 1 61
+ 1 62
+ 1 63
+ 1 64
+ 1 65
+ 1 66
+ 1 67
+ 1 68
+ 1 69
+ 1 70
+ 1 71
+ 1 72
+ 1 73
+ 1 74
+ 1 75
+ 1 76
+ 1 77
+ 1 78
+ 1 79
+ 1 80
+ 1 81
+ 1 82
+ 1 83
+ 1 84
+ 1 85
+ 1 86
+ 1 87
+ 1 88
+ 1 89
+ 1 90
+ 1 91
+ 1 92
+ 1 93
+ 1 94
+ 1 95
+ 1 96
+ 1 97
+ 1 98
+ 1 99
+ 1 100
x 2 1
x 3 5
x 4 6
x 5 54
+ 51 52
+ 52 50
+ 53 52
+ 54 50
+ 55 52
+ 56 50
+ 57 52
+ 58 50
+ 59 52
+ 60 50
+ 61 52
+ 62 50
+ 63 52
+ 64 50
+ 65 52
+ 66 50
+ 67 52
+ 68 50
+ 69 52
+ 70 50
+ 71 52
+ 72 50
+ 73 52
+ 74 50
+ 75 52
+ 76 50
+ 77 52
+ 78 50
+ 79 52
+ 80 50
+ 81 52
+ 82 50
+ 83 52
+ 84 50
+ 85 52
+ 86 50
+ 87 52
+ 88 50
+ 89 52
+ 90 50
+ 91 52
+ 92 50
+ 93 52
+ 94 50
+ 95 52
+ 96 50
+ 97 52
+ 98 50
+ 99 52
+ 100 50
Case #62: 142 138
+ 1 1
+ 1 2
+ 1 3
+ 1 4
+ 1 5
+ 1 6
+ 1 7
+ 1 8
+ 1 9
+ 1 10
+ 1 11
+ 1 12
+ 1 13
+ 1 14
+ 1 15
+ 1 16
+ 1 17
+ 1 18
+ 1 19
+ 1 20
+ 1 21
+ 1 22
+ 1 23
+ 1 24
+ 1 25
+ 1 26
+ 1 27
+ 1 28
+ 1 29
+ 1 30
+ 1 31
+ 1 33
+ 1 34
+ 1 35
+ 1 36
+ 1 37
+ 1 38
+ 1 39
+ 1 40
+ 1 41
+ 1 42
+ 1 43
+ 1 44
+ 1 45
+ 1 46
+ 1 47
+ 1 48
+ 1 49
+ 1 50
+ 1 51
+ 1 52
+ 1 53
+ 1 54
+ 1 55
+ 1 56
+ 1 57
+ 1 58
+ 1 59
+ 1 61
+ 1 62
+ 1 63
+ 1 64
+ 1 65
+ 1 66
+ 1 67
+ 1 68
+ 1 69
+ 1 70
+ 1 71
+ 1 72
+ 1 73
+ 1 74
+ 1 75
+ 1 76
+ 1 77
+ 1 78
+ 1 80
+ 1 81
+ 1 82
+ 1 83
+ 1 84
+ 1 85
+ 1 86
+ 1 87
+ 1 88
+ 1 89
+ 1 90
+ 1 91
+ 1 92
+ 1 93
x 2 60
x 3 79
+ 48 47
+ 49 47
+ 50 47
+ 51 47
+ 52 47
+ 53 47
+ 54 47
+ 55 47
+ 56 47
+ 57 47
+ 58 47
+ 59 47
+ 60 47
+ 61 47
+ 62 47
+ 63 47
+ 64 47
+ 65 47
+ 66 47
+ 67 47
+ 68 47
+ 69 47
+ 70 47
+ 71 47
+ 72 47
+ 73 47
+ 74 47
+ 75 47
+ 76 47
+ 77 47
+ 78 47
+ 79 47
+ 80 47
+ 81 47
+ 82 47
+ 83 47
+ 84 47
+ 85 47
+ 86 47
+ 87 47
+ 88 47
+ 89 47
+ 90 47
+ 91 47
+ 92 47
+ 93 47
Case #63: 152 150
+ 1 2
+ 1 3
+ 1 4
+ 1 5
+ 1 6
+ 1 7
+ 1 8
+ 1 9
+ 1 10
+ 1 11
+ 1 12
+ 1 13
+ 1 14
+ 1 15
+ 1 16
+ 1 17
+ 1 18
+ 1 19
+ 1 20
+ 1 21
+ 1 22
+ 1 23
+ 1 24
+ 1 25
+ 1 26
+ 1 27
+ 1 28
+ 1 29
+ 1 30
+ 1 31
+ 1 32
+ 1 33
+ 1 34
+ 1 35
+ 1 36
+ 1 37
+ 1 38
+ 1 39
+ 1 40
+ 1 41
+ 1 42
+ 1 44
+ 1 45
+ 1 46
+ 1 47
+ 1 48
+ 1 49
+ 1 50
+ 1 51
+ 1 52
+ 1 53
+ 1 54
+ 1 55
+ 1 56
+ 1 57
+ 1 58
+ 1 59
+ 1 60
+ 1 61
+ 1 62
+ 1 63
+ 1 64
+ 1 65
+ 1 66
+ 1 67
+ 1 68
+ 1 69
+ 1 70
+ 1 71
+ 1 72
+ 1 73
+ 1 74
+ 1 75
+ 1 76
+ 1 77
+ 1 78
+ 1 79
+ 1 80
+ 1 81
+ 1 82
+ 1 83
+ 1 84
+ 1 85
+ 1 86
+ 1 87
+ 1 88
+ 1 89
+ 1 90
+ 1 91
+ 1 92
+ 1 93
+ 1 94
+ 1 95
+ 1 96
+ 1 97
+ 1 98
+ 1 99
+ 1 100
x 2 1
+ 23 21
+ 30 72
+ 52 51
+ 54 50
+ 54 51
+ 56 50
+ 56 51
+ 58 50
+ 58 51
+ 60 50
+ 60 51
+ 62 50
+ 62 51
+ 64 50
+ 64 51
+ 66 50
+ 66 51
+ 68 50
+ 68 51
+ 70 50
+ 70 51
+ 72 50
+ 72 51
+ 74 50
+ 74 51
+ 76 50
+ 76 51
+ 78 50
+ 78 51
+ 80 50
+ 80 51
+ 82 50
+ 82 51
+ 84 50
+ 84 51
+ 86 50
+ 86 51
+ 88 50
+ 88 51
+ 90 50
+ 90 51
+ 92 50
+ 92 51
+ 94 50
+ 94 51
+ 96 50
+ 96 51
+ 98 50
+ 98 51
+ 100 50
+ 100 51
Case #64: 2 1
o 1 1
Case #65: 108 104
+ 1 1
+ 1 2
+ 1 3
+ 1 4
+ 1 5
+ 1 6
+ 1 7
+ 1 8
+ 1 9
+ 1 10
+ 1 11
+ 1 12
+ 1 13
+ 1 14
+ 1 15
+ 1 16
+ 1 17
+ 1 18
+ 1 19
+ 1 20
+ 1 21
+ 1 22
+ 1 23
+ 1 24
+ 1 25
+ 1 26
+ 1 27
+ 1 28
+ 1 29
+ 1 30
+ 1 31
+ 1 32
+ 1 33
+ 1 34
+ 1 35
+ 1 36
+ 1 38
+ 1 39
+ 1 40
+ 1 41
+ 1 42
+ 1 43
+ 1 44
+ 1 45
+ 1 46
+ 1 47
+ 1 48
+ 1 49
+ 1 50
+ 1 52
+ 1 53
+ 1 54
+ 1 55
+ 1 56
+ 1 57
+ 1 59
+ 1 60
+ 1 61
+ 1 62
+ 1 63
+ 1 64
+ 1 65
+ 1 66
+ 1 68
+ 1 69
+ 1 70
x 2 37
x 3 51
+ 3 69
x 4 58
+ 35 33
+ 37 36
+ 39 35
+ 39 36
+ 41 35
+ 41 36
+ 43 35
+ 43 36
+ 45 35
+ 45 36
+ 47 35
+ 47 36
+ 49 35
+ 49 36
+ 51 35
+ 51 36
+ 53 35
+ 53 36
+ 55 35
+ 55 36
+ 57 35
+ 57 36
+ 59 35
+ 59 36
+ 61 35
+ 61 36
+ 63 35
+ 63 36
+ 65 35
+ 65 36
+ 67 35
+ 67 36
+ 69 35
+ 69 36
Case #66: 250 150
o 1 1
x 2 2
x 3 3
x 4 4
x 5 5
x 6 6
x 7 7
x 8 8
x 9 9
x 10 10
x 11 11
x 12 12
x 13 13
x 14 14
x 15 15
x 16 16
x 17 17
x 18 18
x 19 19
x 20 20
x 21 21
x 22 22
x 23 23
x 24 24
x 25 25
x 26 26
x 27 27
x 28 28
x 29 29
x 30 30
x 31 31
x 32 32
x 33 33
x 34 34
x 35 35
x 36 36
x 37 37
x 38 38
x 39 39
x 40 40
x 41 41
x 42 42
x 43 43
x 44 44
x 45 45
x 46 46
x 47 47
x 48 48
x 49 49
x 50 50
x 51 51
+ 52 50
+ 52 51
x 52 52
x 53 53
+ 54 50
+ 54 51
x 54 54
x 55 55
+ 56 50
+ 56 51
x 56 56
x 57 57
+ 58 50
+ 58 51
x 58 58
x 59 59
+ 60 50
+ 60 51
x 60 60
x 61 61
+ 62 50
+ 62 51
x 62 62
x 63 63
+ 64 50
+ 64 51
x 64 64
x 65 65
+ 66 50
+ 66 51
x 66 66
x 67 67
+ 68 50
+ 68 51
x 68 68
x 69 69
+ 70 50
+ 70 51
x 70 70
x 71 71
+ 72 50
+ 72 51
x 72 72
x 73 73
+ 74 50
+ 74 51
x 74 74
x 75 75
+ 76 50
+ 76 51
x 76 76
x 77 77
+ 78 50
+ 78 51
x 78 78
x 79 79
+ 80 50
+ 80 51
x 80 80
x 81 81
+ 82 50
+ 82 51
x 82 82
x 83 83
+ 84 50
+ 84 51
x 84 84
x 85 85
+ 86 50
+ 86 51
x 86 86
x 87 87
+ 88 50
+ 88 51
x 88 88
x 89 89
+ 90 50
+ 90 51
x 90 90
x 91 91
+ 92 50
+ 92 51
x 92 92
x 93 93
+ 94 50
+ 94 51
x 94 94
x 95 95
+ 96 50
+ 96 51
x 96 96
x 97 97
+ 98 50
+ 98 51
x 98 98
x 99 99
+ 100 50
+ 100 51
x 100 100
Case #67: 154 150
x 1 2
+ 1 3
+ 1 4
+ 1 5
+ 1 6
+ 1 7
+ 1 8
+ 1 9
+ 1 11
+ 1 12
+ 1 13
+ 1 14
+ 1 17
+ 1 18
+ 1 19
+ 1 20
+ 1 21
+ 1 22
+ 1 23
+ 1 24
+ 1 25
+ 1 26
+ 1 27
+ 1 28
+ 1 29
+ 1 30
+ 1 31
+ 1 32
+ 1 33
+ 1 34
+ 1 35
+ 1 36
+ 1 37
+ 1 38
+ 1 39
+ 1 40
+ 1 41
+ 1 42
+ 1 43
+ 1 44
+ 1 45
+ 1 46
+ 1 47
+ 1 48
+ 1 49
+ 1 50
+ 1 51
+ 1 52
+ 1 53
+ 1 54
+ 1 55
+ 1 56
+ 1 57
+ 1 58
+ 1 59
+ 1 60
+ 1 61
+ 1 62
+ 1 63
+ 1 64
+ 1 65
+ 1 66
+ 1 67
+ 1 68
+ 1 69
+ 1 70
+ 1 71
+ 1 72
+ 1 73
+ 1 74
+ 1 75
+ 1 76
+ 1 77
+ 1 78
+ 1 79
+ 1 80
+ 1 81
+ 1 82
+ 1 83
+ 1 84
+ 1 85
+ 1 86
+ 1 87
+ 1 88
+ 1 89
+ 1 90
+ 1 91
+ 1 92
+ 1 93
+ 1 94
+ 1 95
+ 1 96
+ 1 97
+ 1 98
+ 1 99
+ 1 100
x 2 1
x 3 10
x 4 15
x 5 16
+ 51 52
+ 52 50
+ 53 52
+ 54 50
+ 55 52
+ 56 50
+ 57 52
+ 58 50
+ 59 52
+ 60 50
+ 61 52
+ 62 50
+ 63 52
+ 64 50
+ 65 52
+ 66 50
+ 67 52
+ 68 50
+ 69 52
+ 70 50
+ 71 52
+ 72 50
+ 73 52
+ 74 50
+ 75 52
+ 76 50
+ 77 52
+ 78 50
+ 79 52
+ 80 50
+ 81 52
+ 82 50
+ 83 52
+ 84 50
+ 85 52
+ 86 50
+ 87 52
+ 88 50
+ 89 52
+ 90 50
+ 91 52
+ 92 50
+ 93 52
+ 94 50
+ 95 52
+ 96 50
+ 97 52
+ 98 50
+ 99 52
+ 100 50
Case #68: 152 150
+ 1 2
+ 1 3
+ 1 4
+ 1 5
+ 1 6
+ 1 8
+ 1 9
+ 1 10
+ 1 11
+ 1 12
+ 1 13
+ 1 14
+ 1 15
+ 1 16
+ 1 17
+ 1 18
+ 1 19
+ 1 20
+ 1 21
+ 1 22
+ 1 23
+ 1 24
+ 1 25
+ 1 26
+ 1 27
+ 1 28
+ 1 29
+ 1 30
+ 1 31
+ 1 32
+ 1 33
+ 1 34
+ 1 35
+ 1 36
+ 1 37
+ 1 38
+ 1 39
+ 1 40
+ 1 41
+ 1 42
+ 1 43
+ 1 44
+ 1 45
+ 1 46
+ 1 47
+ 1 48
+ 1 49
+ 1 50
+ 1 51
+ 1 52
+ 1 53
+ 1 54
+ 1 55
+ 1 56
+ 1 57
+ 1 58
+ 1 59
+ 1 60
+ 1 61
+ 1 62
+ 1 63
+ 1 64
+ 1 65
+ 1 66
+ 1 67
+ 1 68
+ 1 69
+ 1 70
+ 1 71
+ 1 72
+ 1 73
+ 1 74
+ 1 75
+ 1 76
+ 1 77
+ 1 78
+ 1 79
+ 1 80
+ 1 81
+ 1 82
+ 1 83
+ 1 84
+ 1 85
+ 1 86
+ 1 87
+ 1 88
+ 1 89
+ 1 90
+ 1 91
+ 1 92
+ 1 93
+ 1 94
+ 1 95
+ 1 96
+ 1 97
+ 1 98
+ 1 99
+ 1 100
x 2 1
+ 5 3
+ 48 54
+ 52 51
+ 54 50
+ 54 51
+ 56 50
+ 56 51
+ 58 50
+ 58 51
+ 60 50
+ 60 51
+ 62 50
+ 62 51
+ 64 50
+ 64 51
+ 66 50
+ 66 51
+ 68 50
+ 68 51
+ 70 50
+ 70 51
+ 72 50
+ 72 51
+ 74 50
+ 74 51
+ 76 50
+ 76 51
+ 78 50
+ 78 51
+ 80 50
+ 80 51
+ 82 50
+ 82 51
+ 84 50
+ 84 51
+ 86 50
+ 86 51
+ 88 50
+ 88 51
+ 90 50
+ 90 51
+ 92 50
+ 92 51
+ 94 50
+ 94 51
+ 96 50
+ 96 51
+ 98 50
+ 98 51
+ 100 50
+ 100 51
Case #69: 155 150
+ 1 4
+ 1 5
+ 1 6
+ 1 7
+ 1 8
+ 1 9
+ 1 10
+ 1 11
+ 1 12
+ 1 13
+ 1 14
+ 1 15
+ 1 16
+ 1 17
+ 1 18
+ 1 19
+ 1 20
+ 1 21
+ 1 22
+ 1 23
+ 1 25
+ 1 26
+ 1 27
+ 1 28
+ 1 29
+ 1 30
+ 1 31
+ 1 32
+ 1 33
+ 1 34
+ 1 35
+ 1 36
+ 1 37
+ 1 38
+ 1 39
+ 1 40
+ 1 41
+ 1 42
+ 1 43
+ 1 44
+ 1 45
+ 1 46
+ 1 47
+ 1 48
+ 1 49
+ 1 50
+ 1 51
+ 1 52
+ 1 53
+ 1 54
+ 1 55
+ 1 56
+ 1 57
+ 1 58
+ 1 59
+ 1 60
+ 1 61
+ 1 62
+ 1 63
+ 1 64
+ 1 65
+ 1 66
+ 1 67
+ 1 68
+ 1 69
+ 1 70
+ 1 71
+ 1 72
+ 1 73
+ 1 75
+ 1 76
+ 1 77
+ 1 78
+ 1 79
+ 1 80
+ 1 81
+ 1 82
+ 1 83
+ 1 84
+ 1 85
+ 1 86
+ 1 87
+ 1 88
+ 1 89
+ 1 90
+ 1 91
+ 1 92
+ 1 93
+ 1 94
+ 1 95
+ 1 96
+ 1 97
+ 1 98
+ 1 99
+ 1 100
x 2 1
x 3 2
x 4 3
x 5 24
+ 15 88
+ 38 37
+ 52 50
+ 54 50
+ 54 51
+ 56 50
+ 56 51
+ 58 50
+ 58 51
+ 60 50
+ 60 51
+ 62 50
+ 62 51
+ 64 50
+ 64 51
+ 66 50
+ 66 51
+ 68 50
+ 68 51
+ 70 50
+ 70 51
+ 72 50
+ 72 51
+ 74 50
+ 74 51
+ 76 50
+ 76 51
+ 78 50
+ 78 51
+ 80 50
+ 80 51
+ 82 50
+ 82 51
+ 84 50
+ 84 51
+ 86 50
+ 86 51
+ 88 50
+ 88 51
+ 90 50
+ 90 51
+ 92 50
+ 92 51
+ 94 50
+ 94 51
+ 96 50
+ 96 51
+ 98 50
+ 98 51
+ 100 50
+ 100 51
Case #70: 155 150
+ 1 2
+ 1 4
+ 1 5
+ 1 6
+ 1 7
+ 1 8
+ 1 9
+ 1 11
+ 1 12
+ 1 13
+ 1 14
+ 1 15
+ 1 16
+ 1 17
+ 1 18
+ 1 20
+ 1 21
+ 1 22
+ 1 23
+ 1 24
+ 1 25
+ 1 26
+ 1 27
+ 1 28
+ 1 29
+ 1 30
+ 1 31
+ 1 32
+ 1 33
+ 1 34
+ 1 35
+ 1 36
+ 1 37
+ 1 38
+ 1 39
+ 1 40
+ 1 41
+ 1 42
+ 1 43
+ 1 44
+ 1 45
+ 1 46
+ 1 47
+ 1 48
+ 1 49
+ 1 50
+ 1 51
+ 1 52
+ 1 53
+ 1 54
+ 1 55
+ 1 56
+ 1 57
+ 1 59
+ 1 60
+ 1 61
+ 1 62
+ 1 63
+ 1 64
+ 1 65
+ 1 66
+ 1 67
+ 1 68
+ 1 69
+ 1 70
+ 1 71
+ 1 72
+ 1 73
+ 1 74
+ 1 75
+ 1 76
+ 1 77
+ 1 78
+ 1 79
+ 1 80
+ 1 81
+ 1 82
+ 1 83
+ 1 84
+ 1 85
+ 1 86
+ 1 87
+ 1 88
+ 1 89
+ 1 90
+ 1 91
+ 1 92
+ 1 93
+ 1 94
+ 1 95
+ 1 96
+ 1 97
+ 1 98
+ 1 99
+ 1 100
x 2 1
x 3 3
x 4 10
x 5 58
+ 11 9
+ 42 60
+ 52 51
+ 54 50
+ 54 51
+ 56 50
+ 56 51
+ 58 50
+ 58 51
+ 60 50
+ 60 51
+ 62 50
+ 62 51
+ 64 50
+ 64 51
+ 66 50
+ 66 51
+ 68 50
+ 68 51
+ 70 50
+ 70 51
+ 72 50
+ 72 51
+ 74 50
+ 74 51
+ 76 50
+ 76 51
+ 78 50
+ 78 51
+ 80 50
+ 80 51
+ 82 50
+ 82 51
+ 84 50
+ 84 51
+ 86 50
+ 86 51
+ 88 50
+ 88 51
+ 90 50
+ 90 51
+ 92 50
+ 92 51
+ 94 50
+ 94 51
+ 96 50
+ 96 51
+ 98 50
+ 98 51
+ 100 50
+ 100 51
Case #71: 111 108
+ 1 1
+ 1 2
+ 1 3
+ 1 4
+ 1 5
+ 1 6
+ 1 7
+ 1 8
+ 1 9
+ 1 11
+ 1 12
+ 1 13
+ 1 14
+ 1 15
+ 1 16
+ 1 17
+ 1 18
+ 1 19
+ 1 20
+ 1 22
+ 1 23
+ 1 24
+ 1 25
+ 1 26
+ 1 27
+ 1 28
+ 1 29
+ 1 30
+ 1 31
+ 1 32
+ 1 33
+ 1 34
+ 1 35
+ 1 36
+ 1 37
+ 1 38
+ 1 39
+ 1 40
+ 1 41
+ 1 42
+ 1 43
+ 1 44
+ 1 45
+ 1 46
+ 1 47
+ 1 48
+ 1 49
+ 1 50
+ 1 51
+ 1 52
+ 1 53
+ 1 54
+ 1 55
+ 1 56
+ 1 57
+ 1 58
+ 1 59
+ 1 60
+ 1 61
+ 1 62
+ 1 63
+ 1 64
+ 1 65
+ 1 66
+ 1 67
+ 1 68
+ 1 69
+ 1 70
+ 1 71
+ 1 72
+ 1 73
x 2 10
+ 38 37
+ 39 37
+ 40 37
+ 41 37
+ 42 37
+ 43 37
+ 44 37
+ 45 37
+ 46 37
+ 47 37
+ 48 37
+ 49 37
+ 50 37
+ 51 37
+ 52 37
+ 53 37
+ 54 37
+ 55 37
+ 56 37
+ 57 37
+ 58 37
+ 59 37
+ 60 37
+ 61 37
+ 62 37
+ 63 37
+ 64 37
+ 65 37
+ 66 37
+ 67 37
+ 68 37
+ 69 37
+ 70 37
+ 71 37
+ 72 37
+ 73 37
Case #72: 156 150
x 1 2
+ 1 3
+ 1 5
+ 1 7
+ 1 9
+ 1 10
+ 1 12
+ 1 13
+ 1 15
+ 1 16
+ 1 17
+ 1 18
+ 1 19
+ 1 20
+ 1 21
+ 1 22
+ 1 23
+ 1 24
+ 1 25
+ 1 26
+ 1 27
+ 1 28
+ 1 29
+ 1 30
+ 1 31
+ 1 32
+ 1 33
+ 1 34
+ 1 35
+ 1 36
+ 1 37
+ 1 38
+ 1 39
+ 1 40
+ 1 41
+ 1 42
+ 1 43
+ 1 44
+ 1 45
+ 1 46
+ 1 47
+ 1 48
+ 1 49
+ 1 50
+ 1 51
+ 1 52
+ 1 53
+ 1 54
+ 1 55
+ 1 56
+ 1 57
+ 1 58
+ 1 59
+ 1 60
+ 1 61
+ 1 62
+ 1 63
+ 1 64
+ 1 65
+ 1 66
+ 1 67
+ 1 68
+ 1 69
+ 1 70
+ 1 71
+ 1 72
+ 1 73
+ 1 74
+ 1 75
+ 1 76
+ 1 77
+ 1 78
+ 1 79
+ 1 80
+ 1 81
+ 1 82
+ 1 83
+ 1 84
+ 1 85
+ 1 86
+ 1 87
+ 1 88
+ 1 89
+ 1 90
+ 1 91
+ 1 92
+ 1 93
+ 1 94
+ 1 95
+ 1 96
+ 1 97
+ 1 98
+ 1 99
+ 1 100
x 2 1
x 3 4
x 4 6
x 5 8
x 6 11
x 7 14
+ 51 52
+ 52 50
+ 53 52
+ 54 50
+ 55 52
+ 56 50
+ 57 52
+ 58 50
+ 59 52
+ 60 50
+ 61 52
+ 62 50
+ 63 52
+ 64 50
+ 65 52
+ 66 50
+ 67 52
+ 68 50
+ 69 52
+ 70 50
+ 71 52
+ 72 50
+ 73 52
+ 74 50
+ 75 52
+ 76 50
+ 77 52
+ 78 50
+ 79 52
+ 80 50
+ 81 52
+ 82 50
+ 83 52
+ 84 50
+ 85 52
+ 86 50
+ 87 52
+ 88 50
+ 89 52
+ 90 50
+ 91 52
+ 92 50
+ 93 52
+ 94 50
+ 95 52
+ 96 50
+ 97 52
+ 98 50
+ 99 52
+ 100 50
Case #73: 2 1
o 1 1
Case #74: 153 150
+ 1 2
+ 1 3
+ 1 4
+ 1 5
+ 1 6
+ 1 7
+ 1 8
+ 1 9
+ 1 10
+ 1 11
+ 1 12
+ 1 13
+ 1 14
+ 1 15
+ 1 16
+ 1 17
+ 1 18
+ 1 19
+ 1 20
+ 1 21
+ 1 22
+ 1 23
+ 1 24
+ 1 25
+ 1 26
+ 1 27
+ 1 28
+ 1 29
+ 1 30
+ 1 31
+ 1 32
+ 1 33
+ 1 34
+ 1 35
+ 1 36
+ 1 37
+ 1 39
+ 1 40
+ 1 41
+ 1 42
+ 1 43
+ 1 44
+ 1 45
+ 1 46
+ 1 47
+ 1 48
+ 1 49
+ 1 50
+ 1 51
+ 1 52
+ 1 53
+ 1 54
+ 1 55
+ 1 56
+ 1 57
+ 1 58
+ 1 59
+ 1 60
+ 1 61
+ 1 62
+ 1 63
+ 1 64
+ 1 65
+ 1 66
+ 1 67
+ 1 68
+ 1 69
+ 1 70
+ 1 71
+ 1 72
+ 1 73
+ 1 74
+ 1 75
+ 1 76
+ 1 77
+ 1 78
+ 1 79
+ 1 80
+ 1 81
+ 1 82
+ 1 83
+ 1 84
+ 1 85
+ 1 86
+ 1 87
+ 1 88
+ 1 90
+ 1 91
+ 1 92
+ 1 93
+ 1 94
+ 1 95
+ 1 96
+ 1 97
+ 1 98
+ 1 99
+ 1 100
x 2 1
x 3 89
+ 20 19
+ 33 70
+ 52 50
+ 54 50
+ 54 51
+ 56 50
+ 56 51
+ 58 50
+ 58 51
+ 60 50
+ 60 51
+ 62 50
+ 62 51
+ 64 50
+ 64 51
+ 66 50
+ 66 51
+ 68 50
+ 68 51
+ 70 50
+ 70 51
+ 72 50
+ 72 51
+ 74 50
+ 74 51
+ 76 50
+ 76 51
+ 78 50
+ 78 51
+ 80 50
+ 80 51
+ 82 50
+ 82 51
+ 84 50
+ 84 51
+ 86 50
+ 86 51
+ 88 50
+ 88 51
+ 90 50
+ 90 51
+ 92 50
+ 92 51
+ 94 50
+ 94 51
+ 96 50
+ 96 51
+ 98 50
+ 98 51
+ 100 50
+ 100 51
Case #75: 13 10
+ 1 1
+ 1 3
+ 1 4
+ 1 6
+ 1 7
x 2 2
+ 3 7
o 4 2
+ 5 4
+ 7 4
Case #76: 153 150
x 1 2
+ 1 3
+ 1 5
+ 1 6
+ 1 7
+ 1 8
+ 1 9
+ 1 10
+ 1 11
+ 1 12
+ 1 13
+ 1 14
+ 1 15
+ 1 16
+ 1 17
+ 1 18
+ 1 19
+ 1 20
+ 1 21
+ 1 22
+ 1 23
+ 1 24
+ 1 25
+ 1 26
+ 1 27
+ 1 28
+ 1 29
+ 1 30
+ 1 31
+ 1 32
+ 1 33
+ 1 34
+ 1 35
+ 1 36
+ 1 37
+ 1 38
+ 1 39
+ 1 40
+ 1 41
+ 1 43
+ 1 44
+ 1 45
+ 1 46
+ 1 47
+ 1 48
+ 1 49
+ 1 50
+ 1 51
+ 1 52
+ 1 53
+ 1 54
+ 1 55
+ 1 56
+ 1 57
+ 1 58
+ 1 59
+ 1 60
+ 1 61
+ 1 62
+ 1 63
+ 1 64
+ 1 65
+ 1 66
+ 1 67
+ 1 68
+ 1 69
+ 1 70
+ 1 71
+ 1 72
+ 1 73
+ 1 74
+ 1 75
+ 1 76
+ 1 77
+ 1 78
+ 1 79
+ 1 80
+ 1 81
+ 1 82
+ 1 83
+ 1 84
+ 1 85
+ 1 86
+ 1 87
+ 1 88
+ 1 89
+ 1 90
+ 1 91
+ 1 92
+ 1 93
+ 1 94
+ 1 95
+ 1 96
+ 1 97
+ 1 98
+ 1 99
+ 1 100
x 2 1
x 3 4
x 4 42
+ 51 52
+ 52 50
+ 53 52
+ 54 50
+ 55 52
+ 56 50
+ 57 52
+ 58 50
+ 59 52
+ 60 50
+ 61 52
+ 62 50
+ 63 52
+ 64 50
+ 65 52
+ 66 50
+ 67 52
+ 68 50
+ 69 52
+ 70 50
+ 71 52
+ 72 50
+ 73 52
+ 74 50
+ 75 52
+ 76 50
+ 77 52
+ 78 50
+ 79 52
+ 80 50
+ 81 52
+ 82 50
+ 83 52
+ 84 50
+ 85 52
+ 86 50
+ 87 52
+ 88 50
+ 89 52
+ 90 50
+ 91 52
+ 92 50
+ 93 52
+ 94 50
+ 95 52
+ 96 50
+ 97 52
+ 98 50
+ 99 52
+ 100 50
Case #77: 154 150
+ 1 2
+ 1 3
+ 1 4
+ 1 5
+ 1 6
+ 1 7
+ 1 9
+ 1 10
+ 1 11
+ 1 12
+ 1 13
+ 1 15
+ 1 16
+ 1 17
+ 1 18
+ 1 19
+ 1 20
+ 1 21
+ 1 22
+ 1 23
+ 1 24
+ 1 25
+ 1 26
+ 1 27
+ 1 28
+ 1 29
+ 1 30
+ 1 31
+ 1 32
+ 1 33
+ 1 34
+ 1 35
+ 1 36
+ 1 37
+ 1 38
+ 1 39
+ 1 40
+ 1 41
+ 1 42
+ 1 43
+ 1 44
+ 1 45
+ 1 46
+ 1 47
+ 1 48
+ 1 49
+ 1 50
+ 1 51
+ 1 52
+ 1 53
+ 1 54
+ 1 56
+ 1 57
+ 1 58
+ 1 59
+ 1 60
+ 1 61
+ 1 62
+ 1 63
+ 1 64
+ 1 65
+ 1 66
+ 1 67
+ 1 68
+ 1 69
+ 1 70
+ 1 71
+ 1 72
+ 1 73
+ 1 74
+ 1 75
+ 1 76
+ 1 77
+ 1 78
+ 1 79
+ 1 80
+ 1 81
+ 1 82
+ 1 83
+ 1 84
+ 1 85
+ 1 86
+ 1 87
+ 1 88
+ 1 89
+ 1 90
+ 1 91
+ 1 92
+ 1 93
+ 1 94
+ 1 95
+ 1 96
+ 1 97
+ 1 98
+ 1 99
+ 1 100
x 2 1
x 3 8
x 4 14
+ 24 78
+ 29 27
+ 52 51
+ 54 50
+ 54 51
+ 56 50
+ 56 51
+ 58 50
+ 58 51
+ 60 50
+ 60 51
+ 62 50
+ 62 51
+ 64 50
+ 64 51
+ 66 50
+ 66 51
+ 68 50
+ 68 51
+ 70 50
+ 70 51
+ 72 50
+ 72 51
+ 74 50
+ 74 51
+ 76 50
+ 76 51
+ 78 50
+ 78 51
+ 80 50
+ 80 51
+ 82 50
+ 82 51
+ 84 50
+ 84 51
+ 86 50
+ 86 51
+ 88 50
+ 88 51
+ 90 50
+ 90 51
+ 92 50
+ 92 51
+ 94 50
+ 94 51
+ 96 50
+ 96 51
+ 98 50
+ 98 51
+ 100 50
+ 100 51
Case #78: 44 39
+ 1 1
+ 1 2
+ 1 3
+ 1 4
+ 1 5
+ 1 6
+ 1 7
+ 1 8
+ 1 9
+ 1 10
+ 1 11
+ 1 13
+ 1 14
+ 1 16
+ 1 17
+ 1 18
+ 1 19
+ 1 20
+ 1 22
+ 1 23
+ 1 24
+ 1 26
+ 1 27
x 2 12
x 3 15
x 4 25
+ 15 14
+ 16 14
+ 17 14
+ 18 14
+ 19 14
+ 20 14
+ 21 14
+ 22 14
+ 23 14
+ 24 14
+ 25 14
+ 26 14
+ 27 14
Case #79: 44 42
+ 1 2
+ 1 3
+ 1 4
+ 1 5
+ 1 6
+ 1 7
+ 1 8
+ 1 9
+ 1 10
+ 1 11
+ 1 12
+ 1 13
+ 1 14
+ 1 15
+ 1 16
+ 1 17
+ 1 18
+ 1 19
+ 1 20
+ 1 21
+ 1 22
+ 1 23
+ 1 24
+ 1 25
+ 1 26
+ 1 27
+ 1 28
+ 1 29
+ 16 15
+ 17 15
+ 18 15
+ 19 15
+ 20 15
+ 21 15
+ 22 15
+ 23 15
+ 24 15
+ 25 15
+ 26 15
+ 27 15
+ 28 15
+ 29 15
Case #80: 153 150
+ 1 1
+ 1 2
+ 1 3
+ 1 4
+ 1 5
+ 1 6
+ 1 7
+ 1 8
+ 1 9
+ 1 10
+ 1 12
+ 1 13
+ 1 14
+ 1 15
+ 1 16
+ 1 17
+ 1 18
+ 1 19
+ 1 20
+ 1 21
+ 1 22
+ 1 23
+ 1 24
+ 1 25
+ 1 26
+ 1 27
+ 1 28
+ 1 29
+ 1 30
+ 1 31
+ 1 32
+ 1 33
+ 1 34
+ 1 35
+ 1 36
+ 1 37
+ 1 38
+ 1 39
+ 1 40
+ 1 41
+ 1 42
+ 1 43
+ 1 44
+ 1 45
+ 1 46
+ 1 47
+ 1 48
+ 1 49
+ 1 50
+ 1 51
+ 1 52
+ 1 53
+ 1 54
+ 1 55
+ 1 56
+ 1 57
+ 1 58
+ 1 59
+ 1 60
+ 1 61
+ 1 62
+ 1 63
+ 1 64
+ 1 65
+ 1 66
+ 1 67
+ 1 68
+ 1 70
+ 1 71
+ 1 72
+ 1 74
+ 1 75
+ 1 76
+ 1 77
+ 1 78
+ 1 79
+ 1 80
+ 1 81
+ 1 82
+ 1 83
+ 1 84
+ 1 85
+ 1 86
+ 1 87
+ 1 88
+ 1 89
+ 1 90
+ 1 91
+ 1 92
+ 1 93
+ 1 94
+ 1 95
+ 1 96
+ 1 97
+ 1 98
+ 1 99
+ 1 100
x 2 11
x 3 69
+ 15 87
+ 38 36
+ 52 51
+ 54 50
+ 54 51
+ 56 50
+ 56 51
+ 58 50
+ 58 51
+ 60 50
+ 60 51
+ 62 50
+ 62 51
+ 64 50
+ 64 51
+ 66 50
+ 66 51
+ 68 50
+ 68 51
+ 70 50
+ 70 51
+ 72 50
+ 72 51
+ 74 50
+ 74 51
+ 76 50
+ 76 51
+ 78 50
+ 78 51
+ 80 50
+ 80 51
+ 82 50
+ 82 51
+ 84 50
+ 84 51
+ 86 50
+ 86 51
+ 88 50
+ 88 51
+ 90 50
+ 90 51
+ 92 50
+ 92 51
+ 94 50
+ 94 51
+ 96 50
+ 96 51
+ 98 50
+ 98 51
+ 100 50
+ 100 51
Case #81: 152 150
+ 1 2
+ 1 3
+ 1 4
+ 1 5
+ 1 6
+ 1 7
+ 1 8
+ 1 9
+ 1 10
+ 1 11
+ 1 12
+ 1 13
+ 1 14
+ 1 15
+ 1 16
+ 1 17
+ 1 18
+ 1 19
+ 1 20
+ 1 21
+ 1 22
+ 1 23
+ 1 24
+ 1 25
+ 1 26
+ 1 27
+ 1 28
+ 1 29
+ 1 30
+ 1 31
+ 1 32
+ 1 33
+ 1 34
+ 1 35
+ 1 36
+ 1 37
+ 1 38
+ 1 39
+ 1 40
+ 1 41
+ 1 42
+ 1 43
+ 1 44
+ 1 45
+ 1 46
+ 1 47
+ 1 48
+ 1 49
+ 1 50
+ 1 51
+ 1 52
+ 1 53
+ 1 54
+ 1 55
+ 1 56
+ 1 57
+ 1 58
+ 1 59
+ 1 60
+ 1 61
+ 1 62
+ 1 63
+ 1 64
+ 1 65
+ 1 66
+ 1 67
+ 1 68
+ 1 69
+ 1 70
+ 1 71
+ 1 72
+ 1 73
+ 1 74
+ 1 75
+ 1 76
+ 1 78
+ 1 79
+ 1 80
+ 1 81
+ 1 82
+ 1 83
+ 1 84
+ 1 85
+ 1 86
+ 1 87
+ 1 88
+ 1 89
+ 1 90
+ 1 91
+ 1 92
+ 1 93
+ 1 94
+ 1 95
+ 1 96
+ 1 97
+ 1 98
+ 1 99
+ 1 100
x 2 1
+ 13 89
+ 40 38
+ 52 51
+ 54 50
+ 54 51
+ 56 50
+ 56 51
+ 58 50
+ 58 51
+ 60 50
+ 60 51
+ 62 50
+ 62 51
+ 64 50
+ 64 51
+ 66 50
+ 66 51
+ 68 50
+ 68 51
+ 70 50
+ 70 51
+ 72 50
+ 72 51
+ 74 50
+ 74 51
+ 76 50
+ 76 51
+ 78 50
+ 78 51
+ 80 50
+ 80 51
+ 82 50
+ 82 51
+ 84 50
+ 84 51
+ 86 50
+ 86 51
+ 88 50
+ 88 51
+ 90 50
+ 90 51
+ 92 50
+ 92 51
+ 94 50
+ 94 51
+ 96 50
+ 96 51
+ 98 50
+ 98 51
+ 100 50
+ 100 51
Case #82: 147 141
+ 1 1
+ 1 2
+ 1 3
+ 1 4
+ 1 5
+ 1 7
+ 1 8
+ 1 9
+ 1 10
+ 1 11
+ 1 12
+ 1 13
+ 1 14
+ 1 15
+ 1 16
+ 1 17
+ 1 18
+ 1 19
+ 1 20
+ 1 21
+ 1 22
+ 1 23
+ 1 24
+ 1 25
+ 1 26
+ 1 27
+ 1 28
+ 1 29
+ 1 30
+ 1 31
+ 1 32
+ 1 33
+ 1 34
+ 1 35
+ 1 36
+ 1 37
+ 1 38
+ 1 39
+ 1 41
+ 1 42
+ 1 43
+ 1 44
+ 1 45
+ 1 46
+ 1 47
+ 1 48
+ 1 49
+ 1 51
+ 1 52
+ 1 53
+ 1 54
+ 1 55
+ 1 57
+ 1 58
+ 1 59
+ 1 60
+ 1 61
+ 1 62
+ 1 63
+ 1 64
+ 1 65
+ 1 66
+ 1 67
+ 1 68
+ 1 69
+ 1 70
+ 1 71
+ 1 72
+ 1 73
+ 1 74
+ 1 75
+ 1 76
+ 1 77
+ 1 78
+ 1 79
+ 1 81
+ 1 82
+ 1 83
+ 1 84
+ 1 85
+ 1 86
+ 1 87
+ 1 88
+ 1 89
+ 1 90
+ 1 91
+ 1 92
+ 1 93
+ 1 94
+ 1 95
x 2 6
x 3 40
x 4 56
x 5 80
+ 49 48
+ 50 48
+ 51 48
+ 52 48
+ 53 48
+ 54 48
+ 55 48
+ 56 48
+ 57 48
+ 58 48
+ 59 48
+ 60 48
+ 61 48
+ 62 48
+ 63 48
+ 64 48
+ 65 48
+ 66 48
+ 67 48
+ 68 48
+ 69 48
+ 70 48
+ 71 48
+ 72 48
+ 73 48
+ 74 48
+ 75 48
+ 76 48
+ 77 48
+ 78 48
+ 79 48
+ 80 48
+ 81 48
+ 82 48
+ 83 48
+ 84 48
+ 85 48
+ 86 48
+ 87 48
+ 88 48
+ 89 48
+ 90 48
+ 91 48
+ 92 48
+ 93 48
+ 94 48
+ 95 48
Case #83: 3 1
+ 1 1
Case #84: 69 65
+ 1 1
+ 1 2
+ 1 3
+ 1 4
+ 1 5
+ 1 6
+ 1 7
+ 1 10
+ 1 11
+ 1 12
+ 1 13
+ 1 14
+ 1 15
+ 1 16
+ 1 17
+ 1 19
+ 1 20
+ 1 21
+ 1 22
+ 1 23
+ 1 24
+ 1 25
+ 1 26
+ 1 27
+ 1 28
+ 1 29
+ 1 30
+ 1 31
+ 1 32
+ 1 33
+ 1 34
+ 1 35
+ 1 36
+ 1 37
+ 1 38
+ 1 39
+ 1 40
+ 1 41
+ 1 42
+ 1 43
+ 1 44
x 2 9
x 3 18
+ 24 22
+ 24 23
+ 26 22
+ 26 23
+ 28 22
+ 28 23
+ 30 22
+ 30 23
+ 32 22
+ 32 23
+ 34 22
+ 34 23
+ 36 22
+ 36 23
+ 38 22
+ 38 23
+ 40 22
+ 40 23
+ 42 22
+ 42 23
+ 44 22
+ 44 23
Case #85: 4 2
o 1 2
x 2 1
Case #86: 155 151
x 1 4
+ 1 5
+ 1 6
+ 1 8
+ 1 9
+ 1 10
+ 1 11
+ 1 12
+ 1 13
+ 1 14
+ 1 15
+ 1 16
+ 1 17
+ 1 18
+ 1 19
+ 1 20
+ 1 21
+ 1 22
+ 1 23
+ 1 24
+ 1 25
+ 1 26
+ 1 27
+ 1 28
+ 1 29
+ 1 30
+ 1 31
+ 1 32
+ 1 33
+ 1 34
+ 1 35
+ 1 36
+ 1 37
+ 1 38
+ 1 39
+ 1 40
+ 1 41
+ 1 42
+ 1 43
+ 1 44
+ 1 45
+ 1 46
+ 1 47
+ 1 48
+ 1 49
+ 1 50
+ 1 51
+ 1 52
+ 1 53
+ 1 54
+ 1 55
+ 1 56
+ 1 57
+ 1 58
+ 1 59
+ 1 60
+ 1 61
+ 1 62
+ 1 63
+ 1 64
+ 1 65
+ 1 66
+ 1 67
+ 1 68
+ 1 69
+ 1 70
+ 1 71
+ 1 72
+ 1 73
+ 1 74
+ 1 75
+ 1 76
+ 1 77
+ 1 78
+ 1 79
+ 1 80
+ 1 81
+ 1 82
+ 1 83
+ 1 84
+ 1 85
+ 1 86
+ 1 87
+ 1 88
+ 1 89
+ 1 90
+ 1 91
+ 1 92
+ 1 93
+ 1 94
+ 1 95
+ 1 96
+ 1 97
+ 1 98
+ 1 99
+ 1 100
x 2 1
x 3 2
+ 4 1
x 4 3
x 5 7
+ 50 53
+ 52 50
+ 53 52
+ 54 50
+ 56 50
+ 56 51
+ 58 50
+ 58 51
+ 60 50
+ 60 51
+ 62 50
+ 62 51
+ 64 50
+ 64 51
+ 66 50
+ 66 51
+ 68 50
+ 68 51
+ 70 50
+ 70 51
+ 72 50
+ 72 51
+ 74 50
+ 74 51
+ 76 50
+ 76 51
+ 78 50
+ 78 51
+ 80 50
+ 80 51
+ 82 50
+ 82 51
+ 84 50
+ 84 51
+ 86 50
+ 86 51
+ 88 50
+ 88 51
+ 90 50
+ 90 51
+ 92 50
+ 92 51
+ 94 50
+ 94 51
+ 96 50
+ 96 51
+ 98 50
+ 98 51
+ 100 50
+ 100 51
Case #87: 154 150
+ 1 2
+ 1 3
+ 1 4
+ 1 5
+ 1 6
+ 1 7
+ 1 8
+ 1 9
+ 1 10
+ 1 11
+ 1 12
+ 1 13
+ 1 14
+ 1 16
+ 1 17
+ 1 18
+ 1 19
+ 1 21
+ 1 22
+ 1 23
+ 1 24
+ 1 25
+ 1 26
+ 1 27
+ 1 28
+ 1 29
+ 1 30
+ 1 31
+ 1 32
+ 1 33
+ 1 34
+ 1 35
+ 1 36
+ 1 37
+ 1 38
+ 1 39
+ 1 40
+ 1 41
+ 1 42
+ 1 43
+ 1 44
+ 1 45
+ 1 46
+ 1 47
+ 1 48
+ 1 49
+ 1 50
+ 1 51
+ 1 52
+ 1 53
+ 1 54
+ 1 55
+ 1 56
+ 1 57
+ 1 58
+ 1 59
+ 1 60
+ 1 61
+ 1 62
+ 1 63
+ 1 64
+ 1 65
+ 1 66
+ 1 67
+ 1 68
+ 1 69
+ 1 70
+ 1 71
+ 1 72
+ 1 73
+ 1 74
+ 1 75
+ 1 76
+ 1 77
+ 1 78
+ 1 79
+ 1 80
+ 1 81
+ 1 82
+ 1 83
+ 1 84
+ 1 85
+ 1 86
+ 1 87
+ 1 88
+ 1 89
+ 1 90
+ 1 92
+ 1 93
+ 1 94
+ 1 95
+ 1 96
+ 1 97
+ 1 98
+ 1 99
+ 1 100
x 2 1
x 3 15
x 4 20
+ 6 96
+ 47 45
+ 52 51
+ 54 50
+ 54 51
+ 56 50
+ 56 51
+ 58 50
+ 58 51
+ 60 50
+ 60 51
+ 62 50
+ 62 51
+ 64 50
+ 64 51
+ 66 50
+ 66 51
+ 68 50
+ 68 51
+ 70 50
+ 70 51
+ 72 50
+ 72 51
+ 74 50
+ 74 51
+ 76 50
+ 76 51
+ 78 50
+ 78 51
+ 80 50
+ 80 51
+ 82 50
+ 82 51
+ 84 50
+ 84 51
+ 86 50
+ 86 51
+ 88 50
+ 88 51
+ 90 50
+ 90 51
+ 92 50
+ 92 51
+ 94 50
+ 94 51
+ 96 50
+ 96 51
+ 98 50
+ 98 51
+ 100 50
+ 100 51
Case #88: 106 103
+ 1 1
+ 1 2
+ 1 3
+ 1 4
+ 1 5
+ 1 6
+ 1 7
+ 1 8
+ 1 9
+ 1 10
+ 1 11
+ 1 12
+ 1 13
+ 1 14
+ 1 15
+ 1 16
+ 1 17
+ 1 18
+ 1 19
+ 1 20
+ 1 21
+ 1 22
+ 1 23
+ 1 24
+ 1 25
+ 1 26
+ 1 27
+ 1 28
+ 1 29
+ 1 30
+ 1 31
+ 1 32
+ 1 34
+ 1 35
+ 1 36
+ 1 37
+ 1 38
+ 1 40
+ 1 41
+ 1 42
+ 1 43
+ 1 44
+ 1 45
+ 1 46
+ 1 47
+ 1 48
+ 1 49
+ 1 50
+ 1 51
+ 1 52
+ 1 53
+ 1 54
+ 1 55
+ 1 56
+ 1 57
+ 1 58
+ 1 59
+ 1 60
+ 1 61
+ 1 62
+ 1 63
+ 1 64
+ 1 65
+ 1 66
+ 1 67
+ 1 68
+ 1 69
+ 1 70
x 2 39
+ 37 35
+ 37 36
+ 39 35
+ 39 36
+ 41 35
+ 41 36
+ 43 35
+ 43 36
+ 45 35
+ 45 36
+ 47 35
+ 47 36
+ 49 35
+ 49 36
+ 51 35
+ 51 36
+ 53 35
+ 53 36
+ 55 35
+ 55 36
+ 57 35
+ 57 36
+ 59 35
+ 59 36
+ 61 35
+ 61 36
+ 63 35
+ 63 36
+ 65 35
+ 65 36
+ 67 35
+ 67 36
+ 69 35
+ 69 36
Case #89: 51 47
+ 1 1
+ 1 2
+ 1 3
+ 1 4
+ 1 5
+ 1 6
+ 1 8
+ 1 10
+ 1 11
+ 1 12
+ 1 13
+ 1 14
+ 1 15
+ 1 17
+ 1 18
+ 1 19
+ 1 20
+ 1 21
+ 1 23
+ 1 24
+ 1 25
+ 1 26
+ 1 27
+ 1 28
+ 1 29
+ 1 30
+ 1 31
x 2 9
x 3 16
x 4 22
+ 5 3
x 5 16
+ 14 20
+ 17 16
+ 19 16
+ 20 16
+ 21 16
+ 22 16
+ 23 16
+ 24 16
+ 25 16
+ 26 16
+ 27 16
+ 28 16
+ 29 16
+ 30 16
+ 31 16
Case #90: 120 115
+ 1 1
+ 1 2
+ 1 3
+ 1 4
+ 1 5
+ 1 6
+ 1 7
+ 1 8
+ 1 9
+ 1 10
+ 1 11
+ 1 12
+ 1 13
+ 1 14
+ 1 15
+ 1 16
+ 1 17
+ 1 18
+ 1 20
+ 1 21
+ 1 22
+ 1 23
+ 1 24
+ 1 25
+ 1 26
+ 1 27
+ 1 28
+ 1 29
+ 1 30
+ 1 33
+ 1 34
+ 1 35
+ 1 36
+ 1 38
+ 1 39
+ 1 40
+ 1 41
+ 1 42
+ 1 44
+ 1 45
+ 1 46
+ 1 47
+ 1 48
+ 1 49
+ 1 50
+ 1 51
+ 1 52
+ 1 53
+ 1 54
+ 1 55
+ 1 56
+ 1 57
+ 1 58
+ 1 59
+ 1 60
+ 1 61
+ 1 62
+ 1 63
+ 1 64
+ 1 65
+ 1 66
+ 1 67
+ 1 68
+ 1 69
+ 1 70
+ 1 71
+ 1 72
+ 1 73
+ 1 74
+ 1 75
+ 1 76
+ 1 77
x 2 19
x 3 31
x 4 32
x 5 43
+ 20 18
+ 22 58
+ 40 39
+ 42 39
+ 43 39
+ 44 39
+ 45 39
+ 46 39
+ 47 39
+ 48 39
+ 49 39
+ 50 39
+ 51 39
+ 52 39
+ 53 39
+ 54 39
+ 55 39
+ 56 39
+ 57 39
+ 58 39
+ 59 39
+ 60 39
+ 61 39
+ 62 39
+ 63 39
+ 64 39
+ 65 39
+ 66 39
+ 67 39
+ 68 39
+ 69 39
+ 70 39
+ 71 39
+ 72 39
+ 73 39
+ 74 39
+ 75 39
+ 76 39
+ 77 39
Case #91: 152 150
x 1 2
+ 1 3
+ 1 4
+ 1 5
+ 1 6
+ 1 7
+ 1 8
+ 1 9
+ 1 10
+ 1 11
+ 1 12
+ 1 13
+ 1 14
+ 1 15
+ 1 16
+ 1 17
+ 1 18
+ 1 19
+ 1 20
+ 1 21
+ 1 22
+ 1 23
+ 1 24
+ 1 25
+ 1 26
+ 1 27
+ 1 28
+ 1 29
+ 1 30
+ 1 31
+ 1 32
+ 1 33
+ 1 34
+ 1 35
+ 1 36
+ 1 37
+ 1 38
+ 1 39
+ 1 40
+ 1 41
+ 1 42
+ 1 43
+ 1 44
+ 1 45
+ 1 46
+ 1 47
+ 1 48
+ 1 49
+ 1 50
+ 1 51
+ 1 52
+ 1 53
+ 1 54
+ 1 55
+ 1 56
+ 1 57
+ 1 58
+ 1 59
+ 1 60
+ 1 61
+ 1 62
+ 1 63
+ 1 64
+ 1 65
+ 1 66
+ 1 67
+ 1 68
+ 1 69
+ 1 71
+ 1 72
+ 1 73
+ 1 74
+ 1 75
+ 1 76
+ 1 77
+ 1 78
+ 1 79
+ 1 80
+ 1 81
+ 1 82
+ 1 83
+ 1 84
+ 1 85
+ 1 86
+ 1 87
+ 1 88
+ 1 89
+ 1 90
+ 1 91
+ 1 92
+ 1 93
+ 1 94
+ 1 95
+ 1 96
+ 1 97
+ 1 98
+ 1 99
+ 1 100
x 2 1
x 3 70
+ 51 52
+ 52 50
+ 53 52
+ 54 50
+ 55 52
+ 56 50
+ 57 52
+ 58 50
+ 59 52
+ 60 50
+ 61 52
+ 62 50
+ 63 52
+ 64 50
+ 65 52
+ 66 50
+ 67 52
+ 68 50
+ 69 52
+ 70 50
+ 71 52
+ 72 50
+ 73 52
+ 74 50
+ 75 52
+ 76 50
+ 77 52
+ 78 50
+ 79 52
+ 80 50
+ 81 52
+ 82 50
+ 83 52
+ 84 50
+ 85 52
+ 86 50
+ 87 52
+ 88 50
+ 89 52
+ 90 50
+ 91 52
+ 92 50
+ 93 52
+ 94 50
+ 95 52
+ 96 50
+ 97 52
+ 98 50
+ 99 52
+ 100 50
Case #92: 151 147
+ 1 1
+ 1 2
+ 1 3
+ 1 4
+ 1 5
+ 1 6
+ 1 7
+ 1 8
+ 1 9
+ 1 10
+ 1 11
+ 1 12
+ 1 13
+ 1 14
+ 1 15
+ 1 16
+ 1 17
+ 1 18
+ 1 19
+ 1 20
+ 1 21
+ 1 22
+ 1 23
+ 1 24
+ 1 25
+ 1 26
+ 1 27
+ 1 28
+ 1 29
+ 1 30
+ 1 31
+ 1 32
+ 1 33
+ 1 34
+ 1 35
+ 1 36
+ 1 37
+ 1 39
+ 1 40
+ 1 41
+ 1 42
+ 1 43
+ 1 44
+ 1 45
+ 1 46
+ 1 47
+ 1 48
+ 1 49
+ 1 50
+ 1 51
+ 1 52
+ 1 53
+ 1 54
+ 1 55
+ 1 56
+ 1 57
+ 1 58
+ 1 59
+ 1 60
+ 1 61
+ 1 62
+ 1 64
+ 1 65
+ 1 66
+ 1 67
+ 1 68
+ 1 69
+ 1 70
+ 1 71
+ 1 72
+ 1 73
+ 1 74
+ 1 75
+ 1 76
+ 1 77
+ 1 78
+ 1 79
+ 1 80
+ 1 81
+ 1 82
+ 1 83
+ 1 84
+ 1 85
+ 1 86
+ 1 87
+ 1 88
+ 1 89
+ 1 91
+ 1 92
+ 1 93
+ 1 94
+ 1 95
+ 1 96
+ 1 97
+ 1 98
+ 1 99
x 2 38
x 3 63
+ 51 50
+ 52 50
+ 53 50
+ 54 50
+ 55 50
+ 56 50
+ 57 50
+ 58 50
+ 59 50
+ 60 50
+ 61 50
+ 62 50
+ 63 50
+ 64 50
+ 65 50
+ 66 50
+ 67 50
+ 68 50
+ 69 50
+ 70 50
+ 71 50
+ 72 50
+ 73 50
+ 74 50
+ 75 50
+ 76 50
+ 77 50
+ 78 50
+ 79 50
+ 80 50
+ 81 50
+ 82 50
+ 83 50
+ 84 50
+ 85 50
+ 86 50
+ 87 50
+ 88 50
+ 89 50
+ 90 50
+ 91 50
+ 92 50
+ 93 50
+ 94 50
+ 95 50
+ 96 50
+ 97 50
+ 98 50
+ 99 50
Case #93: 249 150
x 1 2
x 2 1
x 3 3
x 4 4
x 5 5
x 6 6
x 7 7
x 8 8
x 9 9
x 10 10
x 11 11
x 12 12
x 13 13
x 14 14
x 15 15
x 16 16
x 17 17
x 18 18
x 19 19
x 20 20
x 21 21
x 22 22
x 23 23
x 24 24
x 25 25
x 26 26
x 27 27
x 28 28
x 29 29
x 30 30
x 31 31
x 32 32
x 33 33
x 34 34
x 35 35
x 36 36
x 37 37
x 38 38
x 39 39
x 40 40
x 41 41
x 42 42
x 43 43
x 44 44
x 45 45
x 46 46
x 47 47
x 48 48
x 49 49
x 50 50
x 51 51
+ 51 52
+ 52 50
x 52 53
+ 53 52
x 53 53
+ 54 50
x 54 54
+ 55 52
x 55 55
+ 56 50
x 56 56
+ 57 52
x 57 57
+ 58 50
x 58 58
+ 59 52
x 59 59
+ 60 50
x 60 60
+ 61 52
x 61 61
+ 62 50
x 62 62
+ 63 52
x 63 63
+ 64 50
x 64 64
+ 65 52
x 65 65
+ 66 50
x 66 66
+ 67 52
x 67 67
+ 68 50
x 68 68
+ 69 52
x 69 69
+ 70 50
x 70 70
+ 71 52
x 71 71
+ 72 50
x 72 72
+ 73 52
x 73 73
+ 74 50
x 74 74
+ 75 52
x 75 75
+ 76 50
x 76 76
+ 77 52
x 77 77
+ 78 50
x 78 78
+ 79 52
x 79 79
+ 80 50
x 80 80
+ 81 52
x 81 81
+ 82 50
x 82 82
+ 83 52
x 83 83
+ 84 50
x 84 84
+ 85 52
x 85 85
+ 86 50
x 86 86
+ 87 52
x 87 87
+ 88 50
x 88 88
+ 89 52
x 89 89
+ 90 50
x 90 90
+ 91 52
x 91 91
+ 92 50
x 92 92
+ 93 52
x 93 93
+ 94 50
x 94 94
+ 95 52
x 95 95
+ 96 50
x 96 96
+ 97 52
x 97 97
+ 98 50
x 98 98
+ 99 52
x 99 99
+ 100 50
x 100 100
Case #94: 115 111
+ 1 1
+ 1 2
+ 1 3
+ 1 4
+ 1 5
+ 1 6
+ 1 7
+ 1 8
+ 1 9
+ 1 10
+ 1 11
+ 1 13
+ 1 14
+ 1 15
+ 1 16
+ 1 17
+ 1 18
+ 1 19
+ 1 20
+ 1 21
+ 1 22
+ 1 23
+ 1 24
+ 1 25
+ 1 26
+ 1 27
+ 1 28
+ 1 29
+ 1 30
+ 1 31
+ 1 32
+ 1 33
+ 1 34
+ 1 35
+ 1 36
+ 1 37
+ 1 39
+ 1 40
+ 1 41
+ 1 42
+ 1 43
+ 1 44
+ 1 45
+ 1 46
+ 1 47
+ 1 48
+ 1 50
+ 1 51
+ 1 52
+ 1 53
+ 1 54
+ 1 55
+ 1 56
+ 1 57
+ 1 58
+ 1 59
+ 1 60
+ 1 61
+ 1 62
+ 1 63
+ 1 64
+ 1 65
+ 1 66
+ 1 67
+ 1 68
+ 1 69
+ 1 70
+ 1 71
+ 1 72
+ 1 73
+ 1 74
+ 1 75
x 2 38
x 3 49
+ 39 38
+ 40 38
+ 41 38
+ 42 38
+ 43 38
+ 44 38
+ 45 38
+ 46 38
+ 47 38
+ 48 38
+ 49 38
+ 50 38
+ 51 38
+ 52 38
+ 53 38
+ 54 38
+ 55 38
+ 56 38
+ 57 38
+ 58 38
+ 59 38
+ 60 38
+ 61 38
+ 62 38
+ 63 38
+ 64 38
+ 65 38
+ 66 38
+ 67 38
+ 68 38
+ 69 38
+ 70 38
+ 71 38
+ 72 38
+ 73 38
+ 74 38
+ 75 38
Case #95: 22 19
+ 1 1
+ 1 2
+ 1 4
+ 1 5
+ 1 6
+ 1 7
+ 1 9
+ 1 10
+ 1 11
+ 1 12
+ 1 13
+ 1 14
x 2 3
+ 9 7
+ 9 8
+ 11 7
+ 11 8
+ 13 7
+ 13 8
Case #96: 150 146
+ 1 1
+ 1 2
+ 1 3
+ 1 4
+ 1 7
+ 1 8
+ 1 9
+ 1 10
+ 1 11
+ 1 13
+ 1 14
+ 1 15
+ 1 16
+ 1 17
+ 1 18
+ 1 19
+ 1 20
+ 1 21
+ 1 22
+ 1 23
+ 1 24
+ 1 25
+ 1 26
+ 1 27
+ 1 28
+ 1 29
+ 1 30
+ 1 31
+ 1 32
+ 1 33
+ 1 34
+ 1 35
+ 1 36
+ 1 37
+ 1 38
+ 1 39
+ 1 40
+ 1 42
+ 1 43
+ 1 44
+ 1 45
+ 1 46
+ 1 47
+ 1 48
+ 1 49
+ 1 50
+ 1 51
+ 1 52
+ 1 53
+ 1 54
+ 1 55
+ 1 56
+ 1 57
+ 1 58
+ 1 59
+ 1 60
+ 1 61
+ 1 62
+ 1 63
+ 1 64
+ 1 65
+ 1 66
+ 1 67
+ 1 68
+ 1 69
+ 1 70
+ 1 71
+ 1 72
+ 1 73
+ 1 74
+ 1 75
+ 1 76
+ 1 77
+ 1 78
+ 1 79
+ 1 80
+ 1 81
+ 1 82
+ 1 83
+ 1 84
+ 1 85
+ 1 86
+ 1 87
+ 1 88
+ 1 89
+ 1 90
+ 1 91
+ 1 92
+ 1 93
+ 1 94
+ 1 95
+ 1 96
+ 1 97
+ 1 98
x 2 5
x 3 6
x 4 12
+ 22 20
+ 30 70
+ 51 50
+ 53 49
+ 53 50
+ 55 49
+ 55 50
+ 57 49
+ 57 50
+ 59 49
+ 59 50
+ 61 49
+ 61 50
+ 63 49
+ 63 50
+ 65 49
+ 65 50
+ 67 49
+ 67 50
+ 69 49
+ 69 50
+ 71 49
+ 71 50
+ 73 49
+ 73 50
+ 75 49
+ 75 50
+ 77 49
+ 77 50
+ 79 49
+ 79 50
+ 81 49
+ 81 50
+ 83 49
+ 83 50
+ 85 49
+ 85 50
+ 87 49
+ 87 50
+ 89 49
+ 89 50
+ 91 49
+ 91 50
+ 93 49
+ 93 50
+ 95 49
+ 95 50
+ 97 49
+ 97 50
Case #97: 156 150
x 1 2
+ 1 4
+ 1 5
+ 1 7
+ 1 8
+ 1 9
+ 1 10
+ 1 12
+ 1 13
+ 1 14
+ 1 15
+ 1 16
+ 1 17
+ 1 18
+ 1 19
+ 1 20
+ 1 21
+ 1 22
+ 1 23
+ 1 24
+ 1 25
+ 1 26
+ 1 27
+ 1 28
+ 1 29
+ 1 30
+ 1 31
+ 1 32
+ 1 33
+ 1 34
+ 1 35
+ 1 36
+ 1 37
+ 1 39
+ 1 40
+ 1 41
+ 1 42
+ 1 43
+ 1 44
+ 1 45
+ 1 46
+ 1 47
+ 1 48
+ 1 49
+ 1 50
+ 1 51
+ 1 52
+ 1 53
+ 1 54
+ 1 55
+ 1 56
+ 1 57
+ 1 58
+ 1 60
+ 1 61
+ 1 62
+ 1 63
+ 1 64
+ 1 65
+ 1 66
+ 1 67
+ 1 68
+ 1 69
+ 1 70
+ 1 71
+ 1 72
+ 1 73
+ 1 74
+ 1 75
+ 1 76
+ 1 77
+ 1 78
+ 1 79
+ 1 80
+ 1 81
+ 1 82
+ 1 83
+ 1 84
+ 1 85
+ 1 86
+ 1 87
+ 1 88
+ 1 89
+ 1 90
+ 1 91
+ 1 92
+ 1 93
+ 1 94
+ 1 95
+ 1 96
+ 1 97
+ 1 98
+ 1 99
+ 1 100
x 2 1
x 3 3
x 4 6
x 5 11
x 6 38
x 7 59
+ 51 52
+ 52 50
+ 53 52
+ 54 50
+ 55 52
+ 56 50
+ 57 52
+ 58 50
+ 59 52
+ 60 50
+ 61 52
+ 62 50
+ 63 52
+ 64 50
+ 65 52
+ 66 50
+ 67 52
+ 68 50
+ 69 52
+ 70 50
+ 71 52
+ 72 50
+ 73 52
+ 74 50
+ 75 52
+ 76 50
+ 77 52
+ 78 50
+ 79 52
+ 80 50
+ 81 52
+ 82 50
+ 83 52
+ 84 50
+ 85 52
+ 86 50
+ 87 52
+ 88 50
+ 89 52
+ 90 50
+ 91 52
+ 92 50
+ 93 52
+ 94 50
+ 95 52
+ 96 50
+ 97 52
+ 98 50
+ 99 52
+ 100 50
Case #98: 161 150
x 1 2
+ 1 3
+ 1 5
+ 1 6
+ 1 8
+ 1 9
+ 1 11
+ 1 12
+ 1 13
+ 1 14
+ 1 18
+ 1 20
+ 1 21
+ 1 22
+ 1 23
+ 1 24
+ 1 26
+ 1 27
+ 1 28
+ 1 29
+ 1 30
+ 1 32
+ 1 33
+ 1 34
+ 1 35
+ 1 36
+ 1 37
+ 1 38
+ 1 39
+ 1 40
+ 1 41
+ 1 42
+ 1 43
+ 1 44
+ 1 45
+ 1 46
+ 1 47
+ 1 48
+ 1 49
+ 1 50
+ 1 51
+ 1 52
+ 1 53
+ 1 54
+ 1 55
+ 1 56
+ 1 57
+ 1 58
+ 1 59
+ 1 60
+ 1 61
+ 1 62
+ 1 63
+ 1 64
+ 1 65
+ 1 66
+ 1 67
+ 1 68
+ 1 69
+ 1 70
+ 1 71
+ 1 72
+ 1 73
+ 1 74
+ 1 75
+ 1 76
+ 1 77
+ 1 78
+ 1 79
+ 1 80
+ 1 81
+ 1 82
+ 1 83
+ 1 84
+ 1 85
+ 1 86
+ 1 87
+ 1 88
+ 1 89
+ 1 90
+ 1 92
+ 1 93
+ 1 94
+ 1 95
+ 1 96
+ 1 97
+ 1 98
+ 1 99
+ 1 100
x 2 1
x 3 4
x 4 7
x 5 10
x 6 15
x 7 16
x 8 17
x 9 19
x 10 25
x 11 31
x 12 91
+ 51 52
+ 52 50
+ 53 52
+ 54 50
+ 55 52
+ 56 50
+ 57 52
+ 58 50
+ 59 52
+ 60 50
+ 61 52
+ 62 50
+ 63 52
+ 64 50
+ 65 52
+ 66 50
+ 67 52
+ 68 50
+ 69 52
+ 70 50
+ 71 52
+ 72 50
+ 73 52
+ 74 50
+ 75 52
+ 76 50
+ 77 52
+ 78 50
+ 79 52
+ 80 50
+ 81 52
+ 82 50
+ 83 52
+ 84 50
+ 85 52
+ 86 50
+ 87 52
+ 88 50
+ 89 52
+ 90 50
+ 91 52
+ 92 50
+ 93 52
+ 94 50
+ 95 52
+ 96 50
+ 97 52
+ 98 50
+ 99 52
+ 100 50
Case #99: 163 150
x 1 2
+ 1 3
+ 1 4
+ 1 7
+ 1 8
+ 1 11
+ 1 12
+ 1 13
+ 1 15
+ 1 16
+ 1 17
+ 1 21
+ 1 23
+ 1 24
+ 1 25
+ 1 26
+ 1 27
+ 1 28
+ 1 29
+ 1 30
+ 1 31
+ 1 32
+ 1 33
+ 1 34
+ 1 35
+ 1 36
+ 1 37
+ 1 38
+ 1 39
+ 1 40
+ 1 41
+ 1 42
+ 1 45
+ 1 46
+ 1 47
+ 1 48
+ 1 49
+ 1 50
+ 1 51
+ 1 52
+ 1 53
+ 1 54
+ 1 55
+ 1 56
+ 1 57
+ 1 58
+ 1 59
+ 1 60
+ 1 61
+ 1 62
+ 1 63
+ 1 64
+ 1 65
+ 1 66
+ 1 67
+ 1 68
+ 1 69
+ 1 70
+ 1 71
+ 1 72
+ 1 73
+ 1 74
+ 1 75
+ 1 76
+ 1 77
+ 1 78
+ 1 79
+ 1 80
+ 1 81
+ 1 82
+ 1 83
+ 1 84
+ 1 85
+ 1 86
+ 1 87
+ 1 88
+ 1 89
+ 1 90
+ 1 91
+ 1 92
+ 1 93
+ 1 95
+ 1 96
+ 1 97
+ 1 98
+ 1 99
+ 1 100
x 2 1
x 3 5
x 4 6
x 5 9
x 6 10
x 7 14
x 8 18
x 9 19
x 10 20
x 11 22
x 12 43
x 13 44
x 14 94
+ 51 52
+ 52 50
+ 53 52
+ 54 50
+ 55 52
+ 56 50
+ 57 52
+ 58 50
+ 59 52
+ 60 50
+ 61 52
+ 62 50
+ 63 52
+ 64 50
+ 65 52
+ 66 50
+ 67 52
+ 68 50
+ 69 52
+ 70 50
+ 71 52
+ 72 50
+ 73 52
+ 74 50
+ 75 52
+ 76 50
+ 77 52
+ 78 50
+ 79 52
+ 80 50
+ 81 52
+ 82 50
+ 83 52
+ 84 50
+ 85 52
+ 86 50
+ 87 52
+ 88 50
+ 89 52
+ 90 50
+ 91 52
+ 92 50
+ 93 52
+ 94 50
+ 95 52
+ 96 50
+ 97 52
+ 98 50
+ 99 52
+ 100 50
Case #100: 98 94
+ 1 1
+ 1 2
+ 1 3
+ 1 4
+ 1 5
+ 1 6
+ 1 7
+ 1 8
+ 1 9
+ 1 10
+ 1 11
+ 1 12
+ 1 13
+ 1 14
+ 1 15
+ 1 16
+ 1 17
+ 1 18
+ 1 19
+ 1 20
+ 1 21
+ 1 22
+ 1 23
+ 1 24
+ 1 25
+ 1 26
+ 1 27
+ 1 28
+ 1 29
+ 1 30
+ 1 31
+ 1 32
+ 1 34
+ 1 35
+ 1 36
+ 1 37
+ 1 38
+ 1 40
+ 1 41
+ 1 42
+ 1 43
+ 1 44
+ 1 45
+ 1 46
+ 1 47
+ 1 49
+ 1 50
+ 1 51
+ 1 52
+ 1 53
+ 1 54
+ 1 55
+ 1 56
+ 1 57
+ 1 58
+ 1 59
+ 1 60
+ 1 62
+ 1 63
x 2 33
x 3 39
+ 3 63
x 4 48
+ 32 30
+ 33 32
+ 35 32
+ 36 32
+ 37 32
+ 38 32
+ 39 32
+ 40 32
+ 41 32
+ 42 32
+ 43 32
+ 44 32
+ 45 32
+ 46 32
+ 47 32
+ 48 32
+ 49 32
+ 50 32
+ 51 32
+ 52 32
+ 53 32
+ 54 32
+ 55 32
+ 56 32
+ 57 32
+ 58 32
+ 59 32
+ 60 32
+ 61 32
+ 62 32
+ 63 32
